<?xml version="1.0" encoding="utf-8"?>
<CoverageSession xmlns:xsd="http://www.w3.org/2001/XMLSchema" xmlns:xsi="http://www.w3.org/2001/XMLSchema-instance" Version="0.0.0.0">
  <Summary numSequencePoints="2259" visitedSequencePoints="1699" numBranchPoints="0" visitedBranchPoints="0" sequenceCoverage="75.21" branchCoverage="0.0" maxCyclomaticComplexity="0" minCyclomaticComplexity="0" maxCrapScore="0" minCrapScore="0" visitedClasses="67" numClasses="91" visitedMethods="179" numMethods="253" />
  <Modules>
    <Module>
      <Summary numSequencePoints="34" visitedSequencePoints="34" numBranchPoints="0" visitedBranchPoints="0" sequenceCoverage="100.0" branchCoverage="0.0" maxCyclomaticComplexity="0" minCyclomaticComplexity="0" maxCrapScore="0" minCrapScore="0" visitedClasses="4" numClasses="4" visitedMethods="5" numMethods="5" />
      <ModuleTime>0001-01-01T00:00:00</ModuleTime>
      <ModuleName>Boxophobic.Utils.Editor</ModuleName>
      <Files>
        <File uid="46" fullPath="C:/GitHub/KiemThuGame/Assets/BOXOPHOBIC/Utils/Editor/StyledMaterial/StyledEmissiveIntensityDrawer.cs" />
        <File uid="47" fullPath="C:/GitHub/KiemThuGame/Assets/BOXOPHOBIC/Utils/Editor/StyledMaterial/StyledOptionsSliderDrawer.cs" />
        <File uid="48" fullPath="C:/GitHub/KiemThuGame/Assets/BOXOPHOBIC/Utils/Editor/StyledMaterial/StyledRemapSliderDrawer.cs" />
        <File uid="49" fullPath="C:/GitHub/KiemThuGame/Assets/BOXOPHOBIC/Utils/Editor/StyledGUI/DrawInspectorBanner.cs" />
        <File uid="50" fullPath="C:/GitHub/KiemThuGame/Assets/BOXOPHOBIC/Utils/Editor/StyledGUI/DrawInspectorCategory.cs" />
        <File uid="51" fullPath="C:/GitHub/KiemThuGame/Assets/BOXOPHOBIC/Utils/Editor/StyledGUI/DrawWindowBanner.cs" />
        <File uid="52" fullPath="C:/GitHub/KiemThuGame/Assets/BOXOPHOBIC/Utils/Editor/StyledGUI/DrawWindowCategory.cs" />
        <File uid="53" fullPath="C:/GitHub/KiemThuGame/Assets/BOXOPHOBIC/Utils/Editor/StyledInspector/StyledBannerDrawer.cs" />
        <File uid="54" fullPath="C:/GitHub/KiemThuGame/Assets/BOXOPHOBIC/Utils/Editor/StyledInspector/StyledButtonDrawer.cs" />
        <File uid="55" fullPath="C:/GitHub/KiemThuGame/Assets/BOXOPHOBIC/Utils/Editor/StyledInspector/StyledCategoryDrawer.cs" />
        <File uid="56" fullPath="C:/GitHub/KiemThuGame/Assets/BOXOPHOBIC/Utils/Editor/StyledInspector/StyledEnumDrawer.cs" />
        <File uid="57" fullPath="C:/GitHub/KiemThuGame/Assets/BOXOPHOBIC/Utils/Editor/StyledInspector/StyledIndentDrawer.cs" />
        <File uid="58" fullPath="C:/GitHub/KiemThuGame/Assets/BOXOPHOBIC/Utils/Editor/StyledInspector/StyledInteractiveDrawer.cs" />
        <File uid="59" fullPath="C:/GitHub/KiemThuGame/Assets/BOXOPHOBIC/Utils/Editor/StyledInspector/StyledLayersDrawer.cs" />
        <File uid="60" fullPath="C:/GitHub/KiemThuGame/Assets/BOXOPHOBIC/Utils/Editor/StyledInspector/StyledMaskDrawer.cs" />
        <File uid="61" fullPath="C:/GitHub/KiemThuGame/Assets/BOXOPHOBIC/Utils/Editor/StyledInspector/StyledMessageDrawer.cs" />
        <File uid="62" fullPath="C:/GitHub/KiemThuGame/Assets/BOXOPHOBIC/Utils/Editor/StyledInspector/StyledRangeOptionsDrawer.cs" />
        <File uid="63" fullPath="C:/GitHub/KiemThuGame/Assets/BOXOPHOBIC/Utils/Editor/StyledInspector/StyledSpaceDrawer.cs" />
        <File uid="64" fullPath="C:/GitHub/KiemThuGame/Assets/BOXOPHOBIC/Utils/Editor/StyledInspector/StyledTextDrawer.cs" />
        <File uid="65" fullPath="C:/GitHub/KiemThuGame/Assets/BOXOPHOBIC/Utils/Editor/StyledInspector/StyledTexturePreviewDrawer.cs" />
        <File uid="66" fullPath="C:/GitHub/KiemThuGame/Assets/BOXOPHOBIC/Utils/Editor/StyledMaterial/StyledBannerDrawer.cs" />
        <File uid="67" fullPath="C:/GitHub/KiemThuGame/Assets/BOXOPHOBIC/Utils/Editor/StyledMaterial/StyledButtonDrawer.cs" />
        <File uid="68" fullPath="C:/GitHub/KiemThuGame/Assets/BOXOPHOBIC/Utils/Editor/StyledMaterial/StyledCategoryDrawer.cs" />
        <File uid="69" fullPath="C:/GitHub/KiemThuGame/Assets/BOXOPHOBIC/Utils/Editor/StyledMaterial/StyledDiffusionMaterialDrawer.cs" />
        <File uid="70" fullPath="C:/GitHub/KiemThuGame/Assets/BOXOPHOBIC/Utils/Editor/StyledMaterial/StyledEnumDrawer.cs" />
        <File uid="71" fullPath="C:/GitHub/KiemThuGame/Assets/BOXOPHOBIC/Utils/Editor/StyledMaterial/StyledIndentDrawer.cs" />
        <File uid="72" fullPath="C:/GitHub/KiemThuGame/Assets/BOXOPHOBIC/Utils/Editor/StyledMaterial/StyledInteractiveDrawer.cs" />
        <File uid="73" fullPath="C:/GitHub/KiemThuGame/Assets/BOXOPHOBIC/Utils/Editor/StyledMaterial/StyledLayersDrawer.cs" />
        <File uid="74" fullPath="C:/GitHub/KiemThuGame/Assets/BOXOPHOBIC/Utils/Editor/StyledMaterial/StyledMaskDrawer.cs" />
        <File uid="75" fullPath="C:/GitHub/KiemThuGame/Assets/BOXOPHOBIC/Utils/Editor/StyledMaterial/StyledMessageDrawer.cs" />
        <File uid="76" fullPath="C:/GitHub/KiemThuGame/Assets/BOXOPHOBIC/Utils/Editor/StyledMaterial/StyledSpaceDrawer.cs" />
        <File uid="77" fullPath="C:/GitHub/KiemThuGame/Assets/BOXOPHOBIC/Utils/Editor/StyledMaterial/StyledTextDrawer.cs" />
        <File uid="78" fullPath="C:/GitHub/KiemThuGame/Assets/BOXOPHOBIC/Utils/Editor/StyledMaterial/StyledTextureDrawer.cs" />
        <File uid="79" fullPath="C:/GitHub/KiemThuGame/Assets/BOXOPHOBIC/Utils/Editor/StyledMaterial/StyledTextureSingleLineDrawer.cs" />
        <File uid="80" fullPath="C:/GitHub/KiemThuGame/Assets/BOXOPHOBIC/Utils/Editor/StyledMaterial/StyledToggleDrawer.cs" />
        <File uid="81" fullPath="C:/GitHub/KiemThuGame/Assets/BOXOPHOBIC/Utils/Editor/StyledMaterial/StyledVectorDrawer.cs" />
        <File uid="82" fullPath="C:/GitHub/KiemThuGame/Assets/BOXOPHOBIC/Utils/Editor/StyledMono/StyledMonoBehaviourEditor.cs" />
        <File uid="83" fullPath="C:/GitHub/KiemThuGame/Assets/BOXOPHOBIC/Utils/Editor/StyledMono/StyledScriptableObjectEditor.cs" />
        <File uid="84" fullPath="C:/GitHub/KiemThuGame/Assets/BOXOPHOBIC/Utils/Editor/SettingsUtils/LoadSettingsData.cs" />
        <File uid="85" fullPath="C:/GitHub/KiemThuGame/Assets/BOXOPHOBIC/Utils/Editor/SettingsUtils/SaveSettingsData.cs" />
        <File uid="86" fullPath="C:/GitHub/KiemThuGame/Assets/BOXOPHOBIC/Utils/Editor/Constants/Constants.cs" />
      </Files>
      <Classes>
        <Class>
          <Summary numSequencePoints="4" visitedSequencePoints="4" numBranchPoints="0" visitedBranchPoints="0" sequenceCoverage="100.0" branchCoverage="0.0" maxCyclomaticComplexity="0" minCyclomaticComplexity="0" maxCrapScore="0" minCrapScore="0" visitedClasses="1" numClasses="1" visitedMethods="1" numMethods="1" />
          <FullName>Boxophobic.StyledGUI.StyledBannerDrawer</FullName>
          <Methods>
            <Method visited="true" cyclomaticComplexity="0" nPathComplexity="0" sequenceCoverage="100.0" branchCoverage="0" crapScore="0" isConstructor="true" isStatic="false" isGetter="false" isSetter="false">
              <Summary numSequencePoints="4" visitedSequencePoints="4" numBranchPoints="0" visitedBranchPoints="0" sequenceCoverage="100.0" branchCoverage="0" maxCyclomaticComplexity="0" minCyclomaticComplexity="0" maxCrapScore="0" minCrapScore="0" visitedClasses="0" numClasses="0" visitedMethods="1" numMethods="1" />
              <MetadataToken>100663366</MetadataToken>
              <Name>Boxophobic.StyledGUI.StyledBannerDrawer::StyledBannerDrawer(System.String)</Name>
              <FileRef uid="66" />
              <SequencePoints>
                <SequencePoint vc="2" uspid="42050" ordinal="0" offset="0" sl="13" sc="9" el="13" ec="9" bec="0" bev="0" fileid="66" />
                <SequencePoint vc="2" uspid="42051" ordinal="0" offset="7" sl="14" sc="9" el="14" ec="9" bec="0" bev="0" fileid="66" />
                <SequencePoint vc="2" uspid="42052" ordinal="0" offset="8" sl="15" sc="13" el="15" ec="13" bec="0" bev="0" fileid="66" />
                <SequencePoint vc="2" uspid="42053" ordinal="0" offset="15" sl="16" sc="9" el="16" ec="9" bec="0" bev="0" fileid="66" />
              </SequencePoints>
              <BranchPoints />
            </Method>
          </Methods>
        </Class>
        <Class>
          <Summary numSequencePoints="16" visitedSequencePoints="16" numBranchPoints="0" visitedBranchPoints="0" sequenceCoverage="100.0" branchCoverage="0.0" maxCyclomaticComplexity="0" minCyclomaticComplexity="0" maxCrapScore="0" minCrapScore="0" visitedClasses="1" numClasses="1" visitedMethods="2" numMethods="2" />
          <FullName>Boxophobic.StyledGUI.StyledCategoryDrawer</FullName>
          <Methods>
            <Method visited="true" cyclomaticComplexity="0" nPathComplexity="0" sequenceCoverage="100.0" branchCoverage="0" crapScore="0" isConstructor="true" isStatic="false" isGetter="false" isSetter="false">
              <Summary numSequencePoints="8" visitedSequencePoints="8" numBranchPoints="0" visitedBranchPoints="0" sequenceCoverage="100.0" branchCoverage="0" maxCyclomaticComplexity="0" minCyclomaticComplexity="0" maxCrapScore="0" minCrapScore="0" visitedClasses="0" numClasses="0" visitedMethods="1" numMethods="1" />
              <MetadataToken>100663374</MetadataToken>
              <Name>Boxophobic.StyledGUI.StyledCategoryDrawer::StyledCategoryDrawer(System.String)</Name>
              <FileRef uid="68" />
              <SequencePoints>
                <SequencePoint vc="4" uspid="42152" ordinal="0" offset="0" sl="15" sc="9" el="15" ec="9" bec="0" bev="0" fileid="68" />
                <SequencePoint vc="4" uspid="42153" ordinal="0" offset="11" sl="17" sc="9" el="17" ec="9" bec="0" bev="0" fileid="68" />
                <SequencePoint vc="4" uspid="42154" ordinal="0" offset="18" sl="18" sc="9" el="18" ec="9" bec="0" bev="0" fileid="68" />
                <SequencePoint vc="4" uspid="42155" ordinal="0" offset="19" sl="19" sc="13" el="19" ec="13" bec="0" bev="0" fileid="68" />
                <SequencePoint vc="4" uspid="42156" ordinal="0" offset="26" sl="20" sc="13" el="20" ec="13" bec="0" bev="0" fileid="68" />
                <SequencePoint vc="4" uspid="42157" ordinal="0" offset="37" sl="21" sc="13" el="21" ec="13" bec="0" bev="0" fileid="68" />
                <SequencePoint vc="4" uspid="42158" ordinal="0" offset="48" sl="22" sc="13" el="22" ec="13" bec="0" bev="0" fileid="68" />
                <SequencePoint vc="4" uspid="42159" ordinal="0" offset="59" sl="23" sc="9" el="23" ec="9" bec="0" bev="0" fileid="68" />
              </SequencePoints>
              <BranchPoints />
            </Method>
            <Method visited="true" cyclomaticComplexity="0" nPathComplexity="0" sequenceCoverage="100.0" branchCoverage="0" crapScore="0" isConstructor="true" isStatic="false" isGetter="false" isSetter="false">
              <Summary numSequencePoints="8" visitedSequencePoints="8" numBranchPoints="0" visitedBranchPoints="0" sequenceCoverage="100.0" branchCoverage="0" maxCyclomaticComplexity="0" minCyclomaticComplexity="0" maxCrapScore="0" minCrapScore="0" visitedClasses="0" numClasses="0" visitedMethods="1" numMethods="1" />
              <MetadataToken>100663376</MetadataToken>
              <Name>Boxophobic.StyledGUI.StyledCategoryDrawer::StyledCategoryDrawer(System.String, System.Single, System.Single)</Name>
              <FileRef uid="68" />
              <SequencePoints>
                <SequencePoint vc="2" uspid="42168" ordinal="0" offset="0" sl="15" sc="9" el="15" ec="9" bec="0" bev="0" fileid="68" />
                <SequencePoint vc="2" uspid="42169" ordinal="0" offset="11" sl="33" sc="9" el="33" ec="9" bec="0" bev="0" fileid="68" />
                <SequencePoint vc="2" uspid="42170" ordinal="0" offset="18" sl="34" sc="9" el="34" ec="9" bec="0" bev="0" fileid="68" />
                <SequencePoint vc="2" uspid="42171" ordinal="0" offset="19" sl="35" sc="13" el="35" ec="13" bec="0" bev="0" fileid="68" />
                <SequencePoint vc="2" uspid="42172" ordinal="0" offset="26" sl="36" sc="13" el="36" ec="13" bec="0" bev="0" fileid="68" />
                <SequencePoint vc="2" uspid="42173" ordinal="0" offset="37" sl="37" sc="13" el="37" ec="13" bec="0" bev="0" fileid="68" />
                <SequencePoint vc="2" uspid="42174" ordinal="0" offset="44" sl="38" sc="13" el="38" ec="13" bec="0" bev="0" fileid="68" />
                <SequencePoint vc="2" uspid="42175" ordinal="0" offset="51" sl="39" sc="9" el="39" ec="9" bec="0" bev="0" fileid="68" />
              </SequencePoints>
              <BranchPoints />
            </Method>
          </Methods>
        </Class>
        <Class>
          <Summary numSequencePoints="9" visitedSequencePoints="9" numBranchPoints="0" visitedBranchPoints="0" sequenceCoverage="100.0" branchCoverage="0.0" maxCyclomaticComplexity="0" minCyclomaticComplexity="0" maxCrapScore="0" minCrapScore="0" visitedClasses="1" numClasses="1" visitedMethods="1" numMethods="1" />
          <FullName>Boxophobic.StyledGUI.StyledMessageDrawer</FullName>
          <Methods>
            <Method visited="true" cyclomaticComplexity="0" nPathComplexity="0" sequenceCoverage="100.0" branchCoverage="0" crapScore="0" isConstructor="true" isStatic="false" isGetter="false" isSetter="false">
              <Summary numSequencePoints="9" visitedSequencePoints="9" numBranchPoints="0" visitedBranchPoints="0" sequenceCoverage="100.0" branchCoverage="0" maxCyclomaticComplexity="0" minCyclomaticComplexity="0" maxCrapScore="0" minCrapScore="0" visitedClasses="0" numClasses="0" visitedMethods="1" numMethods="1" />
              <MetadataToken>100663403</MetadataToken>
              <Name>Boxophobic.StyledGUI.StyledMessageDrawer::StyledMessageDrawer(System.String, System.String, System.String, System.Single, System.Single, System.Single)</Name>
              <FileRef uid="75" />
              <SequencePoints>
                <SequencePoint vc="2" uspid="42453" ordinal="0" offset="0" sl="40" sc="9" el="40" ec="9" bec="0" bev="0" fileid="75" />
                <SequencePoint vc="2" uspid="42454" ordinal="0" offset="7" sl="41" sc="9" el="41" ec="9" bec="0" bev="0" fileid="75" />
                <SequencePoint vc="2" uspid="42455" ordinal="0" offset="8" sl="42" sc="13" el="42" ec="13" bec="0" bev="0" fileid="75" />
                <SequencePoint vc="2" uspid="42456" ordinal="0" offset="15" sl="43" sc="13" el="43" ec="13" bec="0" bev="0" fileid="75" />
                <SequencePoint vc="2" uspid="42457" ordinal="0" offset="22" sl="44" sc="13" el="44" ec="13" bec="0" bev="0" fileid="75" />
                <SequencePoint vc="2" uspid="42458" ordinal="0" offset="29" sl="45" sc="13" el="45" ec="13" bec="0" bev="0" fileid="75" />
                <SequencePoint vc="2" uspid="42459" ordinal="0" offset="37" sl="47" sc="13" el="47" ec="13" bec="0" bev="0" fileid="75" />
                <SequencePoint vc="2" uspid="42460" ordinal="0" offset="45" sl="48" sc="13" el="48" ec="13" bec="0" bev="0" fileid="75" />
                <SequencePoint vc="2" uspid="42461" ordinal="0" offset="53" sl="49" sc="9" el="49" ec="9" bec="0" bev="0" fileid="75" />
              </SequencePoints>
              <BranchPoints />
            </Method>
          </Methods>
        </Class>
        <Class>
          <Summary numSequencePoints="5" visitedSequencePoints="5" numBranchPoints="0" visitedBranchPoints="0" sequenceCoverage="100.0" branchCoverage="0.0" maxCyclomaticComplexity="0" minCyclomaticComplexity="0" maxCrapScore="0" minCrapScore="0" visitedClasses="1" numClasses="1" visitedMethods="1" numMethods="1" />
          <FullName>Boxophobic.StyledGUI.StyledTextureSingleLineDrawer</FullName>
          <Methods>
            <Method visited="true" cyclomaticComplexity="0" nPathComplexity="0" sequenceCoverage="100.0" branchCoverage="0" crapScore="0" isConstructor="true" isStatic="false" isGetter="false" isSetter="false">
              <Summary numSequencePoints="5" visitedSequencePoints="5" numBranchPoints="0" visitedBranchPoints="0" sequenceCoverage="100.0" branchCoverage="0" maxCyclomaticComplexity="0" minCyclomaticComplexity="0" maxCrapScore="0" minCrapScore="0" visitedClasses="0" numClasses="0" visitedMethods="1" numMethods="1" />
              <MetadataToken>100663420</MetadataToken>
              <Name>Boxophobic.StyledGUI.StyledTextureSingleLineDrawer::StyledTextureSingleLineDrawer()</Name>
              <FileRef uid="79" />
              <SequencePoints>
                <SequencePoint vc="3" uspid="42625" ordinal="0" offset="0" sl="13" sc="9" el="13" ec="9" bec="0" bev="0" fileid="79" />
                <SequencePoint vc="3" uspid="42626" ordinal="0" offset="7" sl="14" sc="9" el="14" ec="9" bec="0" bev="0" fileid="79" />
                <SequencePoint vc="3" uspid="42627" ordinal="0" offset="8" sl="15" sc="13" el="15" ec="13" bec="0" bev="0" fileid="79" />
                <SequencePoint vc="3" uspid="42628" ordinal="0" offset="19" sl="16" sc="13" el="16" ec="13" bec="0" bev="0" fileid="79" />
                <SequencePoint vc="3" uspid="42629" ordinal="0" offset="30" sl="17" sc="9" el="17" ec="9" bec="0" bev="0" fileid="79" />
              </SequencePoints>
              <BranchPoints />
            </Method>
          </Methods>
        </Class>
      </Classes>
    </Module>
    <Module>
      <Summary numSequencePoints="981" visitedSequencePoints="826" numBranchPoints="0" visitedBranchPoints="0" sequenceCoverage="84.20" branchCoverage="0.0" maxCyclomaticComplexity="0" minCyclomaticComplexity="0" maxCrapScore="0" minCrapScore="0" visitedClasses="25" numClasses="25" visitedMethods="104" numMethods="104" />
      <ModuleTime>0001-01-01T00:00:00</ModuleTime>
      <ModuleName>GameScripts</ModuleName>
      <Files>
        <File uid="103" fullPath="C:/GitHub/KiemThuGame/Assets/Scripts/AudioManager.cs" />
        <File uid="104" fullPath="C:/GitHub/KiemThuGame/Assets/Scripts/CharacterBox.cs" />
        <File uid="105" fullPath="C:/GitHub/KiemThuGame/Assets/Scripts/Coin.cs" />
        <File uid="106" fullPath="C:/GitHub/KiemThuGame/Assets/Scripts/CoinGenerator.cs" />
        <File uid="107" fullPath="C:/GitHub/KiemThuGame/Assets/Scripts/Enemy.cs" />
        <File uid="108" fullPath="C:/GitHub/KiemThuGame/Assets/Scripts/EnemyCreator.cs" />
        <File uid="109" fullPath="C:/GitHub/KiemThuGame/Assets/Scripts/GameManager.cs" />
        <File uid="110" fullPath="C:/GitHub/KiemThuGame/Assets/Scripts/LedgeDetection.cs" />
        <File uid="111" fullPath="C:/GitHub/KiemThuGame/Assets/Scripts/LevelGenerator.cs" />
        <File uid="112" fullPath="C:/GitHub/KiemThuGame/Assets/Scripts/LimiterGizmos.cs" />
        <File uid="113" fullPath="C:/GitHub/KiemThuGame/Assets/Scripts/MovingTrap.cs" />
        <File uid="114" fullPath="C:/GitHub/KiemThuGame/Assets/Scripts/ParallaxBackground.cs" />
        <File uid="115" fullPath="C:/GitHub/KiemThuGame/Assets/Scripts/PlatformController.cs" />
        <File uid="116" fullPath="C:/GitHub/KiemThuGame/Assets/Scripts/Player.cs" />
        <File uid="117" fullPath="C:/GitHub/KiemThuGame/Assets/Scripts/PlayFabManager.cs" />
        <File uid="118" fullPath="C:/GitHub/KiemThuGame/Assets/Scripts/RainController.cs" />
        <File uid="119" fullPath="C:/GitHub/KiemThuGame/Assets/Scripts/SceneController.cs" />
        <File uid="120" fullPath="C:/GitHub/KiemThuGame/Assets/Scripts/Trap.cs" />
        <File uid="121" fullPath="C:/GitHub/KiemThuGame/Assets/Scripts/Trigger_DeadZone.cs" />
        <File uid="122" fullPath="C:/GitHub/KiemThuGame/Assets/Scripts/UI_ButtonJump.cs" />
        <File uid="123" fullPath="C:/GitHub/KiemThuGame/Assets/Scripts/UI_ButtonSlide.cs" />
        <File uid="124" fullPath="C:/GitHub/KiemThuGame/Assets/Scripts/UI_EndGame.cs" />
        <File uid="125" fullPath="C:/GitHub/KiemThuGame/Assets/Scripts/UI_InGame.cs" />
        <File uid="126" fullPath="C:/GitHub/KiemThuGame/Assets/Scripts/UI_Main.cs" />
        <File uid="127" fullPath="C:/GitHub/KiemThuGame/Assets/Scripts/UI_Shop.cs" />
        <File uid="128" fullPath="C:/GitHub/KiemThuGame/Assets/Scripts/UI_VolumeSlider.cs" />
        <File uid="129" fullPath="C:/GitHub/KiemThuGame/Assets/Scripts/BaseRainScript.cs" />
        <File uid="130" fullPath="C:/GitHub/KiemThuGame/Assets/Scripts/RainScript2D.cs" />
      </Files>
      <Classes>
        <Class>
          <Summary numSequencePoints="36" visitedSequencePoints="36" numBranchPoints="0" visitedBranchPoints="0" sequenceCoverage="100.0" branchCoverage="0.0" maxCyclomaticComplexity="0" minCyclomaticComplexity="0" maxCrapScore="0" minCrapScore="0" visitedClasses="1" numClasses="1" visitedMethods="7" numMethods="7" />
          <FullName>AudioManager</FullName>
          <Methods>
            <Method visited="true" cyclomaticComplexity="0" nPathComplexity="0" sequenceCoverage="100.0" branchCoverage="0" crapScore="0" isConstructor="false" isStatic="false" isGetter="false" isSetter="false">
              <Summary numSequencePoints="1" visitedSequencePoints="1" numBranchPoints="0" visitedBranchPoints="0" sequenceCoverage="100.0" branchCoverage="0" maxCyclomaticComplexity="0" minCyclomaticComplexity="0" maxCrapScore="0" minCrapScore="0" visitedClasses="0" numClasses="0" visitedMethods="1" numMethods="1" />
              <MetadataToken>100663297</MetadataToken>
              <Name>System.Void AudioManager::Awake()</Name>
              <FileRef uid="103" />
              <SequencePoints>
                <SequencePoint vc="26" uspid="43086" ordinal="0" offset="0" sl="12" sc="29" el="12" ec="29" bec="0" bev="0" fileid="103" />
              </SequencePoints>
              <BranchPoints />
            </Method>
            <Method visited="true" cyclomaticComplexity="0" nPathComplexity="0" sequenceCoverage="100.0" branchCoverage="0" crapScore="0" isConstructor="false" isStatic="false" isGetter="false" isSetter="false">
              <Summary numSequencePoints="4" visitedSequencePoints="4" numBranchPoints="0" visitedBranchPoints="0" sequenceCoverage="100.0" branchCoverage="0" maxCyclomaticComplexity="0" minCyclomaticComplexity="0" maxCrapScore="0" minCrapScore="0" visitedClasses="0" numClasses="0" visitedMethods="1" numMethods="1" />
              <MetadataToken>100663298</MetadataToken>
              <Name>System.Void AudioManager::Update()</Name>
              <FileRef uid="103" />
              <SequencePoints>
                <SequencePoint vc="1040" uspid="43087" ordinal="0" offset="0" sl="17" sc="5" el="17" ec="5" bec="0" bev="0" fileid="103" />
                <SequencePoint vc="1040" uspid="43088" ordinal="0" offset="1" sl="18" sc="9" el="18" ec="9" bec="0" bev="0" fileid="103" />
                <SequencePoint vc="107" uspid="43089" ordinal="0" offset="26" sl="19" sc="13" el="19" ec="13" bec="0" bev="0" fileid="103" />
                <SequencePoint vc="1040" uspid="43090" ordinal="0" offset="33" sl="20" sc="5" el="20" ec="5" bec="0" bev="0" fileid="103" />
              </SequencePoints>
              <BranchPoints />
            </Method>
            <Method visited="true" cyclomaticComplexity="0" nPathComplexity="0" sequenceCoverage="100.0" branchCoverage="0" crapScore="0" isConstructor="false" isStatic="false" isGetter="false" isSetter="false">
              <Summary numSequencePoints="4" visitedSequencePoints="4" numBranchPoints="0" visitedBranchPoints="0" sequenceCoverage="100.0" branchCoverage="0" maxCyclomaticComplexity="0" minCyclomaticComplexity="0" maxCrapScore="0" minCrapScore="0" visitedClasses="0" numClasses="0" visitedMethods="1" numMethods="1" />
              <MetadataToken>100663299</MetadataToken>
              <Name>System.Void AudioManager::PlayRandomBGM()</Name>
              <FileRef uid="103" />
              <SequencePoints>
                <SequencePoint vc="108" uspid="43091" ordinal="0" offset="0" sl="22" sc="5" el="22" ec="5" bec="0" bev="0" fileid="103" />
                <SequencePoint vc="108" uspid="43092" ordinal="0" offset="1" sl="23" sc="9" el="23" ec="9" bec="0" bev="0" fileid="103" />
                <SequencePoint vc="108" uspid="43093" ordinal="0" offset="21" sl="25" sc="9" el="25" ec="9" bec="0" bev="0" fileid="103" />
                <SequencePoint vc="108" uspid="43094" ordinal="0" offset="34" sl="26" sc="5" el="26" ec="5" bec="0" bev="0" fileid="103" />
              </SequencePoints>
              <BranchPoints />
            </Method>
            <Method visited="true" cyclomaticComplexity="0" nPathComplexity="0" sequenceCoverage="100.0" branchCoverage="0" crapScore="0" isConstructor="false" isStatic="false" isGetter="false" isSetter="false">
              <Summary numSequencePoints="7" visitedSequencePoints="7" numBranchPoints="0" visitedBranchPoints="0" sequenceCoverage="100.0" branchCoverage="0" maxCyclomaticComplexity="0" minCyclomaticComplexity="0" maxCrapScore="0" minCrapScore="0" visitedClasses="0" numClasses="0" visitedMethods="1" numMethods="1" />
              <MetadataToken>100663300</MetadataToken>
              <Name>System.Void AudioManager::PlaySFX(System.Int32)</Name>
              <FileRef uid="103" />
              <SequencePoints>
                <SequencePoint vc="29" uspid="43095" ordinal="0" offset="0" sl="29" sc="5" el="29" ec="5" bec="0" bev="0" fileid="103" />
                <SequencePoint vc="29" uspid="43096" ordinal="0" offset="1" sl="30" sc="9" el="30" ec="9" bec="0" bev="0" fileid="103" />
                <SequencePoint vc="28" uspid="43097" ordinal="0" offset="16" sl="31" sc="9" el="31" ec="9" bec="0" bev="0" fileid="103" />
                <SequencePoint vc="28" uspid="43098" ordinal="0" offset="17" sl="32" sc="13" el="32" ec="13" bec="0" bev="0" fileid="103" />
                <SequencePoint vc="28" uspid="43099" ordinal="0" offset="46" sl="33" sc="13" el="33" ec="13" bec="0" bev="0" fileid="103" />
                <SequencePoint vc="28" uspid="43100" ordinal="0" offset="60" sl="34" sc="9" el="34" ec="9" bec="0" bev="0" fileid="103" />
                <SequencePoint vc="29" uspid="43101" ordinal="0" offset="61" sl="35" sc="5" el="35" ec="5" bec="0" bev="0" fileid="103" />
              </SequencePoints>
              <BranchPoints />
            </Method>
            <Method visited="true" cyclomaticComplexity="0" nPathComplexity="0" sequenceCoverage="100.0" branchCoverage="0" crapScore="0" isConstructor="false" isStatic="false" isGetter="false" isSetter="false">
              <Summary numSequencePoints="3" visitedSequencePoints="3" numBranchPoints="0" visitedBranchPoints="0" sequenceCoverage="100.0" branchCoverage="0" maxCyclomaticComplexity="0" minCyclomaticComplexity="0" maxCrapScore="0" minCrapScore="0" visitedClasses="0" numClasses="0" visitedMethods="1" numMethods="1" />
              <MetadataToken>100663301</MetadataToken>
              <Name>System.Void AudioManager::StopSFX(System.Int32)</Name>
              <FileRef uid="103" />
              <SequencePoints>
                <SequencePoint vc="1" uspid="43102" ordinal="0" offset="0" sl="38" sc="5" el="38" ec="5" bec="0" bev="0" fileid="103" />
                <SequencePoint vc="1" uspid="43103" ordinal="0" offset="1" sl="39" sc="9" el="39" ec="9" bec="0" bev="0" fileid="103" />
                <SequencePoint vc="1" uspid="43104" ordinal="0" offset="15" sl="40" sc="5" el="40" ec="5" bec="0" bev="0" fileid="103" />
              </SequencePoints>
              <BranchPoints />
            </Method>
            <Method visited="true" cyclomaticComplexity="0" nPathComplexity="0" sequenceCoverage="100.0" branchCoverage="0" crapScore="0" isConstructor="false" isStatic="false" isGetter="false" isSetter="false">
              <Summary numSequencePoints="9" visitedSequencePoints="9" numBranchPoints="0" visitedBranchPoints="0" sequenceCoverage="100.0" branchCoverage="0" maxCyclomaticComplexity="0" minCyclomaticComplexity="0" maxCrapScore="0" minCrapScore="0" visitedClasses="0" numClasses="0" visitedMethods="1" numMethods="1" />
              <MetadataToken>100663302</MetadataToken>
              <Name>System.Void AudioManager::PlayBGM(System.Int32)</Name>
              <FileRef uid="103" />
              <SequencePoints>
                <SequencePoint vc="110" uspid="43105" ordinal="0" offset="0" sl="43" sc="5" el="43" ec="5" bec="0" bev="0" fileid="103" />
                <SequencePoint vc="110" uspid="43106" ordinal="0" offset="1" sl="44" sc="14" el="44" ec="14" bec="0" bev="0" fileid="103" />
                <SequencePoint vc="254" uspid="43107" ordinal="0" offset="5" sl="45" sc="9" el="45" ec="9" bec="0" bev="0" fileid="103" />
                <SequencePoint vc="254" uspid="43108" ordinal="0" offset="6" sl="46" sc="13" el="46" ec="13" bec="0" bev="0" fileid="103" />
                <SequencePoint vc="254" uspid="43109" ordinal="0" offset="20" sl="47" sc="9" el="47" ec="9" bec="0" bev="0" fileid="103" />
                <SequencePoint vc="254" uspid="43110" ordinal="0" offset="21" sl="44" sc="41" el="44" ec="41" bec="0" bev="0" fileid="103" />
                <SequencePoint vc="364" uspid="43111" ordinal="0" offset="25" sl="44" sc="25" el="44" ec="25" bec="0" bev="0" fileid="103" />
                <SequencePoint vc="110" uspid="43112" ordinal="0" offset="40" sl="49" sc="9" el="49" ec="9" bec="0" bev="0" fileid="103" />
                <SequencePoint vc="110" uspid="43113" ordinal="0" offset="54" sl="50" sc="5" el="50" ec="5" bec="0" bev="0" fileid="103" />
              </SequencePoints>
              <BranchPoints />
            </Method>
            <Method visited="true" cyclomaticComplexity="0" nPathComplexity="0" sequenceCoverage="100.0" branchCoverage="0" crapScore="0" isConstructor="false" isStatic="false" isGetter="false" isSetter="false">
              <Summary numSequencePoints="8" visitedSequencePoints="8" numBranchPoints="0" visitedBranchPoints="0" sequenceCoverage="100.0" branchCoverage="0" maxCyclomaticComplexity="0" minCyclomaticComplexity="0" maxCrapScore="0" minCrapScore="0" visitedClasses="0" numClasses="0" visitedMethods="1" numMethods="1" />
              <MetadataToken>100663303</MetadataToken>
              <Name>System.Void AudioManager::StopBGM()</Name>
              <FileRef uid="103" />
              <SequencePoints>
                <SequencePoint vc="1" uspid="43114" ordinal="0" offset="0" sl="53" sc="5" el="53" ec="5" bec="0" bev="0" fileid="103" />
                <SequencePoint vc="1" uspid="43115" ordinal="0" offset="1" sl="54" sc="14" el="54" ec="14" bec="0" bev="0" fileid="103" />
                <SequencePoint vc="3" uspid="43116" ordinal="0" offset="5" sl="55" sc="9" el="55" ec="9" bec="0" bev="0" fileid="103" />
                <SequencePoint vc="3" uspid="43117" ordinal="0" offset="6" sl="56" sc="13" el="56" ec="13" bec="0" bev="0" fileid="103" />
                <SequencePoint vc="3" uspid="43118" ordinal="0" offset="20" sl="57" sc="9" el="57" ec="9" bec="0" bev="0" fileid="103" />
                <SequencePoint vc="3" uspid="43119" ordinal="0" offset="21" sl="54" sc="41" el="54" ec="41" bec="0" bev="0" fileid="103" />
                <SequencePoint vc="4" uspid="43120" ordinal="0" offset="25" sl="54" sc="25" el="54" ec="25" bec="0" bev="0" fileid="103" />
                <SequencePoint vc="1" uspid="43121" ordinal="0" offset="40" sl="58" sc="5" el="58" ec="5" bec="0" bev="0" fileid="103" />
              </SequencePoints>
              <BranchPoints />
            </Method>
          </Methods>
        </Class>
        <Class>
          <Summary numSequencePoints="10" visitedSequencePoints="4" numBranchPoints="0" visitedBranchPoints="0" sequenceCoverage="40.00" branchCoverage="0.0" maxCyclomaticComplexity="0" minCyclomaticComplexity="0" maxCrapScore="0" minCrapScore="0" visitedClasses="1" numClasses="1" visitedMethods="1" numMethods="1" />
          <FullName>Coin</FullName>
          <Methods>
            <Method visited="true" cyclomaticComplexity="0" nPathComplexity="0" sequenceCoverage="40.00" branchCoverage="0" crapScore="0" isConstructor="false" isStatic="false" isGetter="false" isSetter="false">
              <Summary numSequencePoints="10" visitedSequencePoints="4" numBranchPoints="0" visitedBranchPoints="0" sequenceCoverage="40.00" branchCoverage="0" maxCyclomaticComplexity="0" minCyclomaticComplexity="0" maxCrapScore="0" minCrapScore="0" visitedClasses="0" numClasses="0" visitedMethods="1" numMethods="1" />
              <MetadataToken>100663308</MetadataToken>
              <Name>System.Void Coin::OnTriggerEnter2D(UnityEngine.Collider2D)</Name>
              <FileRef uid="105" />
              <SequencePoints>
                <SequencePoint vc="3285" uspid="43126" ordinal="0" offset="0" sl="8" sc="5" el="8" ec="5" bec="0" bev="0" fileid="105" />
                <SequencePoint vc="3285" uspid="43127" ordinal="0" offset="1" sl="9" sc="9" el="9" ec="9" bec="0" bev="0" fileid="105" />
                <SequencePoint vc="0" uspid="43128" ordinal="0" offset="17" sl="10" sc="13" el="10" ec="13" bec="0" bev="0" fileid="105" />
                <SequencePoint vc="3285" uspid="43129" ordinal="0" offset="29" sl="13" sc="9" el="13" ec="9" bec="0" bev="0" fileid="105" />
                <SequencePoint vc="0" uspid="43130" ordinal="0" offset="45" sl="14" sc="9" el="14" ec="9" bec="0" bev="0" fileid="105" />
                <SequencePoint vc="0" uspid="43131" ordinal="0" offset="46" sl="15" sc="13" el="15" ec="13" bec="0" bev="0" fileid="105" />
                <SequencePoint vc="0" uspid="43132" ordinal="0" offset="58" sl="16" sc="13" el="16" ec="13" bec="0" bev="0" fileid="105" />
                <SequencePoint vc="0" uspid="43133" ordinal="0" offset="76" sl="17" sc="13" el="17" ec="13" bec="0" bev="0" fileid="105" />
                <SequencePoint vc="0" uspid="43134" ordinal="0" offset="88" sl="18" sc="9" el="18" ec="9" bec="0" bev="0" fileid="105" />
                <SequencePoint vc="3285" uspid="43135" ordinal="0" offset="89" sl="19" sc="5" el="19" ec="5" bec="0" bev="0" fileid="105" />
              </SequencePoints>
              <BranchPoints />
            </Method>
          </Methods>
        </Class>
        <Class>
          <Summary numSequencePoints="17" visitedSequencePoints="17" numBranchPoints="0" visitedBranchPoints="0" sequenceCoverage="100.0" branchCoverage="0.0" maxCyclomaticComplexity="0" minCyclomaticComplexity="0" maxCrapScore="0" minCrapScore="0" visitedClasses="1" numClasses="1" visitedMethods="1" numMethods="1" />
          <FullName>CoinGenerator</FullName>
          <Methods>
            <Method visited="true" cyclomaticComplexity="0" nPathComplexity="0" sequenceCoverage="100.0" branchCoverage="0" crapScore="0" isConstructor="false" isStatic="false" isGetter="false" isSetter="false">
              <Summary numSequencePoints="17" visitedSequencePoints="17" numBranchPoints="0" visitedBranchPoints="0" sequenceCoverage="100.0" branchCoverage="0" maxCyclomaticComplexity="0" minCyclomaticComplexity="0" maxCrapScore="0" minCrapScore="0" visitedClasses="0" numClasses="0" visitedMethods="1" numMethods="1" />
              <MetadataToken>100663310</MetadataToken>
              <Name>System.Void CoinGenerator::Start()</Name>
              <FileRef uid="106" />
              <SequencePoints>
                <SequencePoint vc="48" uspid="43136" ordinal="0" offset="0" sl="15" sc="5" el="15" ec="5" bec="0" bev="0" fileid="106" />
                <SequencePoint vc="48" uspid="43137" ordinal="0" offset="1" sl="16" sc="14" el="16" ec="14" bec="0" bev="0" fileid="106" />
                <SequencePoint vc="240" uspid="43138" ordinal="0" offset="5" sl="17" sc="9" el="17" ec="9" bec="0" bev="0" fileid="106" />
                <SequencePoint vc="240" uspid="43139" ordinal="0" offset="6" sl="18" sc="13" el="18" ec="13" bec="0" bev="0" fileid="106" />
                <SequencePoint vc="240" uspid="43140" ordinal="0" offset="21" sl="19" sc="9" el="19" ec="9" bec="0" bev="0" fileid="106" />
                <SequencePoint vc="240" uspid="43141" ordinal="0" offset="22" sl="16" sc="45" el="16" ec="45" bec="0" bev="0" fileid="106" />
                <SequencePoint vc="288" uspid="43142" ordinal="0" offset="26" sl="16" sc="25" el="16" ec="25" bec="0" bev="0" fileid="106" />
                <SequencePoint vc="48" uspid="43143" ordinal="0" offset="41" sl="21" sc="9" el="21" ec="9" bec="0" bev="0" fileid="106" />
                <SequencePoint vc="48" uspid="43144" ordinal="0" offset="64" sl="22" sc="9" el="22" ec="9" bec="0" bev="0" fileid="106" />
                <SequencePoint vc="48" uspid="43145" ordinal="0" offset="73" sl="24" sc="14" el="24" ec="14" bec="0" bev="0" fileid="106" />
                <SequencePoint vc="277" uspid="43146" ordinal="0" offset="77" sl="25" sc="9" el="25" ec="9" bec="0" bev="0" fileid="106" />
                <SequencePoint vc="277" uspid="43147" ordinal="0" offset="78" sl="26" sc="13" el="26" ec="13" bec="0" bev="0" fileid="106" />
                <SequencePoint vc="277" uspid="43148" ordinal="0" offset="99" sl="27" sc="13" el="27" ec="13" bec="0" bev="0" fileid="106" />
                <SequencePoint vc="277" uspid="43149" ordinal="0" offset="140" sl="28" sc="9" el="28" ec="9" bec="0" bev="0" fileid="106" />
                <SequencePoint vc="277" uspid="43150" ordinal="0" offset="141" sl="24" sc="44" el="24" ec="44" bec="0" bev="0" fileid="106" />
                <SequencePoint vc="325" uspid="43151" ordinal="0" offset="145" sl="24" sc="25" el="24" ec="25" bec="0" bev="0" fileid="106" />
                <SequencePoint vc="48" uspid="43152" ordinal="0" offset="160" sl="29" sc="5" el="29" ec="5" bec="0" bev="0" fileid="106" />
              </SequencePoints>
              <BranchPoints />
            </Method>
          </Methods>
        </Class>
        <Class>
          <Summary numSequencePoints="40" visitedSequencePoints="40" numBranchPoints="0" visitedBranchPoints="0" sequenceCoverage="100.0" branchCoverage="0.0" maxCyclomaticComplexity="0" minCyclomaticComplexity="0" maxCrapScore="0" minCrapScore="0" visitedClasses="1" numClasses="1" visitedMethods="7" numMethods="7" />
          <FullName>Enemy</FullName>
          <Methods>
            <Method visited="true" cyclomaticComplexity="0" nPathComplexity="0" sequenceCoverage="100.0" branchCoverage="0" crapScore="0" isConstructor="false" isStatic="false" isGetter="false" isSetter="false">
              <Summary numSequencePoints="4" visitedSequencePoints="4" numBranchPoints="0" visitedBranchPoints="0" sequenceCoverage="100.0" branchCoverage="0" maxCyclomaticComplexity="0" minCyclomaticComplexity="0" maxCrapScore="0" minCrapScore="0" visitedClasses="0" numClasses="0" visitedMethods="1" numMethods="1" />
              <MetadataToken>100663314</MetadataToken>
              <Name>System.Void Enemy::Jump()</Name>
              <FileRef uid="107" />
              <SequencePoints>
                <SequencePoint vc="2" uspid="43182" ordinal="0" offset="0" sl="94" sc="5" el="94" ec="5" bec="0" bev="0" fileid="107" />
                <SequencePoint vc="2" uspid="43183" ordinal="0" offset="1" sl="95" sc="9" el="95" ec="9" bec="0" bev="0" fileid="107" />
                <SequencePoint vc="1" uspid="43184" ordinal="0" offset="11" sl="96" sc="13" el="96" ec="13" bec="0" bev="0" fileid="107" />
                <SequencePoint vc="2" uspid="43185" ordinal="0" offset="50" sl="97" sc="5" el="97" ec="5" bec="0" bev="0" fileid="107" />
              </SequencePoints>
              <BranchPoints />
            </Method>
            <Method visited="true" cyclomaticComplexity="0" nPathComplexity="0" sequenceCoverage="100.0" branchCoverage="0" crapScore="0" isConstructor="false" isStatic="false" isGetter="false" isSetter="false">
              <Summary numSequencePoints="15" visitedSequencePoints="15" numBranchPoints="0" visitedBranchPoints="0" sequenceCoverage="100.0" branchCoverage="0" maxCyclomaticComplexity="0" minCyclomaticComplexity="0" maxCrapScore="0" minCrapScore="0" visitedClasses="0" numClasses="0" visitedMethods="1" numMethods="1" />
              <MetadataToken>100663315</MetadataToken>
              <Name>System.Void Enemy::SpeedController()</Name>
              <FileRef uid="107" />
              <SequencePoints>
                <SequencePoint vc="4" uspid="43186" ordinal="0" offset="0" sl="100" sc="5" el="100" ec="5" bec="0" bev="0" fileid="107" />
                <SequencePoint vc="4" uspid="43187" ordinal="0" offset="1" sl="101" sc="9" el="101" ec="9" bec="0" bev="0" fileid="107" />
                <SequencePoint vc="4" uspid="43188" ordinal="0" offset="41" sl="102" sc="9" el="102" ec="9" bec="0" bev="0" fileid="107" />
                <SequencePoint vc="4" uspid="43189" ordinal="0" offset="91" sl="104" sc="9" el="104" ec="9" bec="0" bev="0" fileid="107" />
                <SequencePoint vc="2" uspid="43190" ordinal="0" offset="96" sl="105" sc="9" el="105" ec="9" bec="0" bev="0" fileid="107" />
                <SequencePoint vc="2" uspid="43191" ordinal="0" offset="97" sl="106" sc="13" el="106" ec="13" bec="0" bev="0" fileid="107" />
                <SequencePoint vc="1" uspid="43192" ordinal="0" offset="102" sl="107" sc="17" el="107" ec="17" bec="0" bev="0" fileid="107" />
                <SequencePoint vc="1" uspid="43193" ordinal="0" offset="115" sl="109" sc="17" el="109" ec="17" bec="0" bev="0" fileid="107" />
                <SequencePoint vc="2" uspid="43194" ordinal="0" offset="126" sl="110" sc="9" el="110" ec="9" bec="0" bev="0" fileid="107" />
                <SequencePoint vc="2" uspid="43195" ordinal="0" offset="129" sl="112" sc="9" el="112" ec="9" bec="0" bev="0" fileid="107" />
                <SequencePoint vc="2" uspid="43196" ordinal="0" offset="130" sl="113" sc="13" el="113" ec="13" bec="0" bev="0" fileid="107" />
                <SequencePoint vc="1" uspid="43197" ordinal="0" offset="137" sl="114" sc="17" el="114" ec="17" bec="0" bev="0" fileid="107" />
                <SequencePoint vc="1" uspid="43198" ordinal="0" offset="150" sl="116" sc="17" el="116" ec="17" bec="0" bev="0" fileid="107" />
                <SequencePoint vc="2" uspid="43199" ordinal="0" offset="161" sl="117" sc="9" el="117" ec="9" bec="0" bev="0" fileid="107" />
                <SequencePoint vc="4" uspid="43200" ordinal="0" offset="162" sl="119" sc="5" el="119" ec="5" bec="0" bev="0" fileid="107" />
              </SequencePoints>
              <BranchPoints />
            </Method>
            <Method visited="true" cyclomaticComplexity="0" nPathComplexity="0" sequenceCoverage="100.0" branchCoverage="0" crapScore="0" isConstructor="false" isStatic="false" isGetter="false" isSetter="false">
              <Summary numSequencePoints="7" visitedSequencePoints="7" numBranchPoints="0" visitedBranchPoints="0" sequenceCoverage="100.0" branchCoverage="0" maxCyclomaticComplexity="0" minCyclomaticComplexity="0" maxCrapScore="0" minCrapScore="0" visitedClasses="0" numClasses="0" visitedMethods="1" numMethods="1" />
              <MetadataToken>100663316</MetadataToken>
              <Name>System.Void Enemy::Movement()</Name>
              <FileRef uid="107" />
              <SequencePoints>
                <SequencePoint vc="3" uspid="43201" ordinal="0" offset="0" sl="122" sc="5" el="122" ec="5" bec="0" bev="0" fileid="107" />
                <SequencePoint vc="3" uspid="43202" ordinal="0" offset="1" sl="123" sc="9" el="123" ec="9" bec="0" bev="0" fileid="107" />
                <SequencePoint vc="1" uspid="43203" ordinal="0" offset="11" sl="124" sc="13" el="124" ec="13" bec="0" bev="0" fileid="107" />
                <SequencePoint vc="2" uspid="43204" ordinal="0" offset="13" sl="126" sc="9" el="126" ec="9" bec="0" bev="0" fileid="107" />
                <SequencePoint vc="1" uspid="43205" ordinal="0" offset="23" sl="127" sc="13" el="127" ec="13" bec="0" bev="0" fileid="107" />
                <SequencePoint vc="1" uspid="43206" ordinal="0" offset="64" sl="129" sc="13" el="129" ec="13" bec="0" bev="0" fileid="107" />
                <SequencePoint vc="3" uspid="43207" ordinal="0" offset="102" sl="130" sc="5" el="130" ec="5" bec="0" bev="0" fileid="107" />
              </SequencePoints>
              <BranchPoints />
            </Method>
            <Method visited="true" cyclomaticComplexity="0" nPathComplexity="0" sequenceCoverage="100.0" branchCoverage="0" crapScore="0" isConstructor="false" isStatic="false" isGetter="false" isSetter="false">
              <Summary numSequencePoints="6" visitedSequencePoints="6" numBranchPoints="0" visitedBranchPoints="0" sequenceCoverage="100.0" branchCoverage="0" maxCyclomaticComplexity="0" minCyclomaticComplexity="0" maxCrapScore="0" minCrapScore="0" visitedClasses="0" numClasses="0" visitedMethods="1" numMethods="1" />
              <MetadataToken>100663318</MetadataToken>
              <Name>System.Void Enemy::LedgeClimbOver()</Name>
              <FileRef uid="107" />
              <SequencePoints>
                <SequencePoint vc="1" uspid="43221" ordinal="0" offset="0" sl="154" sc="5" el="154" ec="5" bec="0" bev="0" fileid="107" />
                <SequencePoint vc="1" uspid="43222" ordinal="0" offset="1" sl="156" sc="9" el="156" ec="9" bec="0" bev="0" fileid="107" />
                <SequencePoint vc="1" uspid="43223" ordinal="0" offset="8" sl="157" sc="9" el="157" ec="9" bec="0" bev="0" fileid="107" />
                <SequencePoint vc="1" uspid="43224" ordinal="0" offset="25" sl="158" sc="9" el="158" ec="9" bec="0" bev="0" fileid="107" />
                <SequencePoint vc="1" uspid="43225" ordinal="0" offset="48" sl="159" sc="9" el="159" ec="9" bec="0" bev="0" fileid="107" />
                <SequencePoint vc="1" uspid="43226" ordinal="0" offset="65" sl="160" sc="5" el="160" ec="5" bec="0" bev="0" fileid="107" />
              </SequencePoints>
              <BranchPoints />
            </Method>
            <Method visited="true" cyclomaticComplexity="0" nPathComplexity="0" sequenceCoverage="100.0" branchCoverage="0" crapScore="0" isConstructor="false" isStatic="false" isGetter="false" isSetter="false">
              <Summary numSequencePoints="1" visitedSequencePoints="1" numBranchPoints="0" visitedBranchPoints="0" sequenceCoverage="100.0" branchCoverage="0" maxCyclomaticComplexity="0" minCyclomaticComplexity="0" maxCrapScore="0" minCrapScore="0" visitedClasses="0" numClasses="0" visitedMethods="1" numMethods="1" />
              <MetadataToken>100663319</MetadataToken>
              <Name>System.Void Enemy::AllowLedgeGrab()</Name>
              <FileRef uid="107" />
              <SequencePoints>
                <SequencePoint vc="1" uspid="43227" ordinal="0" offset="0" sl="162" sc="38" el="162" ec="38" bec="0" bev="0" fileid="107" />
              </SequencePoints>
              <BranchPoints />
            </Method>
            <Method visited="true" cyclomaticComplexity="0" nPathComplexity="0" sequenceCoverage="100.0" branchCoverage="0" crapScore="0" isConstructor="false" isStatic="false" isGetter="false" isSetter="false">
              <Summary numSequencePoints="5" visitedSequencePoints="5" numBranchPoints="0" visitedBranchPoints="0" sequenceCoverage="100.0" branchCoverage="0" maxCyclomaticComplexity="0" minCyclomaticComplexity="0" maxCrapScore="0" minCrapScore="0" visitedClasses="0" numClasses="0" visitedMethods="1" numMethods="1" />
              <MetadataToken>100663321</MetadataToken>
              <Name>System.Void Enemy::AnimatatinTrigger()</Name>
              <FileRef uid="107" />
              <SequencePoints>
                <SequencePoint vc="1" uspid="43235" ordinal="0" offset="0" sl="177" sc="5" el="177" ec="5" bec="0" bev="0" fileid="107" />
                <SequencePoint vc="1" uspid="43236" ordinal="0" offset="1" sl="178" sc="9" el="178" ec="9" bec="0" bev="0" fileid="107" />
                <SequencePoint vc="1" uspid="43237" ordinal="0" offset="19" sl="179" sc="9" el="179" ec="9" bec="0" bev="0" fileid="107" />
                <SequencePoint vc="1" uspid="43238" ordinal="0" offset="26" sl="180" sc="9" el="180" ec="9" bec="0" bev="0" fileid="107" />
                <SequencePoint vc="1" uspid="43239" ordinal="0" offset="33" sl="181" sc="5" el="181" ec="5" bec="0" bev="0" fileid="107" />
              </SequencePoints>
              <BranchPoints />
            </Method>
            <Method visited="true" cyclomaticComplexity="0" nPathComplexity="0" sequenceCoverage="100.0" branchCoverage="0" crapScore="0" isConstructor="true" isStatic="false" isGetter="false" isSetter="false">
              <Summary numSequencePoints="2" visitedSequencePoints="2" numBranchPoints="0" visitedBranchPoints="0" sequenceCoverage="100.0" branchCoverage="0" maxCyclomaticComplexity="0" minCyclomaticComplexity="0" maxCrapScore="0" minCrapScore="0" visitedClasses="0" numClasses="0" visitedMethods="1" numMethods="1" />
              <MetadataToken>100663324</MetadataToken>
              <Name>Enemy::Enemy()</Name>
              <FileRef uid="107" />
              <SequencePoints>
                <SequencePoint vc="13" uspid="43252" ordinal="0" offset="0" sl="42" sc="5" el="42" ec="5" bec="0" bev="0" fileid="107" />
                <SequencePoint vc="13" uspid="43253" ordinal="0" offset="7" sl="45" sc="5" el="45" ec="5" bec="0" bev="0" fileid="107" />
              </SequencePoints>
              <BranchPoints />
            </Method>
          </Methods>
        </Class>
        <Class>
          <Summary numSequencePoints="10" visitedSequencePoints="3" numBranchPoints="0" visitedBranchPoints="0" sequenceCoverage="30.00" branchCoverage="0.0" maxCyclomaticComplexity="0" minCyclomaticComplexity="0" maxCrapScore="0" minCrapScore="0" visitedClasses="1" numClasses="1" visitedMethods="1" numMethods="1" />
          <FullName>EnemyCreator</FullName>
          <Methods>
            <Method visited="true" cyclomaticComplexity="0" nPathComplexity="0" sequenceCoverage="30.00" branchCoverage="0" crapScore="0" isConstructor="false" isStatic="false" isGetter="false" isSetter="false">
              <Summary numSequencePoints="10" visitedSequencePoints="3" numBranchPoints="0" visitedBranchPoints="0" sequenceCoverage="30.00" branchCoverage="0" maxCyclomaticComplexity="0" minCyclomaticComplexity="0" maxCrapScore="0" minCrapScore="0" visitedClasses="0" numClasses="0" visitedMethods="1" numMethods="1" />
              <MetadataToken>100663325</MetadataToken>
              <Name>System.Void EnemyCreator::OnTriggerEnter2D(UnityEngine.Collider2D)</Name>
              <FileRef uid="108" />
              <SequencePoints>
                <SequencePoint vc="53" uspid="43254" ordinal="0" offset="0" sl="12" sc="5" el="12" ec="5" bec="0" bev="0" fileid="108" />
                <SequencePoint vc="53" uspid="43255" ordinal="0" offset="1" sl="13" sc="9" el="13" ec="9" bec="0" bev="0" fileid="108" />
                <SequencePoint vc="0" uspid="43256" ordinal="0" offset="17" sl="14" sc="9" el="14" ec="9" bec="0" bev="0" fileid="108" />
                <SequencePoint vc="0" uspid="43257" ordinal="0" offset="18" sl="16" sc="13" el="16" ec="13" bec="0" bev="0" fileid="108" />
                <SequencePoint vc="0" uspid="43258" ordinal="0" offset="42" sl="17" sc="13" el="17" ec="13" bec="0" bev="0" fileid="108" />
                <SequencePoint vc="0" uspid="43259" ordinal="0" offset="43" sl="18" sc="17" el="18" ec="17" bec="0" bev="0" fileid="108" />
                <SequencePoint vc="0" uspid="43260" ordinal="0" offset="71" sl="19" sc="17" el="19" ec="17" bec="0" bev="0" fileid="108" />
                <SequencePoint vc="0" uspid="43261" ordinal="0" offset="83" sl="20" sc="13" el="20" ec="13" bec="0" bev="0" fileid="108" />
                <SequencePoint vc="0" uspid="43262" ordinal="0" offset="84" sl="22" sc="9" el="22" ec="9" bec="0" bev="0" fileid="108" />
                <SequencePoint vc="53" uspid="43263" ordinal="0" offset="85" sl="23" sc="5" el="23" ec="5" bec="0" bev="0" fileid="108" />
              </SequencePoints>
              <BranchPoints />
            </Method>
          </Methods>
        </Class>
        <Class>
          <Summary numSequencePoints="43" visitedSequencePoints="41" numBranchPoints="0" visitedBranchPoints="0" sequenceCoverage="95.35" branchCoverage="0.0" maxCyclomaticComplexity="0" minCyclomaticComplexity="0" maxCrapScore="0" minCrapScore="0" visitedClasses="1" numClasses="1" visitedMethods="9" numMethods="9" />
          <FullName>GameManager</FullName>
          <Methods>
            <Method visited="true" cyclomaticComplexity="0" nPathComplexity="0" sequenceCoverage="100.0" branchCoverage="0" crapScore="0" isConstructor="false" isStatic="false" isGetter="false" isSetter="false">
              <Summary numSequencePoints="6" visitedSequencePoints="6" numBranchPoints="0" visitedBranchPoints="0" sequenceCoverage="100.0" branchCoverage="0" maxCyclomaticComplexity="0" minCyclomaticComplexity="0" maxCrapScore="0" minCrapScore="0" visitedClasses="0" numClasses="0" visitedMethods="1" numMethods="1" />
              <MetadataToken>100663327</MetadataToken>
              <Name>System.Void GameManager::Awake()</Name>
              <FileRef uid="109" />
              <SequencePoints>
                <SequencePoint vc="16" uspid="43264" ordinal="0" offset="0" sl="28" sc="5" el="28" ec="5" bec="0" bev="0" fileid="109" />
                <SequencePoint vc="16" uspid="43265" ordinal="0" offset="1" sl="29" sc="9" el="29" ec="9" bec="0" bev="0" fileid="109" />
                <SequencePoint vc="16" uspid="43266" ordinal="0" offset="7" sl="30" sc="9" el="30" ec="9" bec="0" bev="0" fileid="109" />
                <SequencePoint vc="16" uspid="43267" ordinal="0" offset="18" sl="32" sc="9" el="32" ec="9" bec="0" bev="0" fileid="109" />
                <SequencePoint vc="16" uspid="43268" ordinal="0" offset="35" sl="34" sc="9" el="34" ec="9" bec="0" bev="0" fileid="109" />
                <SequencePoint vc="16" uspid="43269" ordinal="0" offset="42" sl="35" sc="5" el="35" ec="5" bec="0" bev="0" fileid="109" />
              </SequencePoints>
              <BranchPoints />
            </Method>
            <Method visited="true" cyclomaticComplexity="0" nPathComplexity="0" sequenceCoverage="100.0" branchCoverage="0" crapScore="0" isConstructor="false" isStatic="false" isGetter="false" isSetter="false">
              <Summary numSequencePoints="4" visitedSequencePoints="4" numBranchPoints="0" visitedBranchPoints="0" sequenceCoverage="100.0" branchCoverage="0" maxCyclomaticComplexity="0" minCyclomaticComplexity="0" maxCrapScore="0" minCrapScore="0" visitedClasses="0" numClasses="0" visitedMethods="1" numMethods="1" />
              <MetadataToken>100663328</MetadataToken>
              <Name>System.Void GameManager::Start()</Name>
              <FileRef uid="109" />
              <SequencePoints>
                <SequencePoint vc="16" uspid="43270" ordinal="0" offset="0" sl="39" sc="5" el="39" ec="5" bec="0" bev="0" fileid="109" />
                <SequencePoint vc="16" uspid="43271" ordinal="0" offset="1" sl="40" sc="9" el="40" ec="9" bec="0" bev="0" fileid="109" />
                <SequencePoint vc="16" uspid="43272" ordinal="0" offset="8" sl="41" sc="9" el="41" ec="9" bec="0" bev="0" fileid="109" />
                <SequencePoint vc="16" uspid="43273" ordinal="0" offset="16" sl="42" sc="5" el="42" ec="5" bec="0" bev="0" fileid="109" />
              </SequencePoints>
              <BranchPoints />
            </Method>
            <Method visited="true" cyclomaticComplexity="0" nPathComplexity="0" sequenceCoverage="100.0" branchCoverage="0" crapScore="0" isConstructor="false" isStatic="false" isGetter="false" isSetter="false">
              <Summary numSequencePoints="6" visitedSequencePoints="6" numBranchPoints="0" visitedBranchPoints="0" sequenceCoverage="100.0" branchCoverage="0" maxCyclomaticComplexity="0" minCyclomaticComplexity="0" maxCrapScore="0" minCrapScore="0" visitedClasses="0" numClasses="0" visitedMethods="1" numMethods="1" />
              <MetadataToken>100663329</MetadataToken>
              <Name>System.Void GameManager::SetupSkyBox(System.Int32)</Name>
              <FileRef uid="109" />
              <SequencePoints>
                <SequencePoint vc="19" uspid="43274" ordinal="0" offset="0" sl="45" sc="5" el="45" ec="5" bec="0" bev="0" fileid="109" />
                <SequencePoint vc="19" uspid="43275" ordinal="0" offset="1" sl="46" sc="9" el="46" ec="9" bec="0" bev="0" fileid="109" />
                <SequencePoint vc="17" uspid="43276" ordinal="0" offset="12" sl="47" sc="13" el="47" ec="13" bec="0" bev="0" fileid="109" />
                <SequencePoint vc="2" uspid="43277" ordinal="0" offset="28" sl="49" sc="13" el="49" ec="13" bec="0" bev="0" fileid="109" />
                <SequencePoint vc="19" uspid="43278" ordinal="0" offset="55" sl="51" sc="9" el="51" ec="9" bec="0" bev="0" fileid="109" />
                <SequencePoint vc="19" uspid="43279" ordinal="0" offset="67" sl="52" sc="5" el="52" ec="5" bec="0" bev="0" fileid="109" />
              </SequencePoints>
              <BranchPoints />
            </Method>
            <Method visited="true" cyclomaticComplexity="0" nPathComplexity="0" sequenceCoverage="100.0" branchCoverage="0" crapScore="0" isConstructor="false" isStatic="false" isGetter="false" isSetter="false">
              <Summary numSequencePoints="5" visitedSequencePoints="5" numBranchPoints="0" visitedBranchPoints="0" sequenceCoverage="100.0" branchCoverage="0" maxCyclomaticComplexity="0" minCyclomaticComplexity="0" maxCrapScore="0" minCrapScore="0" visitedClasses="0" numClasses="0" visitedMethods="1" numMethods="1" />
              <MetadataToken>100663330</MetadataToken>
              <Name>System.Void GameManager::SaveColor(System.Single, System.Single, System.Single)</Name>
              <FileRef uid="109" />
              <SequencePoints>
                <SequencePoint vc="1" uspid="43280" ordinal="0" offset="0" sl="55" sc="5" el="55" ec="5" bec="0" bev="0" fileid="109" />
                <SequencePoint vc="1" uspid="43281" ordinal="0" offset="1" sl="56" sc="9" el="56" ec="9" bec="0" bev="0" fileid="109" />
                <SequencePoint vc="1" uspid="43282" ordinal="0" offset="13" sl="57" sc="9" el="57" ec="9" bec="0" bev="0" fileid="109" />
                <SequencePoint vc="1" uspid="43283" ordinal="0" offset="25" sl="58" sc="9" el="58" ec="9" bec="0" bev="0" fileid="109" />
                <SequencePoint vc="1" uspid="43284" ordinal="0" offset="37" sl="59" sc="5" el="59" ec="5" bec="0" bev="0" fileid="109" />
              </SequencePoints>
              <BranchPoints />
            </Method>
            <Method visited="true" cyclomaticComplexity="0" nPathComplexity="0" sequenceCoverage="100.0" branchCoverage="0" crapScore="0" isConstructor="false" isStatic="false" isGetter="false" isSetter="false">
              <Summary numSequencePoints="5" visitedSequencePoints="5" numBranchPoints="0" visitedBranchPoints="0" sequenceCoverage="100.0" branchCoverage="0" maxCyclomaticComplexity="0" minCyclomaticComplexity="0" maxCrapScore="0" minCrapScore="0" visitedClasses="0" numClasses="0" visitedMethods="1" numMethods="1" />
              <MetadataToken>100663331</MetadataToken>
              <Name>System.Void GameManager::LoadColor()</Name>
              <FileRef uid="109" />
              <SequencePoints>
                <SequencePoint vc="16" uspid="43285" ordinal="0" offset="0" sl="62" sc="5" el="62" ec="5" bec="0" bev="0" fileid="109" />
                <SequencePoint vc="16" uspid="43286" ordinal="0" offset="1" sl="63" sc="9" el="63" ec="9" bec="0" bev="0" fileid="109" />
                <SequencePoint vc="16" uspid="43287" ordinal="0" offset="13" sl="65" sc="9" el="65" ec="9" bec="0" bev="0" fileid="109" />
                <SequencePoint vc="16" uspid="43288" ordinal="0" offset="65" sl="70" sc="9" el="70" ec="9" bec="0" bev="0" fileid="109" />
                <SequencePoint vc="16" uspid="43289" ordinal="0" offset="73" sl="71" sc="5" el="71" ec="5" bec="0" bev="0" fileid="109" />
              </SequencePoints>
              <BranchPoints />
            </Method>
            <Method visited="true" cyclomaticComplexity="0" nPathComplexity="0" sequenceCoverage="75.00" branchCoverage="0" crapScore="0" isConstructor="false" isStatic="false" isGetter="false" isSetter="false">
              <Summary numSequencePoints="4" visitedSequencePoints="3" numBranchPoints="0" visitedBranchPoints="0" sequenceCoverage="75.00" branchCoverage="0" maxCyclomaticComplexity="0" minCyclomaticComplexity="0" maxCrapScore="0" minCrapScore="0" visitedClasses="0" numClasses="0" visitedMethods="1" numMethods="1" />
              <MetadataToken>100663332</MetadataToken>
              <Name>System.Void GameManager::Update()</Name>
              <FileRef uid="109" />
              <SequencePoints>
                <SequencePoint vc="949" uspid="43290" ordinal="0" offset="0" sl="74" sc="5" el="74" ec="5" bec="0" bev="0" fileid="109" />
                <SequencePoint vc="949" uspid="43291" ordinal="0" offset="1" sl="75" sc="9" el="75" ec="9" bec="0" bev="0" fileid="109" />
                <SequencePoint vc="0" uspid="43292" ordinal="0" offset="34" sl="76" sc="13" el="76" ec="13" bec="0" bev="0" fileid="109" />
                <SequencePoint vc="949" uspid="43293" ordinal="0" offset="61" sl="77" sc="5" el="77" ec="5" bec="0" bev="0" fileid="109" />
              </SequencePoints>
              <BranchPoints />
            </Method>
            <Method visited="true" cyclomaticComplexity="0" nPathComplexity="0" sequenceCoverage="100.0" branchCoverage="0" crapScore="0" isConstructor="false" isStatic="false" isGetter="false" isSetter="false">
              <Summary numSequencePoints="1" visitedSequencePoints="1" numBranchPoints="0" visitedBranchPoints="0" sequenceCoverage="100.0" branchCoverage="0" maxCyclomaticComplexity="0" minCyclomaticComplexity="0" maxCrapScore="0" minCrapScore="0" visitedClasses="0" numClasses="0" visitedMethods="1" numMethods="1" />
              <MetadataToken>100663333</MetadataToken>
              <Name>System.Void GameManager::UnlockPlayer()</Name>
              <FileRef uid="109" />
              <SequencePoints>
                <SequencePoint vc="2" uspid="43294" ordinal="0" offset="0" sl="78" sc="35" el="78" ec="35" bec="0" bev="0" fileid="109" />
              </SequencePoints>
              <BranchPoints />
            </Method>
            <Method visited="true" cyclomaticComplexity="0" nPathComplexity="0" sequenceCoverage="87.50" branchCoverage="0" crapScore="0" isConstructor="false" isStatic="false" isGetter="false" isSetter="false">
              <Summary numSequencePoints="8" visitedSequencePoints="7" numBranchPoints="0" visitedBranchPoints="0" sequenceCoverage="87.50" branchCoverage="0" maxCyclomaticComplexity="0" minCyclomaticComplexity="0" maxCrapScore="0" minCrapScore="0" visitedClasses="0" numClasses="0" visitedMethods="1" numMethods="1" />
              <MetadataToken>100663335</MetadataToken>
              <Name>System.Void GameManager::SaveInfo()</Name>
              <FileRef uid="109" />
              <SequencePoints>
                <SequencePoint vc="1" uspid="43299" ordinal="0" offset="0" sl="86" sc="5" el="86" ec="5" bec="0" bev="0" fileid="109" />
                <SequencePoint vc="1" uspid="43300" ordinal="0" offset="1" sl="87" sc="9" el="87" ec="9" bec="0" bev="0" fileid="109" />
                <SequencePoint vc="1" uspid="43301" ordinal="0" offset="12" sl="89" sc="9" el="89" ec="9" bec="0" bev="0" fileid="109" />
                <SequencePoint vc="1" uspid="43302" ordinal="0" offset="31" sl="91" sc="9" el="91" ec="9" bec="0" bev="0" fileid="109" />
                <SequencePoint vc="1" uspid="43303" ordinal="0" offset="51" sl="93" sc="9" el="93" ec="9" bec="0" bev="0" fileid="109" />
                <SequencePoint vc="1" uspid="43304" ordinal="0" offset="68" sl="95" sc="9" el="95" ec="9" bec="0" bev="0" fileid="109" />
                <SequencePoint vc="0" uspid="43305" ordinal="0" offset="90" sl="96" sc="13" el="96" ec="13" bec="0" bev="0" fileid="109" />
                <SequencePoint vc="1" uspid="43306" ordinal="0" offset="107" sl="97" sc="5" el="97" ec="5" bec="0" bev="0" fileid="109" />
              </SequencePoints>
              <BranchPoints />
            </Method>
            <Method visited="true" cyclomaticComplexity="0" nPathComplexity="0" sequenceCoverage="100.0" branchCoverage="0" crapScore="0" isConstructor="false" isStatic="false" isGetter="false" isSetter="false">
              <Summary numSequencePoints="4" visitedSequencePoints="4" numBranchPoints="0" visitedBranchPoints="0" sequenceCoverage="100.0" branchCoverage="0" maxCyclomaticComplexity="0" minCyclomaticComplexity="0" maxCrapScore="0" minCrapScore="0" visitedClasses="0" numClasses="0" visitedMethods="1" numMethods="1" />
              <MetadataToken>100663336</MetadataToken>
              <Name>System.Void GameManager::GameEnded()</Name>
              <FileRef uid="109" />
              <SequencePoints>
                <SequencePoint vc="1" uspid="43307" ordinal="0" offset="0" sl="100" sc="5" el="100" ec="5" bec="0" bev="0" fileid="109" />
                <SequencePoint vc="1" uspid="43308" ordinal="0" offset="1" sl="101" sc="9" el="101" ec="9" bec="0" bev="0" fileid="109" />
                <SequencePoint vc="1" uspid="43309" ordinal="0" offset="8" sl="102" sc="9" el="102" ec="9" bec="0" bev="0" fileid="109" />
                <SequencePoint vc="1" uspid="43310" ordinal="0" offset="20" sl="103" sc="5" el="103" ec="5" bec="0" bev="0" fileid="109" />
              </SequencePoints>
              <BranchPoints />
            </Method>
          </Methods>
        </Class>
        <Class>
          <Summary numSequencePoints="25" visitedSequencePoints="23" numBranchPoints="0" visitedBranchPoints="0" sequenceCoverage="92.00" branchCoverage="0.0" maxCyclomaticComplexity="0" minCyclomaticComplexity="0" maxCrapScore="0" minCrapScore="0" visitedClasses="1" numClasses="1" visitedMethods="5" numMethods="5" />
          <FullName>LedgeDetection</FullName>
          <Methods>
            <Method visited="true" cyclomaticComplexity="0" nPathComplexity="0" sequenceCoverage="100.0" branchCoverage="0" crapScore="0" isConstructor="false" isStatic="false" isGetter="true" isSetter="false">
              <Summary numSequencePoints="1" visitedSequencePoints="1" numBranchPoints="0" visitedBranchPoints="0" sequenceCoverage="100.0" branchCoverage="0" maxCyclomaticComplexity="0" minCyclomaticComplexity="0" maxCrapScore="0" minCrapScore="0" visitedClasses="0" numClasses="0" visitedMethods="1" numMethods="1" />
              <MetadataToken>100663338</MetadataToken>
              <Name>UnityEngine.BoxCollider2D LedgeDetection::get_boxCd()</Name>
              <FileRef uid="110" />
              <SequencePoints>
                <SequencePoint vc="42" uspid="43311" ordinal="0" offset="0" sl="17" sc="28" el="17" ec="28" bec="0" bev="0" fileid="110" />
              </SequencePoints>
              <BranchPoints />
            </Method>
            <Method visited="true" cyclomaticComplexity="0" nPathComplexity="0" sequenceCoverage="83.33" branchCoverage="0" crapScore="0" isConstructor="false" isStatic="false" isGetter="false" isSetter="false">
              <Summary numSequencePoints="6" visitedSequencePoints="5" numBranchPoints="0" visitedBranchPoints="0" sequenceCoverage="83.33" branchCoverage="0" maxCyclomaticComplexity="0" minCyclomaticComplexity="0" maxCrapScore="0" minCrapScore="0" visitedClasses="0" numClasses="0" visitedMethods="1" numMethods="1" />
              <MetadataToken>100663339</MetadataToken>
              <Name>System.Void LedgeDetection::Update()</Name>
              <FileRef uid="110" />
              <SequencePoints>
                <SequencePoint vc="949" uspid="43312" ordinal="0" offset="0" sl="20" sc="5" el="20" ec="5" bec="0" bev="0" fileid="110" />
                <SequencePoint vc="949" uspid="43313" ordinal="0" offset="1" sl="21" sc="9" el="21" ec="9" bec="0" bev="0" fileid="110" />
                <SequencePoint vc="949" uspid="43314" ordinal="0" offset="28" sl="22" sc="13" el="22" ec="13" bec="0" bev="0" fileid="110" />
                <SequencePoint vc="949" uspid="43315" ordinal="0" offset="82" sl="24" sc="9" el="24" ec="9" bec="0" bev="0" fileid="110" />
                <SequencePoint vc="0" uspid="43316" ordinal="0" offset="109" sl="25" sc="13" el="25" ec="13" bec="0" bev="0" fileid="110" />
                <SequencePoint vc="949" uspid="43317" ordinal="0" offset="163" sl="26" sc="5" el="26" ec="5" bec="0" bev="0" fileid="110" />
              </SequencePoints>
              <BranchPoints />
            </Method>
            <Method visited="true" cyclomaticComplexity="0" nPathComplexity="0" sequenceCoverage="100.0" branchCoverage="0" crapScore="0" isConstructor="false" isStatic="false" isGetter="false" isSetter="false">
              <Summary numSequencePoints="4" visitedSequencePoints="4" numBranchPoints="0" visitedBranchPoints="0" sequenceCoverage="100.0" branchCoverage="0" maxCyclomaticComplexity="0" minCyclomaticComplexity="0" maxCrapScore="0" minCrapScore="0" visitedClasses="0" numClasses="0" visitedMethods="1" numMethods="1" />
              <MetadataToken>100663340</MetadataToken>
              <Name>System.Void LedgeDetection::OnTriggerEnter2D(UnityEngine.Collider2D)</Name>
              <FileRef uid="110" />
              <SequencePoints>
                <SequencePoint vc="23" uspid="43318" ordinal="0" offset="0" sl="29" sc="5" el="29" ec="5" bec="0" bev="0" fileid="110" />
                <SequencePoint vc="23" uspid="43319" ordinal="0" offset="1" sl="30" sc="9" el="30" ec="9" bec="0" bev="0" fileid="110" />
                <SequencePoint vc="1" uspid="43320" ordinal="0" offset="28" sl="31" sc="13" el="31" ec="13" bec="0" bev="0" fileid="110" />
                <SequencePoint vc="23" uspid="43321" ordinal="0" offset="35" sl="32" sc="5" el="32" ec="5" bec="0" bev="0" fileid="110" />
              </SequencePoints>
              <BranchPoints />
            </Method>
            <Method visited="true" cyclomaticComplexity="0" nPathComplexity="0" sequenceCoverage="92.31" branchCoverage="0" crapScore="0" isConstructor="false" isStatic="false" isGetter="false" isSetter="false">
              <Summary numSequencePoints="13" visitedSequencePoints="12" numBranchPoints="0" visitedBranchPoints="0" sequenceCoverage="92.31" branchCoverage="0" maxCyclomaticComplexity="0" minCyclomaticComplexity="0" maxCrapScore="0" minCrapScore="0" visitedClasses="0" numClasses="0" visitedMethods="1" numMethods="1" />
              <MetadataToken>100663341</MetadataToken>
              <Name>System.Void LedgeDetection::OnTriggerExit2D(UnityEngine.Collider2D)</Name>
              <FileRef uid="110" />
              <SequencePoints>
                <SequencePoint vc="21" uspid="43322" ordinal="0" offset="0" sl="35" sc="5" el="35" ec="5" bec="0" bev="0" fileid="110" />
                <SequencePoint vc="21" uspid="43323" ordinal="0" offset="1" sl="36" sc="9" el="36" ec="9" bec="0" bev="0" fileid="110" />
                <SequencePoint vc="21" uspid="43324" ordinal="0" offset="47" sl="38" sc="9" el="38" ec="9" bec="0" bev="0" fileid="110" />
                <SequencePoint vc="21" uspid="43325" ordinal="0" offset="48" sl="38" sc="29" el="38" ec="29" bec="0" bev="0" fileid="110" />
                <SequencePoint vc="34" uspid="43326" ordinal="0" offset="54" sl="38" sc="18" el="38" ec="18" bec="0" bev="0" fileid="110" />
                <SequencePoint vc="34" uspid="43327" ordinal="0" offset="59" sl="39" sc="9" el="39" ec="9" bec="0" bev="0" fileid="110" />
                <SequencePoint vc="34" uspid="43328" ordinal="0" offset="60" sl="40" sc="13" el="40" ec="13" bec="0" bev="0" fileid="110" />
                <SequencePoint vc="0" uspid="43329" ordinal="0" offset="84" sl="41" sc="17" el="41" ec="17" bec="0" bev="0" fileid="110" />
                <SequencePoint vc="34" uspid="43330" ordinal="0" offset="86" sl="42" sc="9" el="42" ec="9" bec="0" bev="0" fileid="110" />
                <SequencePoint vc="55" uspid="43331" ordinal="0" offset="91" sl="38" sc="26" el="38" ec="26" bec="0" bev="0" fileid="110" />
                <SequencePoint vc="21" uspid="43332" ordinal="0" offset="97" sl="44" sc="9" el="44" ec="9" bec="0" bev="0" fileid="110" />
                <SequencePoint vc="1" uspid="43333" ordinal="0" offset="126" sl="45" sc="13" el="45" ec="13" bec="0" bev="0" fileid="110" />
                <SequencePoint vc="21" uspid="43334" ordinal="0" offset="133" sl="46" sc="5" el="46" ec="5" bec="0" bev="0" fileid="110" />
              </SequencePoints>
              <BranchPoints />
            </Method>
            <Method visited="true" cyclomaticComplexity="0" nPathComplexity="0" sequenceCoverage="100.0" branchCoverage="0" crapScore="0" isConstructor="true" isStatic="false" isGetter="false" isSetter="false">
              <Summary numSequencePoints="1" visitedSequencePoints="1" numBranchPoints="0" visitedBranchPoints="0" sequenceCoverage="100.0" branchCoverage="0" maxCyclomaticComplexity="0" minCyclomaticComplexity="0" maxCrapScore="0" minCrapScore="0" visitedClasses="0" numClasses="0" visitedMethods="1" numMethods="1" />
              <MetadataToken>100663343</MetadataToken>
              <Name>LedgeDetection::LedgeDetection()</Name>
              <FileRef uid="110" />
              <SequencePoints>
                <SequencePoint vc="20" uspid="43338" ordinal="0" offset="0" sl="15" sc="5" el="15" ec="5" bec="0" bev="0" fileid="110" />
              </SequencePoints>
              <BranchPoints />
            </Method>
          </Methods>
        </Class>
        <Class>
          <Summary numSequencePoints="21" visitedSequencePoints="20" numBranchPoints="0" visitedBranchPoints="0" sequenceCoverage="95.24" branchCoverage="0.0" maxCyclomaticComplexity="0" minCyclomaticComplexity="0" maxCrapScore="0" minCrapScore="0" visitedClasses="1" numClasses="1" visitedMethods="3" numMethods="3" />
          <FullName>LevelGenerator</FullName>
          <Methods>
            <Method visited="true" cyclomaticComplexity="0" nPathComplexity="0" sequenceCoverage="100.0" branchCoverage="0" crapScore="0" isConstructor="false" isStatic="false" isGetter="false" isSetter="false">
              <Summary numSequencePoints="4" visitedSequencePoints="4" numBranchPoints="0" visitedBranchPoints="0" sequenceCoverage="100.0" branchCoverage="0" maxCyclomaticComplexity="0" minCyclomaticComplexity="0" maxCrapScore="0" minCrapScore="0" visitedClasses="0" numClasses="0" visitedMethods="1" numMethods="1" />
              <MetadataToken>100663344</MetadataToken>
              <Name>System.Void LevelGenerator::Update()</Name>
              <FileRef uid="111" />
              <SequencePoints>
                <SequencePoint vc="949" uspid="43339" ordinal="0" offset="0" sl="15" sc="5" el="15" ec="5" bec="0" bev="0" fileid="111" />
                <SequencePoint vc="949" uspid="43340" ordinal="0" offset="1" sl="16" sc="9" el="16" ec="9" bec="0" bev="0" fileid="111" />
                <SequencePoint vc="949" uspid="43341" ordinal="0" offset="8" sl="17" sc="9" el="17" ec="9" bec="0" bev="0" fileid="111" />
                <SequencePoint vc="949" uspid="43342" ordinal="0" offset="15" sl="18" sc="5" el="18" ec="5" bec="0" bev="0" fileid="111" />
              </SequencePoints>
              <BranchPoints />
            </Method>
            <Method visited="true" cyclomaticComplexity="0" nPathComplexity="0" sequenceCoverage="100.0" branchCoverage="0" crapScore="0" isConstructor="false" isStatic="false" isGetter="false" isSetter="false">
              <Summary numSequencePoints="9" visitedSequencePoints="9" numBranchPoints="0" visitedBranchPoints="0" sequenceCoverage="100.0" branchCoverage="0" maxCyclomaticComplexity="0" minCyclomaticComplexity="0" maxCrapScore="0" minCrapScore="0" visitedClasses="0" numClasses="0" visitedMethods="1" numMethods="1" />
              <MetadataToken>100663345</MetadataToken>
              <Name>System.Void LevelGenerator::GeneratePlatform()</Name>
              <FileRef uid="111" />
              <SequencePoints>
                <SequencePoint vc="949" uspid="43343" ordinal="0" offset="0" sl="21" sc="5" el="21" ec="5" bec="0" bev="0" fileid="111" />
                <SequencePoint vc="16" uspid="43344" ordinal="0" offset="3" sl="23" sc="9" el="23" ec="9" bec="0" bev="0" fileid="111" />
                <SequencePoint vc="16" uspid="43345" ordinal="0" offset="4" sl="24" sc="13" el="24" ec="13" bec="0" bev="0" fileid="111" />
                <SequencePoint vc="16" uspid="43346" ordinal="0" offset="26" sl="27" sc="13" el="27" ec="13" bec="0" bev="0" fileid="111" />
                <SequencePoint vc="16" uspid="43347" ordinal="0" offset="71" sl="29" sc="13" el="29" ec="13" bec="0" bev="0" fileid="111" />
                <SequencePoint vc="16" uspid="43348" ordinal="0" offset="101" sl="31" sc="13" el="31" ec="13" bec="0" bev="0" fileid="111" />
                <SequencePoint vc="16" uspid="43349" ordinal="0" offset="123" sl="33" sc="9" el="33" ec="9" bec="0" bev="0" fileid="111" />
                <SequencePoint vc="965" uspid="43350" ordinal="0" offset="124" sl="22" sc="9" el="22" ec="9" bec="0" bev="0" fileid="111" />
                <SequencePoint vc="949" uspid="43351" ordinal="0" offset="176" sl="34" sc="5" el="34" ec="5" bec="0" bev="0" fileid="111" />
              </SequencePoints>
              <BranchPoints />
            </Method>
            <Method visited="true" cyclomaticComplexity="0" nPathComplexity="0" sequenceCoverage="87.50" branchCoverage="0" crapScore="0" isConstructor="false" isStatic="false" isGetter="false" isSetter="false">
              <Summary numSequencePoints="8" visitedSequencePoints="7" numBranchPoints="0" visitedBranchPoints="0" sequenceCoverage="87.50" branchCoverage="0" maxCyclomaticComplexity="0" minCyclomaticComplexity="0" maxCrapScore="0" minCrapScore="0" visitedClasses="0" numClasses="0" visitedMethods="1" numMethods="1" />
              <MetadataToken>100663346</MetadataToken>
              <Name>System.Void LevelGenerator::DeletePlatform()</Name>
              <FileRef uid="111" />
              <SequencePoints>
                <SequencePoint vc="949" uspid="43352" ordinal="0" offset="0" sl="37" sc="5" el="37" ec="5" bec="0" bev="0" fileid="111" />
                <SequencePoint vc="949" uspid="43353" ordinal="0" offset="1" sl="38" sc="9" el="38" ec="9" bec="0" bev="0" fileid="111" />
                <SequencePoint vc="933" uspid="43354" ordinal="0" offset="19" sl="39" sc="9" el="39" ec="9" bec="0" bev="0" fileid="111" />
                <SequencePoint vc="933" uspid="43355" ordinal="0" offset="20" sl="40" sc="13" el="40" ec="13" bec="0" bev="0" fileid="111" />
                <SequencePoint vc="933" uspid="43356" ordinal="0" offset="33" sl="42" sc="13" el="42" ec="13" bec="0" bev="0" fileid="111" />
                <SequencePoint vc="0" uspid="43357" ordinal="0" offset="87" sl="43" sc="17" el="43" ec="17" bec="0" bev="0" fileid="111" />
                <SequencePoint vc="933" uspid="43358" ordinal="0" offset="99" sl="45" sc="9" el="45" ec="9" bec="0" bev="0" fileid="111" />
                <SequencePoint vc="949" uspid="43359" ordinal="0" offset="100" sl="46" sc="5" el="46" ec="5" bec="0" bev="0" fileid="111" />
              </SequencePoints>
              <BranchPoints />
            </Method>
          </Methods>
        </Class>
        <Class>
          <Summary numSequencePoints="16" visitedSequencePoints="16" numBranchPoints="0" visitedBranchPoints="0" sequenceCoverage="100.0" branchCoverage="0.0" maxCyclomaticComplexity="0" minCyclomaticComplexity="0" maxCrapScore="0" minCrapScore="0" visitedClasses="1" numClasses="1" visitedMethods="2" numMethods="2" />
          <FullName>MovingTrap</FullName>
          <Methods>
            <Method visited="true" cyclomaticComplexity="0" nPathComplexity="0" sequenceCoverage="100.0" branchCoverage="0" crapScore="0" isConstructor="false" isStatic="false" isGetter="false" isSetter="false">
[...]
                <SequencePoint vc="1" uspid="76173" ordinal="0" offset="145" sl="888" sc="9" el="888" ec="9" bec="0" bev="0" fileid="206" />
                <SequencePoint vc="1" uspid="76174" ordinal="0" offset="168" sl="890" sc="9" el="890" ec="9" bec="0" bev="0" fileid="206" />
                <SequencePoint vc="1" uspid="76175" ordinal="0" offset="184" sl="891" sc="9" el="891" ec="9" bec="0" bev="0" fileid="206" />
                <SequencePoint vc="1" uspid="76176" ordinal="0" offset="217" sl="893" sc="5" el="893" ec="5" bec="0" bev="0" fileid="206" />
              </SequencePoints>
              <BranchPoints />
            </Method>
          </Methods>
        </Class>
        <Class>
          <Summary numSequencePoints="20" visitedSequencePoints="20" numBranchPoints="0" visitedBranchPoints="0" sequenceCoverage="100.0" branchCoverage="0.0" maxCyclomaticComplexity="0" minCyclomaticComplexity="0" maxCrapScore="0" minCrapScore="0" visitedClasses="1" numClasses="1" visitedMethods="1" numMethods="1" />
          <FullName>CoverageBoostTests/&lt;UIShop_PurchaseColor_NotEnoughMoney&gt;d__53</FullName>
          <Methods>
            <Method visited="true" cyclomaticComplexity="0" nPathComplexity="0" sequenceCoverage="100.0" branchCoverage="0" crapScore="0" isConstructor="false" isStatic="false" isGetter="false" isSetter="false">
              <Summary numSequencePoints="20" visitedSequencePoints="20" numBranchPoints="0" visitedBranchPoints="0" sequenceCoverage="100.0" branchCoverage="0" maxCyclomaticComplexity="0" minCyclomaticComplexity="0" maxCrapScore="0" minCrapScore="0" visitedClasses="0" numClasses="0" visitedMethods="1" numMethods="1" />
              <MetadataToken>100663820</MetadataToken>
              <Name>System.Boolean CoverageBoostTests/&lt;UIShop_PurchaseColor_NotEnoughMoney&gt;d__53::MoveNext()</Name>
              <FileRef uid="206" />
              <SequencePoints>
                <SequencePoint vc="1" uspid="76177" ordinal="0" offset="51" sl="1043" sc="5" el="1043" ec="5" bec="0" bev="0" fileid="206" />
                <SequencePoint vc="1" uspid="76178" ordinal="0" offset="52" sl="1044" sc="9" el="1044" ec="9" bec="0" bev="0" fileid="206" />
                <SequencePoint vc="1" uspid="76179" ordinal="0" offset="80" sl="1045" sc="9" el="1045" ec="9" bec="0" bev="0" fileid="206" />
                <SequencePoint vc="1" uspid="76180" ordinal="0" offset="112" sl="1047" sc="9" el="1047" ec="9" bec="0" bev="0" fileid="206" />
                <SequencePoint vc="1" uspid="76181" ordinal="0" offset="128" sl="1048" sc="9" el="1048" ec="9" bec="0" bev="0" fileid="206" />
                <SequencePoint vc="1" uspid="76182" ordinal="0" offset="144" sl="1049" sc="9" el="1049" ec="9" bec="0" bev="0" fileid="206" />
                <SequencePoint vc="1" uspid="76183" ordinal="0" offset="160" sl="1051" sc="9" el="1051" ec="9" bec="0" bev="0" fileid="206" />
                <SequencePoint vc="1" uspid="76184" ordinal="0" offset="177" sl="1052" sc="9" el="1052" ec="9" bec="0" bev="0" fileid="206" />
                <SequencePoint vc="1" uspid="76185" ordinal="0" offset="194" sl="1054" sc="9" el="1054" ec="9" bec="0" bev="0" fileid="206" />
                <SequencePoint vc="1" uspid="76186" ordinal="0" offset="211" sl="1055" sc="9" el="1055" ec="9" bec="0" bev="0" fileid="206" />
                <SequencePoint vc="1" uspid="76187" ordinal="0" offset="240" sl="1056" sc="9" el="1056" ec="9" bec="0" bev="0" fileid="206" />
                <SequencePoint vc="1" uspid="76188" ordinal="0" offset="269" sl="1058" sc="9" el="1058" ec="9" bec="0" bev="0" fileid="206" />
                <SequencePoint vc="1" uspid="76189" ordinal="0" offset="281" sl="1060" sc="9" el="1060" ec="9" bec="0" bev="0" fileid="206" />
                <SequencePoint vc="1" uspid="76190" ordinal="0" offset="301" sl="1061" sc="9" el="1061" ec="9" bec="0" bev="0" fileid="206" />
                <SequencePoint vc="1" uspid="76191" ordinal="0" offset="324" sl="1063" sc="9" el="1063" ec="9" bec="0" bev="0" fileid="206" />
                <SequencePoint vc="1" uspid="76192" ordinal="0" offset="356" sl="1066" sc="9" el="1066" ec="9" bec="0" bev="0" fileid="206" />
                <SequencePoint vc="1" uspid="76193" ordinal="0" offset="367" sl="1067" sc="9" el="1067" ec="9" bec="0" bev="0" fileid="206" />
                <SequencePoint vc="1" uspid="76194" ordinal="0" offset="379" sl="1068" sc="9" el="1068" ec="9" bec="0" bev="0" fileid="206" />
                <SequencePoint vc="1" uspid="76195" ordinal="0" offset="391" sl="1069" sc="9" el="1069" ec="9" bec="0" bev="0" fileid="206" />
                <SequencePoint vc="1" uspid="76196" ordinal="0" offset="403" sl="1070" sc="5" el="1070" ec="5" bec="0" bev="0" fileid="206" />
              </SequencePoints>
              <BranchPoints />
            </Method>
          </Methods>
        </Class>
        <Class>
          <Summary numSequencePoints="26" visitedSequencePoints="26" numBranchPoints="0" visitedBranchPoints="0" sequenceCoverage="100.0" branchCoverage="0.0" maxCyclomaticComplexity="0" minCyclomaticComplexity="0" maxCrapScore="0" minCrapScore="0" visitedClasses="1" numClasses="1" visitedMethods="1" numMethods="1" />
          <FullName>CoverageBoostTests/&lt;UIShop_PurchaseColor_Platform_SetsColor&gt;d__51</FullName>
          <Methods>
            <Method visited="true" cyclomaticComplexity="0" nPathComplexity="0" sequenceCoverage="100.0" branchCoverage="0" crapScore="0" isConstructor="false" isStatic="false" isGetter="false" isSetter="false">
              <Summary numSequencePoints="26" visitedSequencePoints="26" numBranchPoints="0" visitedBranchPoints="0" sequenceCoverage="100.0" branchCoverage="0" maxCyclomaticComplexity="0" minCyclomaticComplexity="0" maxCrapScore="0" minCrapScore="0" visitedClasses="0" numClasses="0" visitedMethods="1" numMethods="1" />
              <MetadataToken>100663826</MetadataToken>
              <Name>System.Boolean CoverageBoostTests/&lt;UIShop_PurchaseColor_Platform_SetsColor&gt;d__51::MoveNext()</Name>
              <FileRef uid="206" />
              <SequencePoints>
                <SequencePoint vc="1" uspid="76197" ordinal="0" offset="51" sl="964" sc="5" el="964" ec="5" bec="0" bev="0" fileid="206" />
                <SequencePoint vc="1" uspid="76198" ordinal="0" offset="52" sl="965" sc="9" el="965" ec="9" bec="0" bev="0" fileid="206" />
                <SequencePoint vc="1" uspid="76199" ordinal="0" offset="80" sl="966" sc="9" el="966" ec="9" bec="0" bev="0" fileid="206" />
                <SequencePoint vc="1" uspid="76200" ordinal="0" offset="112" sl="968" sc="9" el="968" ec="9" bec="0" bev="0" fileid="206" />
                <SequencePoint vc="1" uspid="76201" ordinal="0" offset="128" sl="969" sc="9" el="969" ec="9" bec="0" bev="0" fileid="206" />
                <SequencePoint vc="1" uspid="76202" ordinal="0" offset="144" sl="970" sc="9" el="970" ec="9" bec="0" bev="0" fileid="206" />
                <SequencePoint vc="1" uspid="76203" ordinal="0" offset="160" sl="971" sc="9" el="971" ec="9" bec="0" bev="0" fileid="206" />
                <SequencePoint vc="1" uspid="76204" ordinal="0" offset="176" sl="973" sc="9" el="973" ec="9" bec="0" bev="0" fileid="206" />
                <SequencePoint vc="1" uspid="76205" ordinal="0" offset="193" sl="974" sc="9" el="974" ec="9" bec="0" bev="0" fileid="206" />
                <SequencePoint vc="1" uspid="76206" ordinal="0" offset="210" sl="975" sc="9" el="975" ec="9" bec="0" bev="0" fileid="206" />
                <SequencePoint vc="1" uspid="76207" ordinal="0" offset="227" sl="977" sc="9" el="977" ec="9" bec="0" bev="0" fileid="206" />
                <SequencePoint vc="1" uspid="76208" ordinal="0" offset="244" sl="978" sc="9" el="978" ec="9" bec="0" bev="0" fileid="206" />
                <SequencePoint vc="1" uspid="76209" ordinal="0" offset="273" sl="979" sc="9" el="979" ec="9" bec="0" bev="0" fileid="206" />
                <SequencePoint vc="1" uspid="76210" ordinal="0" offset="302" sl="980" sc="9" el="980" ec="9" bec="0" bev="0" fileid="206" />
                <SequencePoint vc="1" uspid="76211" ordinal="0" offset="331" sl="982" sc="9" el="982" ec="9" bec="0" bev="0" fileid="206" />
                <SequencePoint vc="1" uspid="76212" ordinal="0" offset="347" sl="983" sc="9" el="983" ec="9" bec="0" bev="0" fileid="206" />
                <SequencePoint vc="1" uspid="76213" ordinal="0" offset="358" sl="985" sc="9" el="985" ec="9" bec="0" bev="0" fileid="206" />
                <SequencePoint vc="1" uspid="76214" ordinal="0" offset="379" sl="986" sc="9" el="986" ec="9" bec="0" bev="0" fileid="206" />
                <SequencePoint vc="1" uspid="76215" ordinal="0" offset="402" sl="988" sc="9" el="988" ec="9" bec="0" bev="0" fileid="206" />
                <SequencePoint vc="1" uspid="76216" ordinal="0" offset="444" sl="990" sc="9" el="990" ec="9" bec="0" bev="0" fileid="206" />
                <SequencePoint vc="1" uspid="76217" ordinal="0" offset="487" sl="993" sc="9" el="993" ec="9" bec="0" bev="0" fileid="206" />
                <SequencePoint vc="1" uspid="76218" ordinal="0" offset="498" sl="994" sc="9" el="994" ec="9" bec="0" bev="0" fileid="206" />
                <SequencePoint vc="1" uspid="76219" ordinal="0" offset="510" sl="995" sc="9" el="995" ec="9" bec="0" bev="0" fileid="206" />
                <SequencePoint vc="1" uspid="76220" ordinal="0" offset="522" sl="996" sc="9" el="996" ec="9" bec="0" bev="0" fileid="206" />
                <SequencePoint vc="1" uspid="76221" ordinal="0" offset="534" sl="997" sc="9" el="997" ec="9" bec="0" bev="0" fileid="206" />
                <SequencePoint vc="1" uspid="76222" ordinal="0" offset="546" sl="998" sc="5" el="998" ec="5" bec="0" bev="0" fileid="206" />
              </SequencePoints>
              <BranchPoints />
            </Method>
          </Methods>
        </Class>
        <Class>
          <Summary numSequencePoints="27" visitedSequencePoints="27" numBranchPoints="0" visitedBranchPoints="0" sequenceCoverage="100.0" branchCoverage="0.0" maxCyclomaticComplexity="0" minCyclomaticComplexity="0" maxCrapScore="0" minCrapScore="0" visitedClasses="1" numClasses="1" visitedMethods="1" numMethods="1" />
          <FullName>CoverageBoostTests/&lt;UIShop_PurchaseColor_Player_SetsColor&gt;d__52</FullName>
          <Methods>
            <Method visited="true" cyclomaticComplexity="0" nPathComplexity="0" sequenceCoverage="100.0" branchCoverage="0" crapScore="0" isConstructor="false" isStatic="false" isGetter="false" isSetter="false">
              <Summary numSequencePoints="27" visitedSequencePoints="27" numBranchPoints="0" visitedBranchPoints="0" sequenceCoverage="100.0" branchCoverage="0" maxCyclomaticComplexity="0" minCyclomaticComplexity="0" maxCrapScore="0" minCrapScore="0" visitedClasses="0" numClasses="0" visitedMethods="1" numMethods="1" />
              <MetadataToken>100663832</MetadataToken>
              <Name>System.Boolean CoverageBoostTests/&lt;UIShop_PurchaseColor_Player_SetsColor&gt;d__52::MoveNext()</Name>
              <FileRef uid="206" />
              <SequencePoints>
                <SequencePoint vc="1" uspid="76223" ordinal="0" offset="51" sl="1003" sc="5" el="1003" ec="5" bec="0" bev="0" fileid="206" />
                <SequencePoint vc="1" uspid="76224" ordinal="0" offset="52" sl="1004" sc="9" el="1004" ec="9" bec="0" bev="0" fileid="206" />
                <SequencePoint vc="1" uspid="76225" ordinal="0" offset="80" sl="1005" sc="9" el="1005" ec="9" bec="0" bev="0" fileid="206" />
                <SequencePoint vc="1" uspid="76226" ordinal="0" offset="112" sl="1007" sc="9" el="1007" ec="9" bec="0" bev="0" fileid="206" />
                <SequencePoint vc="1" uspid="76227" ordinal="0" offset="128" sl="1008" sc="9" el="1008" ec="9" bec="0" bev="0" fileid="206" />
                <SequencePoint vc="1" uspid="76228" ordinal="0" offset="144" sl="1009" sc="9" el="1009" ec="9" bec="0" bev="0" fileid="206" />
                <SequencePoint vc="1" uspid="76229" ordinal="0" offset="160" sl="1010" sc="9" el="1010" ec="9" bec="0" bev="0" fileid="206" />
                <SequencePoint vc="1" uspid="76230" ordinal="0" offset="176" sl="1012" sc="9" el="1012" ec="9" bec="0" bev="0" fileid="206" />
                <SequencePoint vc="1" uspid="76231" ordinal="0" offset="193" sl="1013" sc="9" el="1013" ec="9" bec="0" bev="0" fileid="206" />
                <SequencePoint vc="1" uspid="76232" ordinal="0" offset="210" sl="1014" sc="9" el="1014" ec="9" bec="0" bev="0" fileid="206" />
                <SequencePoint vc="1" uspid="76233" ordinal="0" offset="227" sl="1016" sc="9" el="1016" ec="9" bec="0" bev="0" fileid="206" />
                <SequencePoint vc="1" uspid="76234" ordinal="0" offset="244" sl="1017" sc="9" el="1017" ec="9" bec="0" bev="0" fileid="206" />
                <SequencePoint vc="1" uspid="76235" ordinal="0" offset="273" sl="1018" sc="9" el="1018" ec="9" bec="0" bev="0" fileid="206" />
                <SequencePoint vc="1" uspid="76236" ordinal="0" offset="302" sl="1019" sc="9" el="1019" ec="9" bec="0" bev="0" fileid="206" />
                <SequencePoint vc="1" uspid="76237" ordinal="0" offset="331" sl="1021" sc="9" el="1021" ec="9" bec="0" bev="0" fileid="206" />
                <SequencePoint vc="1" uspid="76238" ordinal="0" offset="347" sl="1022" sc="9" el="1022" ec="9" bec="0" bev="0" fileid="206" />
                <SequencePoint vc="1" uspid="76239" ordinal="0" offset="358" sl="1024" sc="9" el="1024" ec="9" bec="0" bev="0" fileid="206" />
                <SequencePoint vc="1" uspid="76240" ordinal="0" offset="379" sl="1025" sc="9" el="1025" ec="9" bec="0" bev="0" fileid="206" />
                <SequencePoint vc="1" uspid="76241" ordinal="0" offset="402" sl="1027" sc="9" el="1027" ec="9" bec="0" bev="0" fileid="206" />
                <SequencePoint vc="1" uspid="76242" ordinal="0" offset="423" sl="1028" sc="9" el="1028" ec="9" bec="0" bev="0" fileid="206" />
                <SequencePoint vc="1" uspid="76243" ordinal="0" offset="466" sl="1030" sc="9" el="1030" ec="9" bec="0" bev="0" fileid="206" />
                <SequencePoint vc="1" uspid="76244" ordinal="0" offset="509" sl="1033" sc="9" el="1033" ec="9" bec="0" bev="0" fileid="206" />
                <SequencePoint vc="1" uspid="76245" ordinal="0" offset="520" sl="1034" sc="9" el="1034" ec="9" bec="0" bev="0" fileid="206" />
                <SequencePoint vc="1" uspid="76246" ordinal="0" offset="532" sl="1035" sc="9" el="1035" ec="9" bec="0" bev="0" fileid="206" />
                <SequencePoint vc="1" uspid="76247" ordinal="0" offset="544" sl="1036" sc="9" el="1036" ec="9" bec="0" bev="0" fileid="206" />
                <SequencePoint vc="1" uspid="76248" ordinal="0" offset="556" sl="1037" sc="9" el="1037" ec="9" bec="0" bev="0" fileid="206" />
                <SequencePoint vc="1" uspid="76249" ordinal="0" offset="568" sl="1038" sc="5" el="1038" ec="5" bec="0" bev="0" fileid="206" />
              </SequencePoints>
              <BranchPoints />
            </Method>
          </Methods>
        </Class>
        <Class>
          <Summary numSequencePoints="24" visitedSequencePoints="24" numBranchPoints="0" visitedBranchPoints="0" sequenceCoverage="100.0" branchCoverage="0.0" maxCyclomaticComplexity="0" minCyclomaticComplexity="0" maxCrapScore="0" minCrapScore="0" visitedClasses="1" numClasses="1" visitedMethods="1" numMethods="1" />
          <FullName>CoverageBoostTests/&lt;UIShop_PurchaseColor_ShowsSuccess&gt;d__54</FullName>
          <Methods>
            <Method visited="true" cyclomaticComplexity="0" nPathComplexity="0" sequenceCoverage="100.0" branchCoverage="0" crapScore="0" isConstructor="false" isStatic="false" isGetter="false" isSetter="false">
              <Summary numSequencePoints="24" visitedSequencePoints="24" numBranchPoints="0" visitedBranchPoints="0" sequenceCoverage="100.0" branchCoverage="0" maxCyclomaticComplexity="0" minCyclomaticComplexity="0" maxCrapScore="0" minCrapScore="0" visitedClasses="0" numClasses="0" visitedMethods="1" numMethods="1" />
              <MetadataToken>100663838</MetadataToken>
              <Name>System.Boolean CoverageBoostTests/&lt;UIShop_PurchaseColor_ShowsSuccess&gt;d__54::MoveNext()</Name>
              <FileRef uid="206" />
              <SequencePoints>
                <SequencePoint vc="1" uspid="76250" ordinal="0" offset="51" sl="1075" sc="5" el="1075" ec="5" bec="0" bev="0" fileid="206" />
                <SequencePoint vc="1" uspid="76251" ordinal="0" offset="52" sl="1076" sc="9" el="1076" ec="9" bec="0" bev="0" fileid="206" />
                <SequencePoint vc="1" uspid="76252" ordinal="0" offset="80" sl="1077" sc="9" el="1077" ec="9" bec="0" bev="0" fileid="206" />
                <SequencePoint vc="1" uspid="76253" ordinal="0" offset="112" sl="1079" sc="9" el="1079" ec="9" bec="0" bev="0" fileid="206" />
                <SequencePoint vc="1" uspid="76254" ordinal="0" offset="128" sl="1080" sc="9" el="1080" ec="9" bec="0" bev="0" fileid="206" />
                <SequencePoint vc="1" uspid="76255" ordinal="0" offset="144" sl="1081" sc="9" el="1081" ec="9" bec="0" bev="0" fileid="206" />
                <SequencePoint vc="1" uspid="76256" ordinal="0" offset="160" sl="1082" sc="9" el="1082" ec="9" bec="0" bev="0" fileid="206" />
                <SequencePoint vc="1" uspid="76257" ordinal="0" offset="176" sl="1084" sc="9" el="1084" ec="9" bec="0" bev="0" fileid="206" />
                <SequencePoint vc="1" uspid="76258" ordinal="0" offset="193" sl="1085" sc="9" el="1085" ec="9" bec="0" bev="0" fileid="206" />
                <SequencePoint vc="1" uspid="76259" ordinal="0" offset="210" sl="1086" sc="9" el="1086" ec="9" bec="0" bev="0" fileid="206" />
                <SequencePoint vc="1" uspid="76260" ordinal="0" offset="227" sl="1088" sc="9" el="1088" ec="9" bec="0" bev="0" fileid="206" />
                <SequencePoint vc="1" uspid="76261" ordinal="0" offset="244" sl="1089" sc="9" el="1089" ec="9" bec="0" bev="0" fileid="206" />
                <SequencePoint vc="1" uspid="76262" ordinal="0" offset="273" sl="1090" sc="9" el="1090" ec="9" bec="0" bev="0" fileid="206" />
                <SequencePoint vc="1" uspid="76263" ordinal="0" offset="302" sl="1091" sc="9" el="1091" ec="9" bec="0" bev="0" fileid="206" />
                <SequencePoint vc="1" uspid="76264" ordinal="0" offset="331" sl="1093" sc="9" el="1093" ec="9" bec="0" bev="0" fileid="206" />
                <SequencePoint vc="1" uspid="76265" ordinal="0" offset="347" sl="1095" sc="9" el="1095" ec="9" bec="0" bev="0" fileid="206" />
                <SequencePoint vc="1" uspid="76266" ordinal="0" offset="367" sl="1096" sc="9" el="1096" ec="9" bec="0" bev="0" fileid="206" />
                <SequencePoint vc="1" uspid="76267" ordinal="0" offset="390" sl="1098" sc="9" el="1098" ec="9" bec="0" bev="0" fileid="206" />
                <SequencePoint vc="1" uspid="76268" ordinal="0" offset="422" sl="1101" sc="9" el="1101" ec="9" bec="0" bev="0" fileid="206" />
                <SequencePoint vc="1" uspid="76269" ordinal="0" offset="433" sl="1102" sc="9" el="1102" ec="9" bec="0" bev="0" fileid="206" />
                <SequencePoint vc="1" uspid="76270" ordinal="0" offset="445" sl="1103" sc="9" el="1103" ec="9" bec="0" bev="0" fileid="206" />
                <SequencePoint vc="1" uspid="76271" ordinal="0" offset="457" sl="1104" sc="9" el="1104" ec="9" bec="0" bev="0" fileid="206" />
                <SequencePoint vc="1" uspid="76272" ordinal="0" offset="469" sl="1105" sc="9" el="1105" ec="9" bec="0" bev="0" fileid="206" />
                <SequencePoint vc="1" uspid="76273" ordinal="0" offset="481" sl="1106" sc="5" el="1106" ec="5" bec="0" bev="0" fileid="206" />
              </SequencePoints>
              <BranchPoints />
            </Method>
          </Methods>
        </Class>
      </Classes>
    </Module>
  </Modules>
</CoverageSession>