<?xml version="1.0" encoding="utf-8"?>
<CoverageSession xmlns:xsd="http://www.w3.org/2001/XMLSchema" xmlns:xsi="http://www.w3.org/2001/XMLSchema-instance" Version="0.0.0.0">
  <Summary numSequencePoints="1565" visitedSequencePoints="652" numBranchPoints="0" visitedBranchPoints="0" sequenceCoverage="41.66" branchCoverage="0.0" maxCyclomaticComplexity="0" minCyclomaticComplexity="0" maxCrapScore="0" minCrapScore="0" visitedClasses="37" numClasses="56" visitedMethods="77" numMethods="145" />
  <Modules>
    <Module>
      <Summary numSequencePoints="34" visitedSequencePoints="34" numBranchPoints="0" visitedBranchPoints="0" sequenceCoverage="100.0" branchCoverage="0.0" maxCyclomaticComplexity="0" minCyclomaticComplexity="0" maxCrapScore="0" minCrapScore="0" visitedClasses="4" numClasses="4" visitedMethods="5" numMethods="5" />
      <ModuleTime>0001-01-01T00:00:00</ModuleTime>
      <ModuleName>Boxophobic.Utils.Editor</ModuleName>
      <Files>
        <File uid="46" fullPath="C:/GitHub/KiemThuGame/Assets/BOXOPHOBIC/Utils/Editor/StyledMaterial/StyledEmissiveIntensityDrawer.cs" />
        <File uid="47" fullPath="C:/GitHub/KiemThuGame/Assets/BOXOPHOBIC/Utils/Editor/StyledMaterial/StyledOptionsSliderDrawer.cs" />
        <File uid="48" fullPath="C:/GitHub/KiemThuGame/Assets/BOXOPHOBIC/Utils/Editor/StyledMaterial/StyledRemapSliderDrawer.cs" />
        <File uid="49" fullPath="C:/GitHub/KiemThuGame/Assets/BOXOPHOBIC/Utils/Editor/StyledGUI/DrawInspectorBanner.cs" />
        <File uid="50" fullPath="C:/GitHub/KiemThuGame/Assets/BOXOPHOBIC/Utils/Editor/StyledGUI/DrawInspectorCategory.cs" />
        <File uid="51" fullPath="C:/GitHub/KiemThuGame/Assets/BOXOPHOBIC/Utils/Editor/StyledGUI/DrawWindowBanner.cs" />
        <File uid="52" fullPath="C:/GitHub/KiemThuGame/Assets/BOXOPHOBIC/Utils/Editor/StyledGUI/DrawWindowCategory.cs" />
        <File uid="53" fullPath="C:/GitHub/KiemThuGame/Assets/BOXOPHOBIC/Utils/Editor/StyledInspector/StyledBannerDrawer.cs" />
        <File uid="54" fullPath="C:/GitHub/KiemThuGame/Assets/BOXOPHOBIC/Utils/Editor/StyledInspector/StyledButtonDrawer.cs" />
        <File uid="55" fullPath="C:/GitHub/KiemThuGame/Assets/BOXOPHOBIC/Utils/Editor/StyledInspector/StyledCategoryDrawer.cs" />
        <File uid="56" fullPath="C:/GitHub/KiemThuGame/Assets/BOXOPHOBIC/Utils/Editor/StyledInspector/StyledEnumDrawer.cs" />
        <File uid="57" fullPath="C:/GitHub/KiemThuGame/Assets/BOXOPHOBIC/Utils/Editor/StyledInspector/StyledIndentDrawer.cs" />
        <File uid="58" fullPath="C:/GitHub/KiemThuGame/Assets/BOXOPHOBIC/Utils/Editor/StyledInspector/StyledInteractiveDrawer.cs" />
        <File uid="59" fullPath="C:/GitHub/KiemThuGame/Assets/BOXOPHOBIC/Utils/Editor/StyledInspector/StyledLayersDrawer.cs" />
        <File uid="60" fullPath="C:/GitHub/KiemThuGame/Assets/BOXOPHOBIC/Utils/Editor/StyledInspector/StyledMaskDrawer.cs" />
        <File uid="61" fullPath="C:/GitHub/KiemThuGame/Assets/BOXOPHOBIC/Utils/Editor/StyledInspector/StyledMessageDrawer.cs" />
        <File uid="62" fullPath="C:/GitHub/KiemThuGame/Assets/BOXOPHOBIC/Utils/Editor/StyledInspector/StyledRangeOptionsDrawer.cs" />
        <File uid="63" fullPath="C:/GitHub/KiemThuGame/Assets/BOXOPHOBIC/Utils/Editor/StyledInspector/StyledSpaceDrawer.cs" />
        <File uid="64" fullPath="C:/GitHub/KiemThuGame/Assets/BOXOPHOBIC/Utils/Editor/StyledInspector/StyledTextDrawer.cs" />
        <File uid="65" fullPath="C:/GitHub/KiemThuGame/Assets/BOXOPHOBIC/Utils/Editor/StyledInspector/StyledTexturePreviewDrawer.cs" />
        <File uid="66" fullPath="C:/GitHub/KiemThuGame/Assets/BOXOPHOBIC/Utils/Editor/StyledMaterial/StyledBannerDrawer.cs" />
        <File uid="67" fullPath="C:/GitHub/KiemThuGame/Assets/BOXOPHOBIC/Utils/Editor/StyledMaterial/StyledButtonDrawer.cs" />
        <File uid="68" fullPath="C:/GitHub/KiemThuGame/Assets/BOXOPHOBIC/Utils/Editor/StyledMaterial/StyledCategoryDrawer.cs" />
        <File uid="69" fullPath="C:/GitHub/KiemThuGame/Assets/BOXOPHOBIC/Utils/Editor/StyledMaterial/StyledDiffusionMaterialDrawer.cs" />
        <File uid="70" fullPath="C:/GitHub/KiemThuGame/Assets/BOXOPHOBIC/Utils/Editor/StyledMaterial/StyledEnumDrawer.cs" />
        <File uid="71" fullPath="C:/GitHub/KiemThuGame/Assets/BOXOPHOBIC/Utils/Editor/StyledMaterial/StyledIndentDrawer.cs" />
        <File uid="72" fullPath="C:/GitHub/KiemThuGame/Assets/BOXOPHOBIC/Utils/Editor/StyledMaterial/StyledInteractiveDrawer.cs" />
        <File uid="73" fullPath="C:/GitHub/KiemThuGame/Assets/BOXOPHOBIC/Utils/Editor/StyledMaterial/StyledLayersDrawer.cs" />
        <File uid="74" fullPath="C:/GitHub/KiemThuGame/Assets/BOXOPHOBIC/Utils/Editor/StyledMaterial/StyledMaskDrawer.cs" />
        <File uid="75" fullPath="C:/GitHub/KiemThuGame/Assets/BOXOPHOBIC/Utils/Editor/StyledMaterial/StyledMessageDrawer.cs" />
        <File uid="76" fullPath="C:/GitHub/KiemThuGame/Assets/BOXOPHOBIC/Utils/Editor/StyledMaterial/StyledSpaceDrawer.cs" />
        <File uid="77" fullPath="C:/GitHub/KiemThuGame/Assets/BOXOPHOBIC/Utils/Editor/StyledMaterial/StyledTextDrawer.cs" />
        <File uid="78" fullPath="C:/GitHub/KiemThuGame/Assets/BOXOPHOBIC/Utils/Editor/StyledMaterial/StyledTextureDrawer.cs" />
        <File uid="79" fullPath="C:/GitHub/KiemThuGame/Assets/BOXOPHOBIC/Utils/Editor/StyledMaterial/StyledTextureSingleLineDrawer.cs" />
        <File uid="80" fullPath="C:/GitHub/KiemThuGame/Assets/BOXOPHOBIC/Utils/Editor/StyledMaterial/StyledToggleDrawer.cs" />
        <File uid="81" fullPath="C:/GitHub/KiemThuGame/Assets/BOXOPHOBIC/Utils/Editor/StyledMaterial/StyledVectorDrawer.cs" />
        <File uid="82" fullPath="C:/GitHub/KiemThuGame/Assets/BOXOPHOBIC/Utils/Editor/StyledMono/StyledMonoBehaviourEditor.cs" />
        <File uid="83" fullPath="C:/GitHub/KiemThuGame/Assets/BOXOPHOBIC/Utils/Editor/StyledMono/StyledScriptableObjectEditor.cs" />
        <File uid="84" fullPath="C:/GitHub/KiemThuGame/Assets/BOXOPHOBIC/Utils/Editor/SettingsUtils/LoadSettingsData.cs" />
        <File uid="85" fullPath="C:/GitHub/KiemThuGame/Assets/BOXOPHOBIC/Utils/Editor/SettingsUtils/SaveSettingsData.cs" />
        <File uid="86" fullPath="C:/GitHub/KiemThuGame/Assets/BOXOPHOBIC/Utils/Editor/Constants/Constants.cs" />
      </Files>
      <Classes>
        <Class>
          <Summary numSequencePoints="4" visitedSequencePoints="4" numBranchPoints="0" visitedBranchPoints="0" sequenceCoverage="100.0" branchCoverage="0.0" maxCyclomaticComplexity="0" minCyclomaticComplexity="0" maxCrapScore="0" minCrapScore="0" visitedClasses="1" numClasses="1" visitedMethods="1" numMethods="1" />
          <FullName>Boxophobic.StyledGUI.StyledBannerDrawer</FullName>
          <Methods>
            <Method visited="true" cyclomaticComplexity="0" nPathComplexity="0" sequenceCoverage="100.0" branchCoverage="0" crapScore="0" isConstructor="true" isStatic="false" isGetter="false" isSetter="false">
              <Summary numSequencePoints="4" visitedSequencePoints="4" numBranchPoints="0" visitedBranchPoints="0" sequenceCoverage="100.0" branchCoverage="0" maxCyclomaticComplexity="0" minCyclomaticComplexity="0" maxCrapScore="0" minCrapScore="0" visitedClasses="0" numClasses="0" visitedMethods="1" numMethods="1" />
              <MetadataToken>100663366</MetadataToken>
              <Name>Boxophobic.StyledGUI.StyledBannerDrawer::StyledBannerDrawer(System.String)</Name>
              <FileRef uid="66" />
              <SequencePoints>
                <SequencePoint vc="1" uspid="39179" ordinal="0" offset="0" sl="13" sc="9" el="13" ec="9" bec="0" bev="0" fileid="66" />
                <SequencePoint vc="1" uspid="39180" ordinal="0" offset="7" sl="14" sc="9" el="14" ec="9" bec="0" bev="0" fileid="66" />
                <SequencePoint vc="1" uspid="39181" ordinal="0" offset="8" sl="15" sc="13" el="15" ec="13" bec="0" bev="0" fileid="66" />
                <SequencePoint vc="1" uspid="39182" ordinal="0" offset="15" sl="16" sc="9" el="16" ec="9" bec="0" bev="0" fileid="66" />
              </SequencePoints>
              <BranchPoints />
            </Method>
          </Methods>
        </Class>
        <Class>
          <Summary numSequencePoints="16" visitedSequencePoints="16" numBranchPoints="0" visitedBranchPoints="0" sequenceCoverage="100.0" branchCoverage="0.0" maxCyclomaticComplexity="0" minCyclomaticComplexity="0" maxCrapScore="0" minCrapScore="0" visitedClasses="1" numClasses="1" visitedMethods="2" numMethods="2" />
          <FullName>Boxophobic.StyledGUI.StyledCategoryDrawer</FullName>
          <Methods>
            <Method visited="true" cyclomaticComplexity="0" nPathComplexity="0" sequenceCoverage="100.0" branchCoverage="0" crapScore="0" isConstructor="true" isStatic="false" isGetter="false" isSetter="false">
              <Summary numSequencePoints="8" visitedSequencePoints="8" numBranchPoints="0" visitedBranchPoints="0" sequenceCoverage="100.0" branchCoverage="0" maxCyclomaticComplexity="0" minCyclomaticComplexity="0" maxCrapScore="0" minCrapScore="0" visitedClasses="0" numClasses="0" visitedMethods="1" numMethods="1" />
              <MetadataToken>100663374</MetadataToken>
              <Name>Boxophobic.StyledGUI.StyledCategoryDrawer::StyledCategoryDrawer(System.String)</Name>
              <FileRef uid="68" />
              <SequencePoints>
                <SequencePoint vc="2" uspid="39281" ordinal="0" offset="0" sl="15" sc="9" el="15" ec="9" bec="0" bev="0" fileid="68" />
                <SequencePoint vc="2" uspid="39282" ordinal="0" offset="11" sl="17" sc="9" el="17" ec="9" bec="0" bev="0" fileid="68" />
                <SequencePoint vc="2" uspid="39283" ordinal="0" offset="18" sl="18" sc="9" el="18" ec="9" bec="0" bev="0" fileid="68" />
                <SequencePoint vc="2" uspid="39284" ordinal="0" offset="19" sl="19" sc="13" el="19" ec="13" bec="0" bev="0" fileid="68" />
                <SequencePoint vc="2" uspid="39285" ordinal="0" offset="26" sl="20" sc="13" el="20" ec="13" bec="0" bev="0" fileid="68" />
                <SequencePoint vc="2" uspid="39286" ordinal="0" offset="37" sl="21" sc="13" el="21" ec="13" bec="0" bev="0" fileid="68" />
                <SequencePoint vc="2" uspid="39287" ordinal="0" offset="48" sl="22" sc="13" el="22" ec="13" bec="0" bev="0" fileid="68" />
                <SequencePoint vc="2" uspid="39288" ordinal="0" offset="59" sl="23" sc="9" el="23" ec="9" bec="0" bev="0" fileid="68" />
              </SequencePoints>
              <BranchPoints />
            </Method>
            <Method visited="true" cyclomaticComplexity="0" nPathComplexity="0" sequenceCoverage="100.0" branchCoverage="0" crapScore="0" isConstructor="true" isStatic="false" isGetter="false" isSetter="false">
              <Summary numSequencePoints="8" visitedSequencePoints="8" numBranchPoints="0" visitedBranchPoints="0" sequenceCoverage="100.0" branchCoverage="0" maxCyclomaticComplexity="0" minCyclomaticComplexity="0" maxCrapScore="0" minCrapScore="0" visitedClasses="0" numClasses="0" visitedMethods="1" numMethods="1" />
              <MetadataToken>100663376</MetadataToken>
              <Name>Boxophobic.StyledGUI.StyledCategoryDrawer::StyledCategoryDrawer(System.String, System.Single, System.Single)</Name>
              <FileRef uid="68" />
              <SequencePoints>
                <SequencePoint vc="1" uspid="39297" ordinal="0" offset="0" sl="15" sc="9" el="15" ec="9" bec="0" bev="0" fileid="68" />
                <SequencePoint vc="1" uspid="39298" ordinal="0" offset="11" sl="33" sc="9" el="33" ec="9" bec="0" bev="0" fileid="68" />
                <SequencePoint vc="1" uspid="39299" ordinal="0" offset="18" sl="34" sc="9" el="34" ec="9" bec="0" bev="0" fileid="68" />
                <SequencePoint vc="1" uspid="39300" ordinal="0" offset="19" sl="35" sc="13" el="35" ec="13" bec="0" bev="0" fileid="68" />
                <SequencePoint vc="1" uspid="39301" ordinal="0" offset="26" sl="36" sc="13" el="36" ec="13" bec="0" bev="0" fileid="68" />
                <SequencePoint vc="1" uspid="39302" ordinal="0" offset="37" sl="37" sc="13" el="37" ec="13" bec="0" bev="0" fileid="68" />
                <SequencePoint vc="1" uspid="39303" ordinal="0" offset="44" sl="38" sc="13" el="38" ec="13" bec="0" bev="0" fileid="68" />
                <SequencePoint vc="1" uspid="39304" ordinal="0" offset="51" sl="39" sc="9" el="39" ec="9" bec="0" bev="0" fileid="68" />
              </SequencePoints>
              <BranchPoints />
            </Method>
          </Methods>
        </Class>
        <Class>
          <Summary numSequencePoints="9" visitedSequencePoints="9" numBranchPoints="0" visitedBranchPoints="0" sequenceCoverage="100.0" branchCoverage="0.0" maxCyclomaticComplexity="0" minCyclomaticComplexity="0" maxCrapScore="0" minCrapScore="0" visitedClasses="1" numClasses="1" visitedMethods="1" numMethods="1" />
          <FullName>Boxophobic.StyledGUI.StyledMessageDrawer</FullName>
          <Methods>
            <Method visited="true" cyclomaticComplexity="0" nPathComplexity="0" sequenceCoverage="100.0" branchCoverage="0" crapScore="0" isConstructor="true" isStatic="false" isGetter="false" isSetter="false">
              <Summary numSequencePoints="9" visitedSequencePoints="9" numBranchPoints="0" visitedBranchPoints="0" sequenceCoverage="100.0" branchCoverage="0" maxCyclomaticComplexity="0" minCyclomaticComplexity="0" maxCrapScore="0" minCrapScore="0" visitedClasses="0" numClasses="0" visitedMethods="1" numMethods="1" />
              <MetadataToken>100663403</MetadataToken>
              <Name>Boxophobic.StyledGUI.StyledMessageDrawer::StyledMessageDrawer(System.String, System.String, System.String, System.Single, System.Single, System.Single)</Name>
              <FileRef uid="75" />
              <SequencePoints>
                <SequencePoint vc="1" uspid="39582" ordinal="0" offset="0" sl="40" sc="9" el="40" ec="9" bec="0" bev="0" fileid="75" />
                <SequencePoint vc="1" uspid="39583" ordinal="0" offset="7" sl="41" sc="9" el="41" ec="9" bec="0" bev="0" fileid="75" />
                <SequencePoint vc="1" uspid="39584" ordinal="0" offset="8" sl="42" sc="13" el="42" ec="13" bec="0" bev="0" fileid="75" />
                <SequencePoint vc="1" uspid="39585" ordinal="0" offset="15" sl="43" sc="13" el="43" ec="13" bec="0" bev="0" fileid="75" />
                <SequencePoint vc="1" uspid="39586" ordinal="0" offset="22" sl="44" sc="13" el="44" ec="13" bec="0" bev="0" fileid="75" />
                <SequencePoint vc="1" uspid="39587" ordinal="0" offset="29" sl="45" sc="13" el="45" ec="13" bec="0" bev="0" fileid="75" />
                <SequencePoint vc="1" uspid="39588" ordinal="0" offset="37" sl="47" sc="13" el="47" ec="13" bec="0" bev="0" fileid="75" />
                <SequencePoint vc="1" uspid="39589" ordinal="0" offset="45" sl="48" sc="13" el="48" ec="13" bec="0" bev="0" fileid="75" />
                <SequencePoint vc="1" uspid="39590" ordinal="0" offset="53" sl="49" sc="9" el="49" ec="9" bec="0" bev="0" fileid="75" />
              </SequencePoints>
              <BranchPoints />
            </Method>
          </Methods>
        </Class>
        <Class>
          <Summary numSequencePoints="5" visitedSequencePoints="5" numBranchPoints="0" visitedBranchPoints="0" sequenceCoverage="100.0" branchCoverage="0.0" maxCyclomaticComplexity="0" minCyclomaticComplexity="0" maxCrapScore="0" minCrapScore="0" visitedClasses="1" numClasses="1" visitedMethods="1" numMethods="1" />
          <FullName>Boxophobic.StyledGUI.StyledTextureSingleLineDrawer</FullName>
          <Methods>
            <Method visited="true" cyclomaticComplexity="0" nPathComplexity="0" sequenceCoverage="100.0" branchCoverage="0" crapScore="0" isConstructor="true" isStatic="false" isGetter="false" isSetter="false">
              <Summary numSequencePoints="5" visitedSequencePoints="5" numBranchPoints="0" visitedBranchPoints="0" sequenceCoverage="100.0" branchCoverage="0" maxCyclomaticComplexity="0" minCyclomaticComplexity="0" maxCrapScore="0" minCrapScore="0" visitedClasses="0" numClasses="0" visitedMethods="1" numMethods="1" />
              <MetadataToken>100663420</MetadataToken>
              <Name>Boxophobic.StyledGUI.StyledTextureSingleLineDrawer::StyledTextureSingleLineDrawer()</Name>
              <FileRef uid="79" />
              <SequencePoints>
                <SequencePoint vc="1" uspid="39754" ordinal="0" offset="0" sl="13" sc="9" el="13" ec="9" bec="0" bev="0" fileid="79" />
                <SequencePoint vc="1" uspid="39755" ordinal="0" offset="7" sl="14" sc="9" el="14" ec="9" bec="0" bev="0" fileid="79" />
                <SequencePoint vc="1" uspid="39756" ordinal="0" offset="8" sl="15" sc="13" el="15" ec="13" bec="0" bev="0" fileid="79" />
                <SequencePoint vc="1" uspid="39757" ordinal="0" offset="19" sl="16" sc="13" el="16" ec="13" bec="0" bev="0" fileid="79" />
                <SequencePoint vc="1" uspid="39758" ordinal="0" offset="30" sl="17" sc="9" el="17" ec="9" bec="0" bev="0" fileid="79" />
              </SequencePoints>
              <BranchPoints />
            </Method>
          </Methods>
        </Class>
      </Classes>
    </Module>
    <Module>
      <Summary numSequencePoints="253" visitedSequencePoints="14" numBranchPoints="0" visitedBranchPoints="0" sequenceCoverage="5.53" branchCoverage="0.0" maxCyclomaticComplexity="0" minCyclomaticComplexity="0" maxCrapScore="0" minCrapScore="0" visitedClasses="3" numClasses="16" visitedMethods="4" numMethods="44" />
      <ModuleTime>0001-01-01T00:00:00</ModuleTime>
      <ModuleName>PlayFab</ModuleName>
      <Files>
        <File uid="103" fullPath="C:/GitHub/KiemThuGame/Assets/PlayFabSDK/Shared/Internal/PlayFabHttp/GzipDownloadHandler.cs" />
        <File uid="104" fullPath="C:/GitHub/KiemThuGame/Assets/PlayFabSDK/Shared/Models/PlayFabSharedSettings.cs" />
        <File uid="105" fullPath="C:/GitHub/KiemThuGame/Assets/PlayFabSDK/Addon/PlayFabAddonAPI.cs" />
        <File uid="106" fullPath="C:/GitHub/KiemThuGame/Assets/PlayFabSDK/Addon/PlayFabAddonInstanceAPI.cs" />
        <File uid="107" fullPath="C:/GitHub/KiemThuGame/Assets/PlayFabSDK/Authentication/PlayFabAuthenticationAPI.cs" />
        <File uid="108" fullPath="C:/GitHub/KiemThuGame/Assets/PlayFabSDK/Authentication/PlayFabAuthenticationInstanceAPI.cs" />
        <File uid="109" fullPath="C:/GitHub/KiemThuGame/Assets/PlayFabSDK/Client/PlayFabClientAPI.cs" />
        <File uid="110" fullPath="C:/GitHub/KiemThuGame/Assets/PlayFabSDK/Client/PlayFabClientInstanceAPI.cs" />
        <File uid="111" fullPath="C:/GitHub/KiemThuGame/Assets/PlayFabSDK/CloudScript/PlayFabCloudScriptAPI.cs" />
        <File uid="112" fullPath="C:/GitHub/KiemThuGame/Assets/PlayFabSDK/CloudScript/PlayFabCloudScriptInstanceAPI.cs" />
        <File uid="113" fullPath="C:/GitHub/KiemThuGame/Assets/PlayFabSDK/Data/PlayFabDataAPI.cs" />
        <File uid="114" fullPath="C:/GitHub/KiemThuGame/Assets/PlayFabSDK/Data/PlayFabDataInstanceAPI.cs" />
        <File uid="115" fullPath="C:/GitHub/KiemThuGame/Assets/PlayFabSDK/Economy/PlayFabEconomyAPI.cs" />
        <File uid="116" fullPath="C:/GitHub/KiemThuGame/Assets/PlayFabSDK/Economy/PlayFabEconomyInstanceAPI.cs" />
        <File uid="117" fullPath="C:/GitHub/KiemThuGame/Assets/PlayFabSDK/Events/PlayFabEventsAPI.cs" />
        <File uid="118" fullPath="C:/GitHub/KiemThuGame/Assets/PlayFabSDK/Events/PlayFabEventsInstanceAPI.cs" />
        <File uid="119" fullPath="C:/GitHub/KiemThuGame/Assets/PlayFabSDK/Experimentation/PlayFabExperimentationAPI.cs" />
        <File uid="120" fullPath="C:/GitHub/KiemThuGame/Assets/PlayFabSDK/Experimentation/PlayFabExperimentationInstanceAPI.cs" />
        <File uid="121" fullPath="C:/GitHub/KiemThuGame/Assets/PlayFabSDK/Groups/PlayFabGroupsAPI.cs" />
        <File uid="122" fullPath="C:/GitHub/KiemThuGame/Assets/PlayFabSDK/Groups/PlayFabGroupsInstanceAPI.cs" />
        <File uid="123" fullPath="C:/GitHub/KiemThuGame/Assets/PlayFabSDK/Insights/PlayFabInsightsAPI.cs" />
        <File uid="124" fullPath="C:/GitHub/KiemThuGame/Assets/PlayFabSDK/Insights/PlayFabInsightsInstanceAPI.cs" />
        <File uid="125" fullPath="C:/GitHub/KiemThuGame/Assets/PlayFabSDK/Localization/PlayFabLocalizationAPI.cs" />
        <File uid="126" fullPath="C:/GitHub/KiemThuGame/Assets/PlayFabSDK/Localization/PlayFabLocalizationInstanceAPI.cs" />
        <File uid="127" fullPath="C:/GitHub/KiemThuGame/Assets/PlayFabSDK/Multiplayer/PlayFabMultiplayerAPI.cs" />
        <File uid="128" fullPath="C:/GitHub/KiemThuGame/Assets/PlayFabSDK/Multiplayer/PlayFabMultiplayerInstanceAPI.cs" />
        <File uid="129" fullPath="C:/GitHub/KiemThuGame/Assets/PlayFabSDK/Profiles/PlayFabProfilesAPI.cs" />
        <File uid="130" fullPath="C:/GitHub/KiemThuGame/Assets/PlayFabSDK/Profiles/PlayFabProfilesInstanceAPI.cs" />
        <File uid="131" fullPath="C:/GitHub/KiemThuGame/Assets/PlayFabSDK/Progression/PlayFabProgressionAPI.cs" />
        <File uid="132" fullPath="C:/GitHub/KiemThuGame/Assets/PlayFabSDK/Progression/PlayFabProgressionInstanceAPI.cs" />
        <File uid="133" fullPath="C:/GitHub/KiemThuGame/Assets/PlayFabSDK/Shared/Internal/PlayFabErrors.cs" />
        <File uid="134" fullPath="C:/GitHub/KiemThuGame/Assets/PlayFabSDK/Shared/Internal/wsaReflectionExtensions.cs" />
        <File uid="135" fullPath="C:/GitHub/KiemThuGame/Assets/PlayFabSDK/Shared/Public/PlayFabApiSettings.cs" />
        <File uid="136" fullPath="C:/GitHub/KiemThuGame/Assets/PlayFabSDK/Shared/Public/PlayFabAuthenticationContext.cs" />
        <File uid="137" fullPath="C:/GitHub/KiemThuGame/Assets/PlayFabSDK/Shared/Public/PlayFabDataGatherer.cs" />
        <File uid="138" fullPath="C:/GitHub/KiemThuGame/Assets/PlayFabSDK/Shared/Public/PlayFabSettings.cs" />
        <File uid="139" fullPath="C:/GitHub/KiemThuGame/Assets/PlayFabSDK/Shared/Public/PluginContractKey.cs" />
        <File uid="140" fullPath="C:/GitHub/KiemThuGame/Assets/PlayFabSDK/Shared/Public/PluginManager.cs" />
        <File uid="141" fullPath="C:/GitHub/KiemThuGame/Assets/PlayFabSDK/Shared/Models/SharedModels.cs" />
        <File uid="142" fullPath="C:/GitHub/KiemThuGame/Assets/PlayFabSDK/Shared/Internal/ISerializer.cs" />
        <File uid="143" fullPath="C:/GitHub/KiemThuGame/Assets/PlayFabSDK/Shared/Internal/SimpleJson.cs" />
        <File uid="144" fullPath="C:/GitHub/KiemThuGame/Assets/PlayFabSDK/Entity/ScreenTimeTracker.cs" />
        <File uid="145" fullPath="C:/GitHub/KiemThuGame/Assets/PlayFabSDK/Shared/Public/PlayFabLogger.cs" />
        <File uid="146" fullPath="C:/GitHub/KiemThuGame/Assets/PlayFabSDK/Client/PlayFabDeviceUtil.cs" />
        <File uid="147" fullPath="C:/GitHub/KiemThuGame/Assets/PlayFabSDK/Shared/Internal/Log.cs" />
        <File uid="148" fullPath="C:/GitHub/KiemThuGame/Assets/PlayFabSDK/Shared/Internal/PlayFabHttp/IPlayFabHttp.cs" />
        <File uid="149" fullPath="C:/GitHub/KiemThuGame/Assets/PlayFabSDK/Shared/Internal/PlayFabHttp/PlayFabHTTP.cs" />
        <File uid="150" fullPath="C:/GitHub/KiemThuGame/Assets/PlayFabSDK/Shared/Internal/PlayFabHttp/PlayFabUnityHttp.cs" />
        <File uid="151" fullPath="C:/GitHub/KiemThuGame/Assets/PlayFabSDK/Shared/Internal/PlayFabHttp/PlayFabWebRequest.cs" />
        <File uid="152" fullPath="C:/GitHub/KiemThuGame/Assets/PlayFabSDK/Shared/Internal/SingletonMonoBehaviour.cs" />
        <File uid="153" fullPath="C:/GitHub/KiemThuGame/Assets/PlayFabSDK/Shared/Internal/Util.cs" />
        <File uid="154" fullPath="C:/GitHub/KiemThuGame/Assets/PlayFabSDK/Shared/Public/PlayFabEvents.cs" />
      </Files>
      <Classes>
        <Class>
          <Summary numSequencePoints="8" visitedSequencePoints="0" numBranchPoints="0" visitedBranchPoints="0" sequenceCoverage="0.0" branchCoverage="0.0" maxCyclomaticComplexity="0" minCyclomaticComplexity="0" maxCrapScore="0" minCrapScore="0" visitedClasses="0" numClasses="1" visitedMethods="0" numMethods="1" />
          <FullName>PlayFab.PlayFabClientAPI</FullName>
          <Methods>
            <Method visited="false" cyclomaticComplexity="0" nPathComplexity="0" sequenceCoverage="0.0" branchCoverage="0" crapScore="0" isConstructor="false" isStatic="true" isGetter="false" isSetter="false">
              <Summary numSequencePoints="8" visitedSequencePoints="0" numBranchPoints="0" visitedBranchPoints="0" sequenceCoverage="0.0" branchCoverage="0" maxCyclomaticComplexity="0" minCyclomaticComplexity="0" maxCrapScore="0" minCrapScore="0" visitedClasses="0" numClasses="0" visitedMethods="0" numMethods="1" />
              <MetadataToken>100663411</MetadataToken>
              <Name>static System.Void PlayFab.PlayFabClientAPI::ExecuteCloudScript[TOut](PlayFab.ClientModels.ExecuteCloudScriptRequest, System.Action[ExecuteCloudScriptResult], System.Action[PlayFabError], System.Object, System.Collections.Generic.Dictionary[String,String])</Name>
              <FileRef uid="109" />
              <SequencePoints>
                <SequencePoint vc="0" uspid="40942" ordinal="0" offset="13" sl="305" sc="0" el="305" ec="0" bec="0" bev="0" fileid="109" />
                <SequencePoint vc="0" uspid="40943" ordinal="0" offset="14" sl="306" sc="0" el="306" ec="0" bec="0" bev="0" fileid="109" />
                <SequencePoint vc="0" uspid="40944" ordinal="0" offset="36" sl="307" sc="0" el="307" ec="0" bec="0" bev="0" fileid="109" />
                <SequencePoint vc="0" uspid="40945" ordinal="0" offset="42" sl="308" sc="0" el="308" ec="0" bec="0" bev="0" fileid="109" />
                <SequencePoint vc="0" uspid="40946" ordinal="0" offset="57" sl="308" sc="0" el="308" ec="0" bec="0" bev="0" fileid="109" />
                <SequencePoint vc="0" uspid="40947" ordinal="0" offset="69" sl="309" sc="0" el="309" ec="0" bec="0" bev="0" fileid="109" />
                <SequencePoint vc="0" uspid="40948" ordinal="0" offset="82" sl="321" sc="0" el="321" ec="0" bec="0" bev="0" fileid="109" />
                <SequencePoint vc="0" uspid="40949" ordinal="0" offset="103" sl="322" sc="0" el="322" ec="0" bec="0" bev="0" fileid="109" />
              </SequencePoints>
              <BranchPoints />
            </Method>
          </Methods>
        </Class>
        <Class>
          <Summary numSequencePoints="8" visitedSequencePoints="0" numBranchPoints="0" visitedBranchPoints="0" sequenceCoverage="0.0" branchCoverage="0.0" maxCyclomaticComplexity="0" minCyclomaticComplexity="0" maxCrapScore="0" minCrapScore="0" visitedClasses="0" numClasses="1" visitedMethods="0" numMethods="1" />
          <FullName>PlayFab.PlayFabClientInstanceAPI</FullName>
          <Methods>
            <Method visited="false" cyclomaticComplexity="0" nPathComplexity="0" sequenceCoverage="0.0" branchCoverage="0" crapScore="0" isConstructor="false" isStatic="false" isGetter="false" isSetter="false">
              <Summary numSequencePoints="8" visitedSequencePoints="0" numBranchPoints="0" visitedBranchPoints="0" sequenceCoverage="0.0" branchCoverage="0" maxCyclomaticComplexity="0" minCyclomaticComplexity="0" maxCrapScore="0" minCrapScore="0" visitedClasses="0" numClasses="0" visitedMethods="0" numMethods="1" />
              <MetadataToken>100663591</MetadataToken>
              <Name>System.Void PlayFab.PlayFabClientInstanceAPI::ExecuteCloudScript[TOut](PlayFab.ClientModels.ExecuteCloudScriptRequest, System.Action[ExecuteCloudScriptResult], System.Action[PlayFabError], System.Object, System.Collections.Generic.Dictionary[String,String])</Name>
              <FileRef uid="110" />
              <SequencePoints>
                <SequencePoint vc="0" uspid="42147" ordinal="0" offset="13" sl="293" sc="0" el="293" ec="0" bec="0" bev="0" fileid="110" />
                <SequencePoint vc="0" uspid="42148" ordinal="0" offset="14" sl="294" sc="0" el="294" ec="0" bec="0" bev="0" fileid="110" />
                <SequencePoint vc="0" uspid="42149" ordinal="0" offset="37" sl="295" sc="0" el="295" ec="0" bec="0" bev="0" fileid="110" />
                <SequencePoint vc="0" uspid="42150" ordinal="0" offset="53" sl="296" sc="0" el="296" ec="0" bec="0" bev="0" fileid="110" />
                <SequencePoint vc="0" uspid="42151" ordinal="0" offset="68" sl="296" sc="0" el="296" ec="0" bec="0" bev="0" fileid="110" />
                <SequencePoint vc="0" uspid="42152" ordinal="0" offset="80" sl="297" sc="0" el="297" ec="0" bec="0" bev="0" fileid="110" />
                <SequencePoint vc="0" uspid="42153" ordinal="0" offset="93" sl="309" sc="0" el="309" ec="0" bec="0" bev="0" fileid="110" />
                <SequencePoint vc="0" uspid="42154" ordinal="0" offset="115" sl="310" sc="0" el="310" ec="0" bec="0" bev="0" fileid="110" />
              </SequencePoints>
              <BranchPoints />
            </Method>
          </Methods>
        </Class>
        <Class>
          <Summary numSequencePoints="4" visitedSequencePoints="4" numBranchPoints="0" visitedBranchPoints="0" sequenceCoverage="100.0" branchCoverage="0.0" maxCyclomaticComplexity="0" minCyclomaticComplexity="0" maxCrapScore="0" minCrapScore="0" visitedClasses="1" numClasses="1" visitedMethods="1" numMethods="1" />
          <FullName>PlayFab.PlayFabSettingsRedirect</FullName>
          <Methods>
            <Method visited="true" cyclomaticComplexity="0" nPathComplexity="0" sequenceCoverage="100.0" branchCoverage="0" crapScore="0" isConstructor="false" isStatic="false" isGetter="true" isSetter="false">
              <Summary numSequencePoints="4" visitedSequencePoints="4" numBranchPoints="0" visitedBranchPoints="0" sequenceCoverage="100.0" branchCoverage="0" maxCyclomaticComplexity="0" minCyclomaticComplexity="0" maxCrapScore="0" minCrapScore="0" visitedClasses="0" numClasses="0" visitedMethods="1" numMethods="1" />
              <MetadataToken>100664361</MetadataToken>
              <Name>System.String PlayFab.PlayFabSettingsRedirect::get_TitleId()</Name>
              <FileRef uid="135" />
              <SequencePoints>
                <SequencePoint vc="460" uspid="47143" ordinal="0" offset="0" sl="74" sc="17" el="74" ec="17" bec="0" bev="0" fileid="135" />
                <SequencePoint vc="460" uspid="47144" ordinal="0" offset="1" sl="74" sc="19" el="74" ec="19" bec="0" bev="0" fileid="135" />
                <SequencePoint vc="460" uspid="47145" ordinal="0" offset="13" sl="74" sc="37" el="74" ec="37" bec="0" bev="0" fileid="135" />
                <SequencePoint vc="460" uspid="47146" ordinal="0" offset="39" sl="74" sc="84" el="74" ec="84" bec="0" bev="0" fileid="135" />
              </SequencePoints>
              <BranchPoints />
            </Method>
          </Methods>
        </Class>
        <Class>
          <Summary numSequencePoints="8" visitedSequencePoints="7" numBranchPoints="0" visitedBranchPoints="0" sequenceCoverage="87.50" branchCoverage="0.0" maxCyclomaticComplexity="0" minCyclomaticComplexity="0" maxCrapScore="0" minCrapScore="0" visitedClasses="1" numClasses="1" visitedMethods="2" numMethods="2" />
          <FullName>PlayFab.PlayFabSettings</FullName>
          <Methods>
            <Method visited="true" cyclomaticComplexity="0" nPathComplexity="0" sequenceCoverage="80.00" branchCoverage="0" crapScore="0" isConstructor="false" isStatic="true" isGetter="true" isSetter="false">
              <Summary numSequencePoints="5" visitedSequencePoints="4" numBranchPoints="0" visitedBranchPoints="0" sequenceCoverage="80.00" branchCoverage="0" maxCyclomaticComplexity="0" minCyclomaticComplexity="0" maxCrapScore="0" minCrapScore="0" visitedClasses="0" numClasses="0" visitedMethods="1" numMethods="1" />
              <MetadataToken>100664381</MetadataToken>
              <Name>static PlayFabSharedSettings PlayFab.PlayFabSettings::get_PlayFabSharedPrivate()</Name>
              <FileRef uid="138" />
              <SequencePoints>
                <SequencePoint vc="460" uspid="47276" ordinal="0" offset="0" sl="57" sc="73" el="57" ec="73" bec="0" bev="0" fileid="138" />
                <SequencePoint vc="460" uspid="47277" ordinal="0" offset="1" sl="57" sc="75" el="57" ec="75" bec="0" bev="0" fileid="138" />
                <SequencePoint vc="0" uspid="47278" ordinal="0" offset="16" sl="57" sc="103" el="57" ec="103" bec="0" bev="0" fileid="138" />
                <SequencePoint vc="460" uspid="47279" ordinal="0" offset="26" sl="57" sc="154" el="57" ec="154" bec="0" bev="0" fileid="138" />
                <SequencePoint vc="460" uspid="47280" ordinal="0" offset="34" sl="57" sc="177" el="57" ec="177" bec="0" bev="0" fileid="138" />
              </SequencePoints>
              <BranchPoints />
            </Method>
            <Method visited="true" cyclomaticComplexity="0" nPathComplexity="0" sequenceCoverage="100.0" branchCoverage="0" crapScore="0" isConstructor="false" isStatic="true" isGetter="true" isSetter="false">
              <Summary numSequencePoints="3" visitedSequencePoints="3" numBranchPoints="0" visitedBranchPoints="0" sequenceCoverage="100.0" branchCoverage="0" maxCyclomaticComplexity="0" minCyclomaticComplexity="0" maxCrapScore="0" minCrapScore="0" visitedClasses="0" numClasses="0" visitedMethods="1" numMethods="1" />
              <MetadataToken>100664384</MetadataToken>
              <Name>static System.String PlayFab.PlayFabSettings::get_TitleId()</Name>
              <FileRef uid="138" />
              <SequencePoints>
                <SequencePoint vc="460" uspid="47295" ordinal="0" offset="0" sl="110" sc="44" el="110" ec="44" bec="0" bev="0" fileid="138" />
                <SequencePoint vc="460" uspid="47296" ordinal="0" offset="1" sl="110" sc="46" el="110" ec="46" bec="0" bev="0" fileid="138" />
                <SequencePoint vc="460" uspid="47297" ordinal="0" offset="14" sl="110" sc="77" el="110" ec="77" bec="0" bev="0" fileid="138" />
              </SequencePoints>
              <BranchPoints />
            </Method>
          </Methods>
        </Class>
        <Class>
          <Summary numSequencePoints="6" visitedSequencePoints="0" numBranchPoints="0" visitedBranchPoints="0" sequenceCoverage="0.0" branchCoverage="0.0" maxCyclomaticComplexity="0" minCyclomaticComplexity="0" maxCrapScore="0" minCrapScore="0" visitedClasses="0" numClasses="1" visitedMethods="0" numMethods="2" />
          <FullName>PlayFab.PluginManager</FullName>
          <Methods>
            <Method visited="false" cyclomaticComplexity="0" nPathComplexity="0" sequenceCoverage="0.0" branchCoverage="0" crapScore="0" isConstructor="false" isStatic="true" isGetter="false" isSetter="false">
              <Summary numSequencePoints="3" visitedSequencePoints="0" numBranchPoints="0" visitedBranchPoints="0" sequenceCoverage="0.0" branchCoverage="0" maxCyclomaticComplexity="0" minCyclomaticComplexity="0" maxCrapScore="0" minCrapScore="0" visitedClasses="0" numClasses="0" visitedMethods="0" numMethods="1" />
              <MetadataToken>100664418</MetadataToken>
              <Name>static T PlayFab.PluginManager::GetPlugin[T](PlayFab.PluginContract, System.String)</Name>
              <FileRef uid="140" />
              <SequencePoints>
                <SequencePoint vc="0" uspid="47476" ordinal="0" offset="0" sl="28" sc="0" el="28" ec="0" bec="0" bev="0" fileid="140" />
                <SequencePoint vc="0" uspid="47477" ordinal="0" offset="1" sl="29" sc="0" el="29" ec="0" bec="0" bev="0" fileid="140" />
                <SequencePoint vc="0" uspid="47478" ordinal="0" offset="21" sl="30" sc="0" el="30" ec="0" bec="0" bev="0" fileid="140" />
              </SequencePoints>
              <BranchPoints />
            </Method>
            <Method visited="false" cyclomaticComplexity="0" nPathComplexity="0" sequenceCoverage="0.0" branchCoverage="0" crapScore="0" isConstructor="false" isStatic="false" isGetter="false" isSetter="false">
              <Summary numSequencePoints="3" visitedSequencePoints="0" numBranchPoints="0" visitedBranchPoints="0" sequenceCoverage="0.0" branchCoverage="0" maxCyclomaticComplexity="0" minCyclomaticComplexity="0" maxCrapScore="0" minCrapScore="0" visitedClasses="0" numClasses="0" visitedMethods="0" numMethods="1" />
              <MetadataToken>100664422</MetadataToken>
              <Name>PlayFab.IPlayFabPlugin PlayFab.PluginManager::CreatePlugin[T]()</Name>
              <FileRef uid="140" />
              <SequencePoints>
                <SequencePoint vc="0" uspid="47503" ordinal="0" offset="0" sl="81" sc="0" el="81" ec="0" bec="0" bev="0" fileid="140" />
                <SequencePoint vc="0" uspid="47504" ordinal="0" offset="1" sl="82" sc="0" el="82" ec="0" bec="0" bev="0" fileid="140" />
                <SequencePoint vc="0" uspid="47505" ordinal="0" offset="24" sl="83" sc="0" el="83" ec="0" bec="0" bev="0" fileid="140" />
              </SequencePoints>
              <BranchPoints />
            </Method>
          </Methods>
        </Class>
        <Class>
          <Summary numSequencePoints="6" visitedSequencePoints="0" numBranchPoints="0" visitedBranchPoints="0" sequenceCoverage="0.0" branchCoverage="0.0" maxCyclomaticComplexity="0" minCyclomaticComplexity="0" maxCrapScore="0" minCrapScore="0" visitedClasses="0" numClasses="1" visitedMethods="0" numMethods="2" />
          <FullName>PlayFab.Json.SimpleJsonInstance</FullName>
          <Methods>
            <Method visited="false" cyclomaticComplexity="0" nPathComplexity="0" sequenceCoverage="0.0" branchCoverage="0" crapScore="0" isConstructor="false" isStatic="false" isGetter="false" isSetter="false">
              <Summary numSequencePoints="3" visitedSequencePoints="0" numBranchPoints="0" visitedBranchPoints="0" sequenceCoverage="0.0" branchCoverage="0" maxCyclomaticComplexity="0" minCyclomaticComplexity="0" maxCrapScore="0" minCrapScore="0" visitedClasses="0" numClasses="0" visitedMethods="0" numMethods="1" />
              <MetadataToken>100664432</MetadataToken>
              <Name>T PlayFab.Json.SimpleJsonInstance::DeserializeObject[T](System.String)</Name>
              <FileRef uid="142" />
              <SequencePoints>
                <SequencePoint vc="0" uspid="47523" ordinal="0" offset="0" sl="84" sc="0" el="84" ec="0" bec="0" bev="0" fileid="142" />
                <SequencePoint vc="0" uspid="47524" ordinal="0" offset="1" sl="85" sc="0" el="85" ec="0" bec="0" bev="0" fileid="142" />
                <SequencePoint vc="0" uspid="47525" ordinal="0" offset="15" sl="86" sc="0" el="86" ec="0" bec="0" bev="0" fileid="142" />
              </SequencePoints>
              <BranchPoints />
            </Method>
            <Method visited="false" cyclomaticComplexity="0" nPathComplexity="0" sequenceCoverage="0.0" branchCoverage="0" crapScore="0" isConstructor="false" isStatic="false" isGetter="false" isSetter="false">
              <Summary numSequencePoints="3" visitedSequencePoints="0" numBranchPoints="0" visitedBranchPoints="0" sequenceCoverage="0.0" branchCoverage="0" maxCyclomaticComplexity="0" minCyclomaticComplexity="0" maxCrapScore="0" minCrapScore="0" visitedClasses="0" numClasses="0" visitedMethods="0" numMethods="1" />
              <MetadataToken>100664433</MetadataToken>
              <Name>T PlayFab.Json.SimpleJsonInstance::DeserializeObject[T](System.String, System.Object)</Name>
              <FileRef uid="142" />
              <SequencePoints>
                <SequencePoint vc="0" uspid="47526" ordinal="0" offset="0" sl="89" sc="0" el="89" ec="0" bec="0" bev="0" fileid="142" />
                <SequencePoint vc="0" uspid="47527" ordinal="0" offset="1" sl="90" sc="0" el="90" ec="0" bec="0" bev="0" fileid="142" />
                <SequencePoint vc="0" uspid="47528" ordinal="0" offset="16" sl="91" sc="0" el="91" ec="0" bec="0" bev="0" fileid="142" />
              </SequencePoints>
              <BranchPoints />
            </Method>
          </Methods>
        </Class>
        <Class>
          <Summary numSequencePoints="3" visitedSequencePoints="0" numBranchPoints="0" visitedBranchPoints="0" sequenceCoverage="0.0" branchCoverage="0.0" maxCyclomaticComplexity="0" minCyclomaticComplexity="0" maxCrapScore="0" minCrapScore="0" visitedClasses="0" numClasses="1" visitedMethods="0" numMethods="1" />
          <FullName>PlayFab.Json.PlayFabSimpleJson</FullName>
          <Methods>
            <Method visited="false" cyclomaticComplexity="0" nPathComplexity="0" sequenceCoverage="0.0" branchCoverage="0" crapScore="0" isConstructor="false" isStatic="true" isGetter="false" isSetter="false">
              <Summary numSequencePoints="3" visitedSequencePoints="0" numBranchPoints="0" visitedBranchPoints="0" sequenceCoverage="0.0" branchCoverage="0" maxCyclomaticComplexity="0" minCyclomaticComplexity="0" maxCrapScore="0" minCrapScore="0" visitedClasses="0" numClasses="0" visitedMethods="0" numMethods="1" />
              <MetadataToken>100664469</MetadataToken>
              <Name>static T PlayFab.Json.PlayFabSimpleJson::DeserializeObject[T](System.String, PlayFab.Json.IJsonSerializerStrategy)</Name>
              <FileRef uid="143" />
              <SequencePoints>
                <SequencePoint vc="0" uspid="47661" ordinal="0" offset="0" sl="609" sc="0" el="609" ec="0" bec="0" bev="0" fileid="143" />
                <SequencePoint vc="0" uspid="47662" ordinal="0" offset="1" sl="610" sc="0" el="610" ec="0" bec="0" bev="0" fileid="143" />
                <SequencePoint vc="0" uspid="47663" ordinal="0" offset="26" sl="611" sc="0" el="611" ec="0" bec="0" bev="0" fileid="143" />
              </SequencePoints>
              <BranchPoints />
            </Method>
          </Methods>
        </Class>
        <Class>
          <Summary numSequencePoints="52" visitedSequencePoints="0" numBranchPoints="0" visitedBranchPoints="0" sequenceCoverage="0.0" branchCoverage="0.0" maxCyclomaticComplexity="0" minCyclomaticComplexity="0" maxCrapScore="0" minCrapScore="0" visitedClasses="0" numClasses="1" visitedMethods="0" numMethods="3" />
          <FullName>PlayFab.Internal.PlayFabHttp</FullName>
          <Methods>
            <Method visited="false" cyclomaticComplexity="0" nPathComplexity="0" sequenceCoverage="0.0" branchCoverage="0" crapScore="0" isConstructor="false" isStatic="true" isGetter="false" isSetter="false">
              <Summary numSequencePoints="5" visitedSequencePoints="0" numBranchPoints="0" visitedBranchPoints="0" sequenceCoverage="0.0" branchCoverage="0" maxCyclomaticComplexity="0" minCyclomaticComplexity="0" maxCrapScore="0" minCrapScore="0" visitedClasses="0" numClasses="0" visitedMethods="0" numMethods="1" />
              <MetadataToken>100665242</MetadataToken>
              <Name>static System.Void PlayFab.Internal.PlayFabHttp::MakeApiCall[TResult](System.String, PlayFab.SharedModels.PlayFabRequestCommon, PlayFab.Internal.AuthType, System.Action[TResult], System.Action[PlayFabError], System.Object, System.Collections.Generic.Dictionary[String,String], PlayFab.PlayFabAuthenticationContext, PlayFab.PlayFabApiSettings, PlayFab.SharedModels.IPlayFabInstanceApi)</Name>
              <FileRef uid="149" />
              <SequencePoints>
                <SequencePoint vc="0" uspid="48914" ordinal="0" offset="0" sl="130" sc="0" el="130" ec="0" bec="0" bev="0" fileid="149" />
                <SequencePoint vc="0" uspid="48915" ordinal="0" offset="1" sl="131" sc="0" el="131" ec="0" bec="0" bev="0" fileid="149" />
                <SequencePoint vc="0" uspid="48916" ordinal="0" offset="14" sl="132" sc="0" el="132" ec="0" bec="0" bev="0" fileid="149" />
                <SequencePoint vc="0" uspid="48917" ordinal="0" offset="30" sl="133" sc="0" el="133" ec="0" bec="0" bev="0" fileid="149" />
                <SequencePoint vc="0" uspid="48918" ordinal="0" offset="54" sl="134" sc="0" el="134" ec="0" bec="0" bev="0" fileid="149" />
              </SequencePoints>
              <BranchPoints />
            </Method>
            <Method visited="false" cyclomaticComplexity="0" nPathComplexity="0" sequenceCoverage="0.0" branchCoverage="0" crapScore="0" isConstructor="false" isStatic="true" isGetter="false" isSetter="false">
              <Summary numSequencePoints="4" visitedSequencePoints="0" numBranchPoints="0" visitedBranchPoints="0" sequenceCoverage="0.0" branchCoverage="0" maxCyclomaticComplexity="0" minCyclomaticComplexity="0" maxCrapScore="0" minCrapScore="0" visitedClasses="0" numClasses="0" visitedMethods="0" numMethods="1" />
              <MetadataToken>100665243</MetadataToken>
              <Name>static System.Void PlayFab.Internal.PlayFabHttp::MakeApiCallWithFullUri[TResult](System.String, PlayFab.SharedModels.PlayFabRequestCommon, PlayFab.Internal.AuthType, System.Action[TResult], System.Action[PlayFabError], System.Object, System.Collections.Generic.Dictionary[String,String], PlayFab.PlayFabAuthenticationContext, PlayFab.PlayFabApiSettings, PlayFab.SharedModels.IPlayFabInstanceApi)</Name>
              <FileRef uid="149" />
              <SequencePoints>
                <SequencePoint vc="0" uspid="48919" ordinal="0" offset="0" sl="140" sc="0" el="140" ec="0" bec="0" bev="0" fileid="149" />
                <SequencePoint vc="0" uspid="48920" ordinal="0" offset="1" sl="141" sc="0" el="141" ec="0" bec="0" bev="0" fileid="149" />
                <SequencePoint vc="0" uspid="48921" ordinal="0" offset="14" sl="143" sc="0" el="143" ec="0" bec="0" bev="0" fileid="149" />
                <SequencePoint vc="0" uspid="48922" ordinal="0" offset="38" sl="144" sc="0" el="144" ec="0" bec="0" bev="0" fileid="149" />
              </SequencePoints>
              <BranchPoints />
            </Method>
            <Method visited="false" cyclomaticComplexity="0" nPathComplexity="0" sequenceCoverage="0.0" branchCoverage="0" crapScore="0" isConstructor="false" isStatic="true" isGetter="false" isSetter="false">
              <Summary numSequencePoints="43" visitedSequencePoints="0" numBranchPoints="0" visitedBranchPoints="0" sequenceCoverage="0.0" branchCoverage="0" maxCyclomaticComplexity="0" minCyclomaticComplexity="0" maxCrapScore="0" minCrapScore="0" visitedClasses="0" numClasses="0" visitedMethods="0" numMethods="1" />
              <MetadataToken>100665244</MetadataToken>
              <Name>static System.Void PlayFab.Internal.PlayFabHttp::_MakeApiCall[TResult](System.String, System.String, PlayFab.SharedModels.PlayFabRequestCommon, PlayFab.Internal.AuthType, System.Action[TResult], System.Action[PlayFabError], System.Object, System.Collections.Generic.Dictionary[String,String], System.Boolean, PlayFab.PlayFabAuthenticationContext, PlayFab.PlayFabApiSettings, PlayFab.SharedModels.IPlayFabInstanceApi)</Name>
              <FileRef uid="149" />
              <SequencePoints>
                <SequencePoint vc="0" uspid="48923" ordinal="0" offset="14" sl="153" sc="0" el="153" ec="0" bec="0" bev="0" fileid="149" />
                <SequencePoint vc="0" uspid="48924" ordinal="0" offset="15" sl="154" sc="0" el="154" ec="0" bec="0" bev="0" fileid="149" />
                <SequencePoint vc="0" uspid="48925" ordinal="0" offset="21" sl="155" sc="0" el="155" ec="0" bec="0" bev="0" fileid="149" />
                <SequencePoint vc="0" uspid="48926" ordinal="0" offset="31" sl="157" sc="0" el="157" ec="0" bec="0" bev="0" fileid="149" />
                <SequencePoint vc="0" uspid="48927" ordinal="0" offset="48" sl="158" sc="0" el="158" ec="0" bec="0" bev="0" fileid="149" />
                <SequencePoint vc="0" uspid="48928" ordinal="0" offset="165" sl="172" sc="0" el="172" ec="0" bec="0" bev="0" fileid="149" />
                <SequencePoint vc="0" uspid="48929" ordinal="0" offset="166" sl="172" sc="0" el="172" ec="0" bec="0" bev="0" fileid="149" />
                <SequencePoint vc="0" uspid="48930" ordinal="0" offset="179" sl="172" sc="0" el="172" ec="0" bec="0" bev="0" fileid="149" />
                <SequencePoint vc="0" uspid="48931" ordinal="0" offset="187" sl="173" sc="0" el="173" ec="0" bec="0" bev="0" fileid="149" />
                <SequencePoint vc="0" uspid="48932" ordinal="0" offset="219" sl="174" sc="0" el="174" ec="0" bec="0" bev="0" fileid="149" />
                <SequencePoint vc="0" uspid="48933" ordinal="0" offset="250" sl="172" sc="0" el="172" ec="0" bec="0" bev="0" fileid="149" />
                <SequencePoint vc="0" uspid="48934" ordinal="0" offset="276" sl="182" sc="0" el="182" ec="0" bec="0" bev="0" fileid="149" />
                <SequencePoint vc="0" uspid="48935" ordinal="0" offset="288" sl="183" sc="0" el="183" ec="0" bec="0" bev="0" fileid="149" />
                <SequencePoint vc="0" uspid="48936" ordinal="0" offset="315" sl="184" sc="0" el="184" ec="0" bec="0" bev="0" fileid="149" />
                <SequencePoint vc="0" uspid="48937" ordinal="0" offset="342" sl="185" sc="0" el="185" ec="0" bec="0" bev="0" fileid="149" />
                <SequencePoint vc="0" uspid="48938" ordinal="0" offset="379" sl="189" sc="0" el="189" ec="0" bec="0" bev="0" fileid="149" />
                <SequencePoint vc="0" uspid="48939" ordinal="0" offset="395" sl="189" sc="0" el="189" ec="0" bec="0" bev="0" fileid="149" />
                <SequencePoint vc="0" uspid="48940" ordinal="0" offset="407" sl="190" sc="0" el="190" ec="0" bec="0" bev="0" fileid="149" />
                <SequencePoint vc="0" uspid="48941" ordinal="0" offset="436" sl="190" sc="0" el="190" ec="0" bec="0" bev="0" fileid="149" />
                <SequencePoint vc="0" uspid="48942" ordinal="0" offset="438" sl="194" sc="0" el="194" ec="0" bec="0" bev="0" fileid="149" />
                <SequencePoint vc="0" uspid="48943" ordinal="0" offset="449" sl="195" sc="0" el="195" ec="0" bec="0" bev="0" fileid="149" />
                <SequencePoint vc="0" uspid="48944" ordinal="0" offset="478" sl="196" sc="0" el="196" ec="0" bec="0" bev="0" fileid="149" />
                <SequencePoint vc="0" uspid="48945" ordinal="0" offset="480" sl="200" sc="0" el="200" ec="0" bec="0" bev="0" fileid="149" />
                <SequencePoint vc="0" uspid="48946" ordinal="0" offset="491" sl="201" sc="0" el="201" ec="0" bec="0" bev="0" fileid="149" />
                <SequencePoint vc="0" uspid="48947" ordinal="0" offset="520" sl="202" sc="0" el="202" ec="0" bec="0" bev="0" fileid="149" />
                <SequencePoint vc="0" uspid="48948" ordinal="0" offset="522" sl="205" sc="0" el="205" ec="0" bec="0" bev="0" fileid="149" />
                <SequencePoint vc="0" uspid="48949" ordinal="0" offset="533" sl="206" sc="0" el="206" ec="0" bec="0" bev="0" fileid="149" />
                <SequencePoint vc="0" uspid="48950" ordinal="0" offset="562" sl="207" sc="0" el="207" ec="0" bec="0" bev="0" fileid="149" />
                <SequencePoint vc="0" uspid="48951" ordinal="0" offset="564" sl="211" sc="0" el="211" ec="0" bec="0" bev="0" fileid="149" />
                <SequencePoint vc="0" uspid="48952" ordinal="0" offset="587" sl="215" sc="0" el="215" ec="0" bec="0" bev="0" fileid="149" />
                <SequencePoint vc="0" uspid="48953" ordinal="0" offset="610" sl="223" sc="0" el="223" ec="0" bec="0" bev="0" fileid="149" />
                <SequencePoint vc="0" uspid="48954" ordinal="0" offset="631" sl="224" sc="0" el="224" ec="0" bec="0" bev="0" fileid="149" />
                <SequencePoint vc="0" uspid="48955" ordinal="0" offset="632" sl="225" sc="0" el="225" ec="0" bec="0" bev="0" fileid="149" />
                <SequencePoint vc="0" uspid="48956" ordinal="0" offset="648" sl="226" sc="0" el="226" ec="0" bec="0" bev="0" fileid="149" />
                <SequencePoint vc="0" uspid="48957" ordinal="0" offset="677" sl="227" sc="0" el="227" ec="0" bec="0" bev="0" fileid="149" />
                <SequencePoint vc="0" uspid="48958" ordinal="0" offset="690" sl="225" sc="0" el="225" ec="0" bec="0" bev="0" fileid="149" />
                <SequencePoint vc="0" uspid="48959" ordinal="0" offset="696" sl="225" sc="0" el="225" ec="0" bec="0" bev="0" fileid="149" />
                <SequencePoint vc="0" uspid="48960" ordinal="0" offset="710" sl="228" sc="0" el="228" ec="0" bec="0" bev="0" fileid="149" />
                <SequencePoint vc="0" uspid="48961" ordinal="0" offset="727" sl="229" sc="0" el="229" ec="0" bec="0" bev="0" fileid="149" />
                <SequencePoint vc="0" uspid="48962" ordinal="0" offset="730" sl="231" sc="0" el="231" ec="0" bec="0" bev="0" fileid="149" />
                <SequencePoint vc="0" uspid="48963" ordinal="0" offset="731" sl="232" sc="0" el="232" ec="0" bec="0" bev="0" fileid="149" />
                <SequencePoint vc="0" uspid="48964" ordinal="0" offset="744" sl="233" sc="0" el="233" ec="0" bec="0" bev="0" fileid="149" />
                <SequencePoint vc="0" uspid="48965" ordinal="0" offset="745" sl="234" sc="0" el="234" ec="0" bec="0" bev="0" fileid="149" />
              </SequencePoints>
              <BranchPoints />
            </Method>
          </Methods>
        </Class>
        <Class>
          <Summary numSequencePoints="3" visitedSequencePoints="0" numBranchPoints="0" visitedBranchPoints="0" sequenceCoverage="0.0" branchCoverage="0.0" maxCyclomaticComplexity="0" minCyclomaticComplexity="0" maxCrapScore="0" minCrapScore="0" visitedClasses="0" numClasses="1" visitedMethods="0" numMethods="1" />
          <FullName>PlayFab.Internal.ApiProcessingEventArgs</FullName>
          <Methods>
            <Method visited="false" cyclomaticComplexity="0" nPathComplexity="0" sequenceCoverage="0.0" branchCoverage="0" crapScore="0" isConstructor="false" isStatic="false" isGetter="false" isSetter="false">
              <Summary numSequencePoints="3" visitedSequencePoints="0" numBranchPoints="0" visitedBranchPoints="0" sequenceCoverage="0.0" branchCoverage="0" maxCyclomaticComplexity="0" minCyclomaticComplexity="0" maxCrapScore="0" minCrapScore="0" visitedClasses="0" numClasses="0" visitedMethods="0" numMethods="1" />
              <MetadataToken>100665260</MetadataToken>
              <Name>TRequest PlayFab.Internal.ApiProcessingEventArgs::GetRequest[TRequest]()</Name>
              <FileRef uid="149" />
              <SequencePoints>
                <SequencePoint vc="0" uspid="49117" ordinal="0" offset="0" sl="499" sc="0" el="499" ec="0" bec="0" bev="0" fileid="149" />
                <SequencePoint vc="0" uspid="49118" ordinal="0" offset="1" sl="500" sc="0" el="500" ec="0" bec="0" bev="0" fileid="149" />
                <SequencePoint vc="0" uspid="49119" ordinal="0" offset="20" sl="501" sc="0" el="501" ec="0" bec="0" bev="0" fileid="149" />
              </SequencePoints>
              <BranchPoints />
            </Method>
          </Methods>
        </Class>
        <Class>
          <Summary numSequencePoints="32" visitedSequencePoints="0" numBranchPoints="0" visitedBranchPoints="0" sequenceCoverage="0.0" branchCoverage="0.0" maxCyclomaticComplexity="0" minCyclomaticComplexity="0" maxCrapScore="0" minCrapScore="0" visitedClasses="0" numClasses="1" visitedMethods="0" numMethods="4" />
          <FullName>PlayFab.Internal.SingletonMonoBehaviour[T]</FullName>
          <Methods>
            <Method visited="false" cyclomaticComplexity="0" nPathComplexity="0" sequenceCoverage="0.0" branchCoverage="0" crapScore="0" isConstructor="false" isStatic="true" isGetter="true" isSetter="false">
              <Summary numSequencePoints="4" visitedSequencePoints="0" numBranchPoints="0" visitedBranchPoints="0" sequenceCoverage="0.0" branchCoverage="0" maxCyclomaticComplexity="0" minCyclomaticComplexity="0" maxCrapScore="0" minCrapScore="0" visitedClasses="0" numClasses="0" visitedMethods="0" numMethods="1" />
              <MetadataToken>100665299</MetadataToken>
              <Name>static T PlayFab.Internal.SingletonMonoBehaviour[T]::get_instance()</Name>
              <FileRef uid="152" />
              <SequencePoints>
                <SequencePoint vc="0" uspid="49551" ordinal="0" offset="0" sl="13" sc="0" el="13" ec="0" bec="0" bev="0" fileid="152" />
                <SequencePoint vc="0" uspid="49552" ordinal="0" offset="1" sl="14" sc="0" el="14" ec="0" bec="0" bev="0" fileid="152" />
                <SequencePoint vc="0" uspid="49553" ordinal="0" offset="7" sl="15" sc="0" el="15" ec="0" bec="0" bev="0" fileid="152" />
                <SequencePoint vc="0" uspid="49554" ordinal="0" offset="15" sl="16" sc="0" el="16" ec="0" bec="0" bev="0" fileid="152" />
              </SequencePoints>
              <BranchPoints />
            </Method>
            <Method visited="false" cyclomaticComplexity="0" nPathComplexity="0" sequenceCoverage="0.0" branchCoverage="0" crapScore="0" isConstructor="false" isStatic="true" isGetter="false" isSetter="false">
              <Summary numSequencePoints="16" visitedSequencePoints="0" numBranchPoints="0" visitedBranchPoints="0" sequenceCoverage="0.0" branchCoverage="0" maxCyclomaticComplexity="0" minCyclomaticComplexity="0" maxCrapScore="0" minCrapScore="0" visitedClasses="0" numClasses="0" visitedMethods="0" numMethods="1" />
              <MetadataToken>100665300</MetadataToken>
              <Name>static System.Void PlayFab.Internal.SingletonMonoBehaviour[T]::CreateInstance()</Name>
              <FileRef uid="152" />
              <SequencePoints>
                <SequencePoint vc="0" uspid="49555" ordinal="0" offset="0" sl="20" sc="0" el="20" ec="0" bec="0" bev="0" fileid="152" />
                <SequencePoint vc="0" uspid="49556" ordinal="0" offset="1" sl="21" sc="0" el="21" ec="0" bec="0" bev="0" fileid="152" />
                <SequencePoint vc="0" uspid="49557" ordinal="0" offset="21" sl="22" sc="0" el="22" ec="0" bec="0" bev="0" fileid="152" />
                <SequencePoint vc="0" uspid="49558" ordinal="0" offset="22" sl="24" sc="0" el="24" ec="0" bec="0" bev="0" fileid="152" />
                <SequencePoint vc="0" uspid="49559" ordinal="0" offset="32" sl="25" sc="0" el="25" ec="0" bec="0" bev="0" fileid="152" />
                <SequencePoint vc="0" uspid="49560" ordinal="0" offset="52" sl="26" sc="0" el="26" ec="0" bec="0" bev="0" fileid="152" />
                <SequencePoint vc="0" uspid="49561" ordinal="0" offset="53" sl="28" sc="0" el="28" ec="0" bec="0" bev="0" fileid="152" />
                <SequencePoint vc="0" uspid="49562" ordinal="0" offset="74" sl="29" sc="0" el="29" ec="0" bec="0" bev="0" fileid="152" />
                <SequencePoint vc="0" uspid="49563" ordinal="0" offset="85" sl="30" sc="0" el="30" ec="0" bec="0" bev="0" fileid="152" />
                <SequencePoint vc="0" uspid="49564" ordinal="0" offset="86" sl="32" sc="0" el="32" ec="0" bec="0" bev="0" fileid="152" />
                <SequencePoint vc="0" uspid="49565" ordinal="0" offset="108" sl="33" sc="0" el="33" ec="0" bec="0" bev="0" fileid="152" />
                <SequencePoint vc="0" uspid="49566" ordinal="0" offset="109" sl="34" sc="0" el="34" ec="0" bec="0" bev="0" fileid="152" />
                <SequencePoint vc="0" uspid="49567" ordinal="0" offset="125" sl="35" sc="0" el="35" ec="0" bec="0" bev="0" fileid="152" />
                <SequencePoint vc="0" uspid="49568" ordinal="0" offset="141" sl="36" sc="0" el="36" ec="0" bec="0" bev="0" fileid="152" />
                <SequencePoint vc="0" uspid="49569" ordinal="0" offset="142" sl="37" sc="0" el="37" ec="0" bec="0" bev="0" fileid="152" />
                <SequencePoint vc="0" uspid="49570" ordinal="0" offset="143" sl="38" sc="0" el="38" ec="0" bec="0" bev="0" fileid="152" />
              </SequencePoints>
              <BranchPoints />
            </Method>
            <Method visited="false" cyclomaticComplexity="0" nPathComplexity="0" sequenceCoverage="0.0" branchCoverage="0" crapScore="0" isConstructor="false" isStatic="false" isGetter="false" isSetter="false">
              <Summary numSequencePoints="10" visitedSequencePoints="0" numBranchPoints="0" visitedBranchPoints="0" sequenceCoverage="0.0" branchCoverage="0" maxCyclomaticComplexity="0" minCyclomaticComplexity="0" maxCrapScore="0" minCrapScore="0" visitedClasses="0" numClasses="0" visitedMethods="0" numMethods="1" />
              <MetadataToken>100665301</MetadataToken>
              <Name>System.Void PlayFab.Internal.SingletonMonoBehaviour[T]::Awake()</Name>
              <FileRef uid="152" />
              <SequencePoints>
                <SequencePoint vc="0" uspid="49571" ordinal="0" offset="0" sl="41" sc="0" el="41" ec="0" bec="0" bev="0" fileid="152" />
                <SequencePoint vc="0" uspid="49572" ordinal="0" offset="1" sl="42" sc="0" el="42" ec="0" bec="0" bev="0" fileid="152" />
                <SequencePoint vc="0" uspid="49573" ordinal="0" offset="10" sl="43" sc="0" el="43" ec="0" bec="0" bev="0" fileid="152" />
                <SequencePoint vc="0" uspid="49574" ordinal="0" offset="11" sl="44" sc="0" el="44" ec="0" bec="0" bev="0" fileid="152" />
                <SequencePoint vc="0" uspid="49575" ordinal="0" offset="18" sl="45" sc="0" el="45" ec="0" bec="0" bev="0" fileid="152" />
                <SequencePoint vc="0" uspid="49576" ordinal="0" offset="19" sl="48" sc="0" el="48" ec="0" bec="0" bev="0" fileid="152" />
                <SequencePoint vc="0" uspid="49577" ordinal="0" offset="39" sl="49" sc="0" el="49" ec="0" bec="0" bev="0" fileid="152" />
                <SequencePoint vc="0" uspid="49578" ordinal="0" offset="40" sl="50" sc="0" el="50" ec="0" bec="0" bev="0" fileid="152" />
                <SequencePoint vc="0" uspid="49579" ordinal="0" offset="52" sl="51" sc="0" el="51" ec="0" bec="0" bev="0" fileid="152" />
                <SequencePoint vc="0" uspid="49580" ordinal="0" offset="53" sl="52" sc="0" el="52" ec="0" bec="0" bev="0" fileid="152" />
              </SequencePoints>
              <BranchPoints />
            </Method>
            <Method visited="false" cyclomaticComplexity="0" nPathComplexity="0" sequenceCoverage="0.0" branchCoverage="0" crapScore="0" isConstructor="false" isStatic="false" isGetter="false" isSetter="false">
              <Summary numSequencePoints="2" visitedSequencePoints="0" numBranchPoints="0" visitedBranchPoints="0" sequenceCoverage="0.0" branchCoverage="0" maxCyclomaticComplexity="0" minCyclomaticComplexity="0" maxCrapScore="0" minCrapScore="0" visitedClasses="0" numClasses="0" visitedMethods="0" numMethods="1" />
              <MetadataToken>100665302</MetadataToken>
              <Name>System.Void PlayFab.Internal.SingletonMonoBehaviour[T]::Initialize()</Name>
              <FileRef uid="152" />
              <SequencePoints>
                <SequencePoint vc="0" uspid="49581" ordinal="0" offset="0" sl="56" sc="0" el="56" ec="0" bec="0" bev="0" fileid="152" />
                <SequencePoint vc="0" uspid="49582" ordinal="0" offset="1" sl="56" sc="0" el="56" ec="0" bec="0" bev="0" fileid="152" />
              </SequencePoints>
              <BranchPoints />
            </Method>
          </Methods>
        </Class>
        <Class>
          <Summary numSequencePoints="11" visitedSequencePoints="0" numBranchPoints="0" visitedBranchPoints="0" sequenceCoverage="0.0" branchCoverage="0.0" maxCyclomaticComplexity="0" minCyclomaticComplexity="0" maxCrapScore="0" minCrapScore="0" visitedClasses="0" numClasses="1" visitedMethods="0" numMethods="1" />
          <FullName>PlayFab.Internal.PlayFabUtil</FullName>
          <Methods>
            <Method visited="false" cyclomaticComplexity="0" nPathComplexity="0" sequenceCoverage="0.0" branchCoverage="0" crapScore="0" isConstructor="false" isStatic="true" isGetter="false" isSetter="false">
              <Summary numSequencePoints="11" visitedSequencePoints="0" numBranchPoints="0" visitedBranchPoints="0" sequenceCoverage="0.0" branchCoverage="0" maxCyclomaticComplexity="0" minCyclomaticComplexity="0" maxCrapScore="0" minCrapScore="0" visitedClasses="0" numClasses="0" visitedMethods="0" numMethods="1" />
              <MetadataToken>100665309</MetadataToken>
              <Name>static T PlayFab.Internal.PlayFabUtil::TryEnumParse[T](System.String, T)</Name>
              <FileRef uid="153" />
              <SequencePoints>
                <SequencePoint vc="0" uspid="49613" ordinal="0" offset="0" sl="95" sc="0" el="95" ec="0" bec="0" bev="0" fileid="153" />
                <SequencePoint vc="0" uspid="49614" ordinal="0" offset="1" sl="97" sc="0" el="97" ec="0" bec="0" bev="0" fileid="153" />
                <SequencePoint vc="0" uspid="49615" ordinal="0" offset="2" sl="98" sc="0" el="98" ec="0" bec="0" bev="0" fileid="153" />
                <SequencePoint vc="0" uspid="49616" ordinal="0" offset="26" sl="100" sc="0" el="100" ec="0" bec="0" bev="0" fileid="153" />
                <SequencePoint vc="0" uspid="49617" ordinal="0" offset="27" sl="101" sc="0" el="101" ec="0" bec="0" bev="0" fileid="153" />
                <SequencePoint vc="0" uspid="49618" ordinal="0" offset="28" sl="102" sc="0" el="102" ec="0" bec="0" bev="0" fileid="153" />
                <SequencePoint vc="0" uspid="49619" ordinal="0" offset="32" sl="104" sc="0" el="104" ec="0" bec="0" bev="0" fileid="153" />
                <SequencePoint vc="0" uspid="49620" ordinal="0" offset="33" sl="105" sc="0" el="105" ec="0" bec="0" bev="0" fileid="153" />
                <SequencePoint vc="0" uspid="49621" ordinal="0" offset="34" sl="106" sc="0" el="106" ec="0" bec="0" bev="0" fileid="153" />
                <SequencePoint vc="0" uspid="49622" ordinal="0" offset="56" sl="107" sc="0" el="107" ec="0" bec="0" bev="0" fileid="153" />
                <SequencePoint vc="0" uspid="49623" ordinal="0" offset="60" sl="109" sc="0" el="109" ec="0" bec="0" bev="0" fileid="153" />
              </SequencePoints>
              <BranchPoints />
            </Method>
          </Methods>
        </Class>
        <Class>
          <Summary numSequencePoints="13" visitedSequencePoints="0" numBranchPoints="0" visitedBranchPoints="0" sequenceCoverage="0.0" branchCoverage="0.0" maxCyclomaticComplexity="0" minCyclomaticComplexity="0" maxCrapScore="0" minCrapScore="0" visitedClasses="0" numClasses="1" visitedMethods="0" numMethods="1" />
          <FullName>PlayFab.PlayFabClientAPI&lt;&gt;c__DisplayClass22_0[TOut]</FullName>
          <Methods>
            <Method visited="false" cyclomaticComplexity="0" nPathComplexity="0" sequenceCoverage="0.0" branchCoverage="0" crapScore="0" isConstructor="false" isStatic="false" isGetter="false" isSetter="false">
              <Summary numSequencePoints="13" visitedSequencePoints="0" numBranchPoints="0" visitedBranchPoints="0" sequenceCoverage="0.0" branchCoverage="0" maxCyclomaticComplexity="0" minCyclomaticComplexity="0" maxCrapScore="0" minCrapScore="0" visitedClasses="0" numClasses="0" visitedMethods="0" numMethods="1" />
              <MetadataToken>100667556</MetadataToken>
              <Name>System.Void PlayFab.PlayFabClientAPI&lt;&gt;c__DisplayClass22_0[TOut]::&lt;ExecuteCloudScript&gt;b__0(PlayFab.ClientModels.ExecuteCloudScriptResult)</Name>
              <FileRef uid="109" />
              <SequencePoints>
                <SequencePoint vc="0" uspid="67348" ordinal="0" offset="0" sl="310" sc="0" el="310" ec="0" bec="0" bev="0" fileid="109" />
                <SequencePoint vc="0" uspid="67349" ordinal="0" offset="1" sl="311" sc="0" el="311" ec="0" bec="0" bev="0" fileid="109" />
                <SequencePoint vc="0" uspid="67350" ordinal="0" offset="13" sl="312" sc="0" el="312" ec="0" bec="0" bev="0" fileid="109" />
                <SequencePoint vc="0" uspid="67351" ordinal="0" offset="26" sl="313" sc="0" el="313" ec="0" bec="0" bev="0" fileid="109" />
                <SequencePoint vc="0" uspid="67352" ordinal="0" offset="27" sl="314" sc="0" el="314" ec="0" bec="0" bev="0" fileid="109" />
                <SequencePoint vc="0" uspid="67353" ordinal="0" offset="45" sl="315" sc="0" el="315" ec="0" bec="0" bev="0" fileid="109" />
                <SequencePoint vc="0" uspid="67354" ordinal="0" offset="48" sl="315" sc="0" el="315" ec="0" bec="0" bev="0" fileid="109" />
                <SequencePoint vc="0" uspid="67355" ordinal="0" offset="49" sl="315" sc="0" el="315" ec="0" bec="0" bev="0" fileid="109" />
                <SequencePoint vc="0" uspid="67356" ordinal="0" offset="50" sl="316" sc="0" el="316" ec="0" bec="0" bev="0" fileid="109" />
                <SequencePoint vc="0" uspid="67357" ordinal="0" offset="57" sl="317" sc="0" el="317" ec="0" bec="0" bev="0" fileid="109" />
                <SequencePoint vc="0" uspid="67358" ordinal="0" offset="125" sl="318" sc="0" el="318" ec="0" bec="0" bev="0" fileid="109" />
                <SequencePoint vc="0" uspid="67359" ordinal="0" offset="128" sl="319" sc="0" el="319" ec="0" bec="0" bev="0" fileid="109" />
                <SequencePoint vc="0" uspid="67360" ordinal="0" offset="141" sl="320" sc="0" el="320" ec="0" bec="0" bev="0" fileid="109" />
              </SequencePoints>
              <BranchPoints />
            </Method>
          </Methods>
        </Class>
        <Class>
          <Summary numSequencePoints="13" visitedSequencePoints="0" numBranchPoints="0" visitedBranchPoints="0" sequenceCoverage="0.0" branchCoverage="0.0" maxCyclomaticComplexity="0" minCyclomaticComplexity="0" maxCrapScore="0" minCrapScore="0" visitedClasses="0" numClasses="1" visitedMethods="0" numMethods="1" />
          <FullName>PlayFab.PlayFabClientInstanceAPI&lt;&gt;c__DisplayClass27_0[TOut]</FullName>
          <Methods>
            <Method visited="false" cyclomaticComplexity="0" nPathComplexity="0" sequenceCoverage="0.0" branchCoverage="0" crapScore="0" isConstructor="false" isStatic="false" isGetter="false" isSetter="false">
              <Summary numSequencePoints="13" visitedSequencePoints="0" numBranchPoints="0" visitedBranchPoints="0" sequenceCoverage="0.0" branchCoverage="0" maxCyclomaticComplexity="0" minCyclomaticComplexity="0" maxCrapScore="0" minCrapScore="0" visitedClasses="0" numClasses="0" visitedMethods="0" numMethods="1" />
              <MetadataToken>100667558</MetadataToken>
              <Name>System.Void PlayFab.PlayFabClientInstanceAPI&lt;&gt;c__DisplayClass27_0[TOut]::&lt;ExecuteCloudScript&gt;b__0(PlayFab.ClientModels.ExecuteCloudScriptResult)</Name>
              <FileRef uid="110" />
              <SequencePoints>
                <SequencePoint vc="0" uspid="67361" ordinal="0" offset="0" sl="298" sc="0" el="298" ec="0" bec="0" bev="0" fileid="110" />
                <SequencePoint vc="0" uspid="67362" ordinal="0" offset="1" sl="299" sc="0" el="299" ec="0" bec="0" bev="0" fileid="110" />
                <SequencePoint vc="0" uspid="67363" ordinal="0" offset="13" sl="300" sc="0" el="300" ec="0" bec="0" bev="0" fileid="110" />
                <SequencePoint vc="0" uspid="67364" ordinal="0" offset="26" sl="301" sc="0" el="301" ec="0" bec="0" bev="0" fileid="110" />
                <SequencePoint vc="0" uspid="67365" ordinal="0" offset="27" sl="302" sc="0" el="302" ec="0" bec="0" bev="0" fileid="110" />
                <SequencePoint vc="0" uspid="67366" ordinal="0" offset="45" sl="303" sc="0" el="303" ec="0" bec="0" bev="0" fileid="110" />
                <SequencePoint vc="0" uspid="67367" ordinal="0" offset="48" sl="303" sc="0" el="303" ec="0" bec="0" bev="0" fileid="110" />
                <SequencePoint vc="0" uspid="67368" ordinal="0" offset="49" sl="303" sc="0" el="303" ec="0" bec="0" bev="0" fileid="110" />
                <SequencePoint vc="0" uspid="67369" ordinal="0" offset="50" sl="304" sc="0" el="304" ec="0" bec="0" bev="0" fileid="110" />
                <SequencePoint vc="0" uspid="67370" ordinal="0" offset="57" sl="305" sc="0" el="305" ec="0" bec="0" bev="0" fileid="110" />
                <SequencePoint vc="0" uspid="67371" ordinal="0" offset="125" sl="306" sc="0" el="306" ec="0" bec="0" bev="0" fileid="110" />
                <SequencePoint vc="0" uspid="67372" ordinal="0" offset="128" sl="307" sc="0" el="307" ec="0" bec="0" bev="0" fileid="110" />
                <SequencePoint vc="0" uspid="67373" ordinal="0" offset="141" sl="308" sc="0" el="308" ec="0" bec="0" bev="0" fileid="110" />
              </SequencePoints>
              <BranchPoints />
            </Method>
          </Methods>
        </Class>
        <Class>
          <Summary numSequencePoints="3" visitedSequencePoints="3" numBranchPoints="0" visitedBranchPoints="0" sequenceCoverage="100.0" branchCoverage="0.0" maxCyclomaticComplexity="0" minCyclomaticComplexity="0" maxCrapScore="0" minCrapScore="0" visitedClasses="1" numClasses="1" visitedMethods="1" numMethods="1" />
          <FullName>PlayFab.PlayFabSettings/&lt;&gt;c</FullName>
          <Methods>
            <Method visited="true" cyclomaticComplexity="0" nPathComplexity="0" sequenceCoverage="100.0" branchCoverage="0" crapScore="0" isConstructor="false" isStatic="false" isGetter="false" isSetter="false">
              <Summary numSequencePoints="3" visitedSequencePoints="3" numBranchPoints="0" visitedBranchPoints="0" sequenceCoverage="100.0" branchCoverage="0" maxCyclomaticComplexity="0" minCyclomaticComplexity="0" maxCrapScore="0" minCrapScore="0" visitedClasses="0" numClasses="0" visitedMethods="1" numMethods="1" />
              <MetadataToken>100667561</MetadataToken>
              <Name>PlayFabSharedSettings PlayFab.PlayFabSettings/&lt;&gt;c::&lt;.cctor&gt;b__0_0()</Name>
              <FileRef uid="138" />
              <SequencePoints>
                <SequencePoint vc="460" uspid="67374" ordinal="0" offset="0" sl="62" sc="102" el="62" ec="102" bec="0" bev="0" fileid="138" />
                <SequencePoint vc="460" uspid="67375" ordinal="0" offset="1" sl="62" sc="104" el="62" ec="104" bec="0" bev="0" fileid="138" />
                <SequencePoint vc="460" uspid="67376" ordinal="0" offset="9" sl="62" sc="133" el="62" ec="133" bec="0" bev="0" fileid="138" />
              </SequencePoints>
              <BranchPoints />
            </Method>
          </Methods>
        </Class>
        <Class>
          <Summary numSequencePoints="74" visitedSequencePoints="0" numBranchPoints="0" visitedBranchPoints="0" sequenceCoverage="0.0" branchCoverage="0.0" maxCyclomaticComplexity="0" minCyclomaticComplexity="0" maxCrapScore="0" minCrapScore="0" visitedClasses="0" numClasses="1" visitedMethods="0" numMethods="20" />
          <FullName>PlayFab.Json.ReflectionUtilsThreadSafeDictionary[TKey,TValue]</FullName>
          <Methods>
            <Method visited="false" cyclomaticComplexity="0" nPathComplexity="0" sequenceCoverage="0.0" branchCoverage="0" crapScore="0" isConstructor="false" isStatic="false" isGetter="false" isSetter="false">
              <Summary numSequencePoints="7" visitedSequencePoints="0" numBranchPoints="0" visitedBranchPoints="0" sequenceCoverage="0.0" branchCoverage="0" maxCyclomaticComplexity="0" minCyclomaticComplexity="0" maxCrapScore="0" minCrapScore="0" visitedClasses="0" numClasses="0" visitedMethods="0" numMethods="1" />
              <MetadataToken>100667582</MetadataToken>
              <Name>TValue PlayFab.Json.ReflectionUtilsThreadSafeDictionary[TKey,TValue]::Get(TKey)</Name>
              <FileRef uid="143" />
              <SequencePoints>
                <SequencePoint vc="0" uspid="67424" ordinal="0" offset="0" sl="1962" sc="0" el="1962" ec="0" bec="0" bev="0" fileid="143" />
                <SequencePoint vc="0" uspid="67425" ordinal="0" offset="1" sl="1963" sc="0" el="1963" ec="0" bec="0" bev="0" fileid="143" />
                <SequencePoint vc="0" uspid="67426" ordinal="0" offset="14" sl="1964" sc="0" el="1964" ec="0" bec="0" bev="0" fileid="143" />
                <SequencePoint vc="0" uspid="67427" ordinal="0" offset="24" sl="1966" sc="0" el="1966" ec="0" bec="0" bev="0" fileid="143" />
                <SequencePoint vc="0" uspid="67428" ordinal="0" offset="45" sl="1967" sc="0" el="1967" ec="0" bec="0" bev="0" fileid="143" />
                <SequencePoint vc="0" uspid="67429" ordinal="0" offset="55" sl="1968" sc="0" el="1968" ec="0" bec="0" bev="0" fileid="143" />
                <SequencePoint vc="0" uspid="67430" ordinal="0" offset="59" sl="1969" sc="0" el="1969" ec="0" bec="0" bev="0" fileid="143" />
              </SequencePoints>
              <BranchPoints />
            </Method>
            <Method visited="false" cyclomaticComplexity="0" nPathComplexity="0" sequenceCoverage="0.0" branchCoverage="0" crapScore="0" isConstructor="false" isStatic="false" isGetter="false" isSetter="false">
              <Summary numSequencePoints="19" visitedSequencePoints="0" numBranchPoints="0" visitedBranchPoints="0" sequenceCoverage="0.0" branchCoverage="0" maxCyclomaticComplexity="0" minCyclomaticComplexity="0" maxCrapScore="0" minCrapScore="0" visitedClasses="0" numClasses="0" visitedMethods="0" numMethods="1" />
              <MetadataToken>100667583</MetadataToken>
              <Name>TValue PlayFab.Json.ReflectionUtilsThreadSafeDictionary[TKey,TValue]::AddValue(TKey)</Name>
              <FileRef uid="143" />
              <SequencePoints>
                <SequencePoint vc="0" uspid="67431" ordinal="0" offset="0" sl="1972" sc="0" el="1972" ec="0" bec="0" bev="0" fileid="143" />
                <SequencePoint vc="0" uspid="67432" ordinal="0" offset="1" sl="1973" sc="0" el="1973" ec="0" bec="0" bev="0" fileid="143" />
                <SequencePoint vc="0" uspid="67433" ordinal="0" offset="14" sl="1974" sc="0" el="1974" ec="0" bec="0" bev="0" fileid="143" />
                <SequencePoint vc="0" uspid="67434" ordinal="0" offset="32" sl="1975" sc="0" el="1975" ec="0" bec="0" bev="0" fileid="143" />
                <SequencePoint vc="0" uspid="67435" ordinal="0" offset="33" sl="1976" sc="0" el="1976" ec="0" bec="0" bev="0" fileid="143" />
                <SequencePoint vc="0" uspid="67436" ordinal="0" offset="46" sl="1977" sc="0" el="1977" ec="0" bec="0" bev="0" fileid="143" />
                <SequencePoint vc="0" uspid="67437" ordinal="0" offset="47" sl="1978" sc="0" el="1978" ec="0" bec="0" bev="0" fileid="143" />
                <SequencePoint vc="0" uspid="67438" ordinal="0" offset="58" sl="1979" sc="0" el="1979" ec="0" bec="0" bev="0" fileid="143" />
                <SequencePoint vc="0" uspid="67439" ordinal="0" offset="72" sl="1980" sc="0" el="1980" ec="0" bec="0" bev="0" fileid="143" />
                <SequencePoint vc="0" uspid="67440" ordinal="0" offset="75" sl="1982" sc="0" el="1982" ec="0" bec="0" bev="0" fileid="143" />
                <SequencePoint vc="0" uspid="67441" ordinal="0" offset="76" sl="1984" sc="0" el="1984" ec="0" bec="0" bev="0" fileid="143" />
                <SequencePoint vc="0" uspid="67442" ordinal="0" offset="96" sl="1985" sc="0" el="1985" ec="0" bec="0" bev="0" fileid="143" />
                <SequencePoint vc="0" uspid="67443" ordinal="0" offset="102" sl="1986" sc="0" el="1986" ec="0" bec="0" bev="0" fileid="143" />
                <SequencePoint vc="0" uspid="67444" ordinal="0" offset="115" sl="1987" sc="0" el="1987" ec="0" bec="0" bev="0" fileid="143" />
                <SequencePoint vc="0" uspid="67445" ordinal="0" offset="125" sl="1988" sc="0" el="1988" ec="0" bec="0" bev="0" fileid="143" />
                <SequencePoint vc="0" uspid="67446" ordinal="0" offset="133" sl="1989" sc="0" el="1989" ec="0" bec="0" bev="0" fileid="143" />
                <SequencePoint vc="0" uspid="67447" ordinal="0" offset="134" sl="1990" sc="0" el="1990" ec="0" bec="0" bev="0" fileid="143" />
                <SequencePoint vc="0" uspid="67448" ordinal="0" offset="148" sl="1991" sc="0" el="1991" ec="0" bec="0" bev="0" fileid="143" />
                <SequencePoint vc="0" uspid="67449" ordinal="0" offset="153" sl="1992" sc="0" el="1992" ec="0" bec="0" bev="0" fileid="143" />
              </SequencePoints>
              <BranchPoints />
            </Method>
            <Method visited="false" cyclomaticComplexity="0" nPathComplexity="0" sequenceCoverage="0.0" branchCoverage="0" crapScore="0" isConstructor="false" isStatic="false" isGetter="false" isSetter="false">
[...]
              <MetadataToken>100663348</MetadataToken>
              <Name>T PhatTest::GetPrivateField[T](System.String)</Name>
              <FileRef uid="179" />
              <SequencePoints>
                <SequencePoint vc="0" uspid="70797" ordinal="0" offset="0" sl="58" sc="0" el="58" ec="0" bec="0" bev="0" fileid="179" />
                <SequencePoint vc="0" uspid="70798" ordinal="0" offset="1" sl="59" sc="0" el="59" ec="0" bec="0" bev="0" fileid="179" />
                <SequencePoint vc="0" uspid="70799" ordinal="0" offset="20" sl="60" sc="0" el="60" ec="0" bec="0" bev="0" fileid="179" />
                <SequencePoint vc="0" uspid="70800" ordinal="0" offset="48" sl="61" sc="0" el="61" ec="0" bec="0" bev="0" fileid="179" />
                <SequencePoint vc="0" uspid="70801" ordinal="0" offset="68" sl="62" sc="0" el="62" ec="0" bec="0" bev="0" fileid="179" />
              </SequencePoints>
              <BranchPoints />
            </Method>
          </Methods>
        </Class>
        <Class>
          <Summary numSequencePoints="5" visitedSequencePoints="0" numBranchPoints="0" visitedBranchPoints="0" sequenceCoverage="0.0" branchCoverage="0.0" maxCyclomaticComplexity="0" minCyclomaticComplexity="0" maxCrapScore="0" minCrapScore="0" visitedClasses="0" numClasses="1" visitedMethods="0" numMethods="1" />
          <FullName>VuTest</FullName>
          <Methods>
            <Method visited="false" cyclomaticComplexity="0" nPathComplexity="0" sequenceCoverage="0.0" branchCoverage="0" crapScore="0" isConstructor="false" isStatic="false" isGetter="false" isSetter="false">
              <Summary numSequencePoints="5" visitedSequencePoints="0" numBranchPoints="0" visitedBranchPoints="0" sequenceCoverage="0.0" branchCoverage="0" maxCyclomaticComplexity="0" minCyclomaticComplexity="0" maxCrapScore="0" minCrapScore="0" visitedClasses="0" numClasses="0" visitedMethods="0" numMethods="1" />
              <MetadataToken>100663371</MetadataToken>
              <Name>T VuTest::GetPrivateField[T](System.String)</Name>
              <FileRef uid="180" />
              <SequencePoints>
                <SequencePoint vc="0" uspid="70815" ordinal="0" offset="0" sl="58" sc="0" el="58" ec="0" bec="0" bev="0" fileid="180" />
                <SequencePoint vc="0" uspid="70816" ordinal="0" offset="1" sl="59" sc="0" el="59" ec="0" bec="0" bev="0" fileid="180" />
                <SequencePoint vc="0" uspid="70817" ordinal="0" offset="20" sl="60" sc="0" el="60" ec="0" bec="0" bev="0" fileid="180" />
                <SequencePoint vc="0" uspid="70818" ordinal="0" offset="48" sl="61" sc="0" el="61" ec="0" bec="0" bev="0" fileid="180" />
                <SequencePoint vc="0" uspid="70819" ordinal="0" offset="68" sl="62" sc="0" el="62" ec="0" bec="0" bev="0" fileid="180" />
              </SequencePoints>
              <BranchPoints />
            </Method>
          </Methods>
        </Class>
        <Class>
          <Summary numSequencePoints="8" visitedSequencePoints="8" numBranchPoints="0" visitedBranchPoints="0" sequenceCoverage="100.0" branchCoverage="0.0" maxCyclomaticComplexity="0" minCyclomaticComplexity="0" maxCrapScore="0" minCrapScore="0" visitedClasses="1" numClasses="1" visitedMethods="1" numMethods="1" />
          <FullName>RunToLife_Assignment_Tests/&lt;Lab6_Logic_MuteButton&gt;d__2</FullName>
          <Methods>
            <Method visited="true" cyclomaticComplexity="0" nPathComplexity="0" sequenceCoverage="100.0" branchCoverage="0" crapScore="0" isConstructor="false" isStatic="false" isGetter="false" isSetter="false">
              <Summary numSequencePoints="8" visitedSequencePoints="8" numBranchPoints="0" visitedBranchPoints="0" sequenceCoverage="100.0" branchCoverage="0" maxCyclomaticComplexity="0" minCyclomaticComplexity="0" maxCrapScore="0" minCrapScore="0" visitedClasses="0" numClasses="0" visitedMethods="1" numMethods="1" />
              <MetadataToken>100663652</MetadataToken>
              <Name>System.Boolean RunToLife_Assignment_Tests/&lt;Lab6_Logic_MuteButton&gt;d__2::MoveNext()</Name>
              <FileRef uid="181" />
              <SequencePoints>
                <SequencePoint vc="1" uspid="71243" ordinal="0" offset="31" sl="53" sc="5" el="53" ec="5" bec="0" bev="0" fileid="181" />
                <SequencePoint vc="1" uspid="71244" ordinal="0" offset="32" sl="54" sc="9" el="54" ec="9" bec="0" bev="0" fileid="181" />
                <SequencePoint vc="1" uspid="71245" ordinal="0" offset="43" sl="57" sc="9" el="57" ec="9" bec="0" bev="0" fileid="181" />
                <SequencePoint vc="1" uspid="71246" ordinal="0" offset="55" sl="58" sc="9" el="58" ec="9" bec="0" bev="0" fileid="181" />
                <SequencePoint vc="1" uspid="71247" ordinal="0" offset="87" sl="61" sc="9" el="61" ec="9" bec="0" bev="0" fileid="181" />
                <SequencePoint vc="1" uspid="71248" ordinal="0" offset="99" sl="62" sc="9" el="62" ec="9" bec="0" bev="0" fileid="181" />
                <SequencePoint vc="1" uspid="71249" ordinal="0" offset="131" sl="64" sc="9" el="64" ec="9" bec="0" bev="0" fileid="181" />
                <SequencePoint vc="1" uspid="71250" ordinal="0" offset="154" sl="65" sc="5" el="65" ec="5" bec="0" bev="0" fileid="181" />
              </SequencePoints>
              <BranchPoints />
            </Method>
          </Methods>
        </Class>
        <Class>
          <Summary numSequencePoints="8" visitedSequencePoints="8" numBranchPoints="0" visitedBranchPoints="0" sequenceCoverage="100.0" branchCoverage="0.0" maxCyclomaticComplexity="0" minCyclomaticComplexity="0" maxCrapScore="0" minCrapScore="0" visitedClasses="1" numClasses="1" visitedMethods="1" numMethods="1" />
          <FullName>RunToLife_Assignment_Tests/&lt;Lab6_Visual_PlayerJump&gt;d__1</FullName>
          <Methods>
            <Method visited="true" cyclomaticComplexity="0" nPathComplexity="0" sequenceCoverage="100.0" branchCoverage="0" crapScore="0" isConstructor="false" isStatic="false" isGetter="false" isSetter="false">
              <Summary numSequencePoints="8" visitedSequencePoints="8" numBranchPoints="0" visitedBranchPoints="0" sequenceCoverage="100.0" branchCoverage="0" maxCyclomaticComplexity="0" minCyclomaticComplexity="0" maxCrapScore="0" minCrapScore="0" visitedClasses="0" numClasses="0" visitedMethods="1" numMethods="1" />
              <MetadataToken>100663658</MetadataToken>
              <Name>System.Boolean RunToLife_Assignment_Tests/&lt;Lab6_Visual_PlayerJump&gt;d__1::MoveNext()</Name>
              <FileRef uid="181" />
              <SequencePoints>
                <SequencePoint vc="1" uspid="71251" ordinal="0" offset="45" sl="34" sc="5" el="34" ec="5" bec="0" bev="0" fileid="181" />
                <SequencePoint vc="1" uspid="71252" ordinal="0" offset="46" sl="35" sc="9" el="35" ec="9" bec="0" bev="0" fileid="181" />
                <SequencePoint vc="1" uspid="71253" ordinal="0" offset="62" sl="36" sc="9" el="36" ec="9" bec="0" bev="0" fileid="181" />
                <SequencePoint vc="1" uspid="71254" ordinal="0" offset="79" sl="39" sc="9" el="39" ec="9" bec="0" bev="0" fileid="181" />
                <SequencePoint vc="1" uspid="71255" ordinal="0" offset="91" sl="42" sc="9" el="42" ec="9" bec="0" bev="0" fileid="181" />
                <SequencePoint vc="1" uspid="71256" ordinal="0" offset="118" sl="45" sc="9" el="45" ec="9" bec="0" bev="0" fileid="181" />
                <SequencePoint vc="1" uspid="71257" ordinal="0" offset="161" sl="48" sc="9" el="48" ec="9" bec="0" bev="0" fileid="181" />
                <SequencePoint vc="1" uspid="71258" ordinal="0" offset="193" sl="49" sc="5" el="49" ec="5" bec="0" bev="0" fileid="181" />
              </SequencePoints>
              <BranchPoints />
            </Method>
          </Methods>
        </Class>
        <Class>
          <Summary numSequencePoints="8" visitedSequencePoints="8" numBranchPoints="0" visitedBranchPoints="0" sequenceCoverage="100.0" branchCoverage="0.0" maxCyclomaticComplexity="0" minCyclomaticComplexity="0" maxCrapScore="0" minCrapScore="0" visitedClasses="1" numClasses="1" visitedMethods="1" numMethods="1" />
          <FullName>RunToLife_Assignment_Tests/&lt;Lab7_Integration_SaveGameData&gt;d__4</FullName>
          <Methods>
            <Method visited="true" cyclomaticComplexity="0" nPathComplexity="0" sequenceCoverage="100.0" branchCoverage="0" crapScore="0" isConstructor="false" isStatic="false" isGetter="false" isSetter="false">
              <Summary numSequencePoints="8" visitedSequencePoints="8" numBranchPoints="0" visitedBranchPoints="0" sequenceCoverage="100.0" branchCoverage="0" maxCyclomaticComplexity="0" minCyclomaticComplexity="0" maxCrapScore="0" minCrapScore="0" visitedClasses="0" numClasses="0" visitedMethods="1" numMethods="1" />
              <MetadataToken>100663664</MetadataToken>
              <Name>System.Boolean RunToLife_Assignment_Tests/&lt;Lab7_Integration_SaveGameData&gt;d__4::MoveNext()</Name>
              <FileRef uid="181" />
              <SequencePoints>
                <SequencePoint vc="1" uspid="71259" ordinal="0" offset="31" sl="110" sc="5" el="110" ec="5" bec="0" bev="0" fileid="181" />
                <SequencePoint vc="1" uspid="71260" ordinal="0" offset="32" sl="112" sc="9" el="112" ec="9" bec="0" bev="0" fileid="181" />
                <SequencePoint vc="1" uspid="71261" ordinal="0" offset="49" sl="115" sc="9" el="115" ec="9" bec="0" bev="0" fileid="181" />
                <SequencePoint vc="1" uspid="71262" ordinal="0" offset="61" sl="118" sc="9" el="118" ec="9" bec="0" bev="0" fileid="181" />
                <SequencePoint vc="1" uspid="71263" ordinal="0" offset="72" sl="121" sc="9" el="121" ec="9" bec="0" bev="0" fileid="181" />
                <SequencePoint vc="1" uspid="71264" ordinal="0" offset="88" sl="124" sc="9" el="124" ec="9" bec="0" bev="0" fileid="181" />
                <SequencePoint vc="1" uspid="71265" ordinal="0" offset="129" sl="126" sc="9" el="126" ec="9" bec="0" bev="0" fileid="181" />
                <SequencePoint vc="1" uspid="71266" ordinal="0" offset="152" sl="127" sc="5" el="127" ec="5" bec="0" bev="0" fileid="181" />
              </SequencePoints>
              <BranchPoints />
            </Method>
          </Methods>
        </Class>
        <Class>
          <Summary numSequencePoints="24" visitedSequencePoints="21" numBranchPoints="0" visitedBranchPoints="0" sequenceCoverage="87.50" branchCoverage="0.0" maxCyclomaticComplexity="0" minCyclomaticComplexity="0" maxCrapScore="0" minCrapScore="0" visitedClasses="1" numClasses="1" visitedMethods="1" numMethods="1" />
          <FullName>RunToLife_Assignment_Tests/&lt;Lab7_Integration_UpdateUI_InGame&gt;d__3</FullName>
          <Methods>
            <Method visited="true" cyclomaticComplexity="0" nPathComplexity="0" sequenceCoverage="87.50" branchCoverage="0" crapScore="0" isConstructor="false" isStatic="false" isGetter="false" isSetter="false">
              <Summary numSequencePoints="24" visitedSequencePoints="21" numBranchPoints="0" visitedBranchPoints="0" sequenceCoverage="87.50" branchCoverage="0" maxCyclomaticComplexity="0" minCyclomaticComplexity="0" maxCrapScore="0" minCrapScore="0" visitedClasses="0" numClasses="0" visitedMethods="1" numMethods="1" />
              <MetadataToken>100663670</MetadataToken>
              <Name>System.Boolean RunToLife_Assignment_Tests/&lt;Lab7_Integration_UpdateUI_InGame&gt;d__3::MoveNext()</Name>
              <FileRef uid="181" />
              <SequencePoints>
                <SequencePoint vc="1" uspid="71267" ordinal="0" offset="31" sl="73" sc="5" el="73" ec="5" bec="0" bev="0" fileid="181" />
                <SequencePoint vc="1" uspid="71268" ordinal="0" offset="32" sl="75" sc="9" el="75" ec="9" bec="0" bev="0" fileid="181" />
                <SequencePoint vc="1" uspid="71269" ordinal="0" offset="44" sl="77" sc="9" el="77" ec="9" bec="0" bev="0" fileid="181" />
                <SequencePoint vc="1" uspid="71270" ordinal="0" offset="63" sl="78" sc="9" el="78" ec="9" bec="0" bev="0" fileid="181" />
                <SequencePoint vc="1" uspid="71271" ordinal="0" offset="64" sl="80" sc="13" el="80" ec="13" bec="0" bev="0" fileid="181" />
                <SequencePoint vc="1" uspid="71272" ordinal="0" offset="79" sl="83" sc="13" el="83" ec="13" bec="0" bev="0" fileid="181" />
                <SequencePoint vc="1" uspid="71273" ordinal="0" offset="111" sl="86" sc="13" el="86" ec="13" bec="0" bev="0" fileid="181" />
                <SequencePoint vc="1" uspid="71274" ordinal="0" offset="129" sl="87" sc="13" el="87" ec="13" bec="0" bev="0" fileid="181" />
                <SequencePoint vc="1" uspid="71275" ordinal="0" offset="136" sl="89" sc="13" el="89" ec="13" bec="0" bev="0" fileid="181" />
                <SequencePoint vc="1" uspid="71276" ordinal="0" offset="137" sl="89" sc="33" el="89" ec="33" bec="0" bev="0" fileid="181" />
                <SequencePoint vc="2" uspid="71277" ordinal="0" offset="158" sl="89" sc="22" el="89" ec="22" bec="0" bev="0" fileid="181" />
                <SequencePoint vc="2" uspid="71278" ordinal="0" offset="177" sl="90" sc="13" el="90" ec="13" bec="0" bev="0" fileid="181" />
                <SequencePoint vc="2" uspid="71279" ordinal="0" offset="178" sl="91" sc="17" el="91" ec="17" bec="0" bev="0" fileid="181" />
                <SequencePoint vc="1" uspid="71280" ordinal="0" offset="203" sl="92" sc="17" el="92" ec="17" bec="0" bev="0" fileid="181" />
                <SequencePoint vc="1" uspid="71281" ordinal="0" offset="204" sl="93" sc="21" el="93" ec="21" bec="0" bev="0" fileid="181" />
                <SequencePoint vc="1" uspid="71282" ordinal="0" offset="211" sl="94" sc="21" el="94" ec="21" bec="0" bev="0" fileid="181" />
                <SequencePoint vc="1" uspid="71283" ordinal="0" offset="213" sl="96" sc="13" el="96" ec="13" bec="0" bev="0" fileid="181" />
                <SequencePoint vc="2" uspid="71284" ordinal="0" offset="235" sl="89" sc="30" el="89" ec="30" bec="0" bev="0" fileid="181" />
                <SequencePoint vc="1" uspid="71285" ordinal="0" offset="258" sl="99" sc="13" el="99" ec="13" bec="0" bev="0" fileid="181" />
                <SequencePoint vc="1" uspid="71286" ordinal="0" offset="285" sl="100" sc="9" el="100" ec="9" bec="0" bev="0" fileid="181" />
                <SequencePoint vc="0" uspid="71287" ordinal="0" offset="295" sl="102" sc="9" el="102" ec="9" bec="0" bev="0" fileid="181" />
                <SequencePoint vc="0" uspid="71288" ordinal="0" offset="296" sl="104" sc="13" el="104" ec="13" bec="0" bev="0" fileid="181" />
                <SequencePoint vc="0" uspid="71289" ordinal="0" offset="302" sl="105" sc="9" el="105" ec="9" bec="0" bev="0" fileid="181" />
                <SequencePoint vc="1" uspid="71290" ordinal="0" offset="303" sl="106" sc="5" el="106" ec="5" bec="0" bev="0" fileid="181" />
              </SequencePoints>
              <BranchPoints />
            </Method>
          </Methods>
        </Class>
        <Class>
          <Summary numSequencePoints="6" visitedSequencePoints="6" numBranchPoints="0" visitedBranchPoints="0" sequenceCoverage="100.0" branchCoverage="0.0" maxCyclomaticComplexity="0" minCyclomaticComplexity="0" maxCrapScore="0" minCrapScore="0" visitedClasses="1" numClasses="1" visitedMethods="1" numMethods="1" />
          <FullName>RunToLife_Assignment_Tests/&lt;Lab8_Parallel_DistanceTracking&gt;d__5</FullName>
          <Methods>
            <Method visited="true" cyclomaticComplexity="0" nPathComplexity="0" sequenceCoverage="100.0" branchCoverage="0" crapScore="0" isConstructor="false" isStatic="false" isGetter="false" isSetter="false">
              <Summary numSequencePoints="6" visitedSequencePoints="6" numBranchPoints="0" visitedBranchPoints="0" sequenceCoverage="100.0" branchCoverage="0" maxCyclomaticComplexity="0" minCyclomaticComplexity="0" maxCrapScore="0" minCrapScore="0" visitedClasses="0" numClasses="0" visitedMethods="1" numMethods="1" />
              <MetadataToken>100663676</MetadataToken>
              <Name>System.Boolean RunToLife_Assignment_Tests/&lt;Lab8_Parallel_DistanceTracking&gt;d__5::MoveNext()</Name>
              <FileRef uid="181" />
              <SequencePoints>
                <SequencePoint vc="1" uspid="71291" ordinal="0" offset="31" sl="137" sc="5" el="137" ec="5" bec="0" bev="0" fileid="181" />
                <SequencePoint vc="1" uspid="71292" ordinal="0" offset="32" sl="138" sc="9" el="138" ec="9" bec="0" bev="0" fileid="181" />
                <SequencePoint vc="1" uspid="71293" ordinal="0" offset="63" sl="141" sc="9" el="141" ec="9" bec="0" bev="0" fileid="181" />
                <SequencePoint vc="1" uspid="71294" ordinal="0" offset="95" sl="143" sc="9" el="143" ec="9" bec="0" bev="0" fileid="181" />
                <SequencePoint vc="1" uspid="71295" ordinal="0" offset="126" sl="146" sc="9" el="146" ec="9" bec="0" bev="0" fileid="181" />
                <SequencePoint vc="1" uspid="71296" ordinal="0" offset="164" sl="147" sc="5" el="147" ec="5" bec="0" bev="0" fileid="181" />
              </SequencePoints>
              <BranchPoints />
            </Method>
          </Methods>
        </Class>
        <Class>
          <Summary numSequencePoints="9" visitedSequencePoints="9" numBranchPoints="0" visitedBranchPoints="0" sequenceCoverage="100.0" branchCoverage="0.0" maxCyclomaticComplexity="0" minCyclomaticComplexity="0" maxCrapScore="0" minCrapScore="0" visitedClasses="1" numClasses="1" visitedMethods="1" numMethods="1" />
          <FullName>RunToLife_Assignment_Tests/&lt;Setup&gt;d__0</FullName>
          <Methods>
            <Method visited="true" cyclomaticComplexity="0" nPathComplexity="0" sequenceCoverage="100.0" branchCoverage="0" crapScore="0" isConstructor="false" isStatic="false" isGetter="false" isSetter="false">
              <Summary numSequencePoints="9" visitedSequencePoints="9" numBranchPoints="0" visitedBranchPoints="0" sequenceCoverage="100.0" branchCoverage="0" maxCyclomaticComplexity="0" minCyclomaticComplexity="0" maxCrapScore="0" minCrapScore="0" visitedClasses="0" numClasses="0" visitedMethods="1" numMethods="1" />
              <MetadataToken>100663682</MetadataToken>
              <Name>System.Boolean RunToLife_Assignment_Tests/&lt;Setup&gt;d__0::MoveNext()</Name>
              <FileRef uid="181" />
              <SequencePoints>
                <SequencePoint vc="5" uspid="71297" ordinal="0" offset="42" sl="15" sc="5" el="15" ec="5" bec="0" bev="0" fileid="181" />
                <SequencePoint vc="5" uspid="71298" ordinal="0" offset="43" sl="17" sc="9" el="17" ec="9" bec="0" bev="0" fileid="181" />
                <SequencePoint vc="5" uspid="71299" ordinal="0" offset="71" sl="20" sc="9" el="20" ec="9" bec="0" bev="0" fileid="181" />
                <SequencePoint vc="5" uspid="71300" ordinal="0" offset="82" sl="21" sc="9" el="21" ec="9" bec="0" bev="0" fileid="181" />
                <SequencePoint vc="5" uspid="71301" ordinal="0" offset="97" sl="22" sc="9" el="22" ec="9" bec="0" bev="0" fileid="181" />
                <SequencePoint vc="5" uspid="71302" ordinal="0" offset="98" sl="23" sc="13" el="23" ec="13" bec="0" bev="0" fileid="181" />
                <SequencePoint vc="5" uspid="71303" ordinal="0" offset="109" sl="24" sc="9" el="24" ec="9" bec="0" bev="0" fileid="181" />
                <SequencePoint vc="5" uspid="71304" ordinal="0" offset="110" sl="25" sc="9" el="25" ec="9" bec="0" bev="0" fileid="181" />
                <SequencePoint vc="5" uspid="71305" ordinal="0" offset="133" sl="26" sc="5" el="26" ec="5" bec="0" bev="0" fileid="181" />
              </SequencePoints>
              <BranchPoints />
            </Method>
          </Methods>
        </Class>
      </Classes>
    </Module>
  </Modules>
</CoverageSession>